

## Overview

                    │       Analyzed Image         
────────────────────┼──────────────────────────────
  Target            │                              
    digest          │  5b933f9fdaef                
    platform        │ linux/arm64                  
    vulnerabilities │   14C    37H    46M    87L   
    size            │ 3.1 GB                       
    packages        │ 3102                         


## Packages and Vulnerabilities

   2C     6H    11M     0L  stdlib 1.20.12
pkg:golang/stdlib@1.20.12

    ✗ CRITICAL CVE-2024-24790
      https://scout.docker.com/v/CVE-2024-24790?s=golang&n=stdlib&t=golang&vr=%3C1.21.11
      Affected range : <1.21.11  
      Fixed version  : 1.21.11   
    
    ✗ CRITICAL CVE-2025-22871
      https://scout.docker.com/v/CVE-2025-22871?s=golang&n=stdlib&t=golang&vr=%3C1.23.8
      Affected range : <1.23.8  
      Fixed version  : 1.23.8   
    
    ✗ HIGH CVE-2024-34158
      https://scout.docker.com/v/CVE-2024-34158?s=golang&n=stdlib&t=golang&vr=%3C1.22.7
      Affected range : <1.22.7  
      Fixed version  : 1.22.7   
    
    ✗ HIGH CVE-2024-34156
      https://scout.docker.com/v/CVE-2024-34156?s=golang&n=stdlib&t=golang&vr=%3C1.22.7
      Affected range : <1.22.7  
      Fixed version  : 1.22.7   
    
    ✗ HIGH CVE-2024-24791
      https://scout.docker.com/v/CVE-2024-24791?s=golang&n=stdlib&t=golang&vr=%3C1.21.12
      Affected range : <1.21.12  
      Fixed version  : 1.21.12   
    
    ✗ HIGH CVE-2024-24784
      https://scout.docker.com/v/CVE-2024-24784?s=golang&n=stdlib&t=golang&vr=%3C1.21.8
      Affected range : <1.21.8  
      Fixed version  : 1.21.8   
    
    ✗ HIGH CVE-2023-45288
      https://scout.docker.com/v/CVE-2023-45288?s=golang&n=stdlib&t=golang&vr=%3C1.21.9
      Affected range : <1.21.9  
      Fixed version  : 1.21.9   
    
    ✗ HIGH CVE-2022-30635
      https://scout.docker.com/v/CVE-2022-30635?s=golang&n=stdlib&t=golang&vr=%3C1.22.7
      Affected range : <1.22.7  
      Fixed version  : 1.22.7   
    
    ✗ MEDIUM CVE-2025-4673
      https://scout.docker.com/v/CVE-2025-4673?s=golang&n=stdlib&t=golang&vr=%3C1.23.10
      Affected range : <1.23.10  
      Fixed version  : 1.23.10   
    
    ✗ MEDIUM CVE-2023-45290
      https://scout.docker.com/v/CVE-2023-45290?s=golang&n=stdlib&t=golang&vr=%3C1.21.8
      Affected range : <1.21.8  
      Fixed version  : 1.21.8   
    
    ✗ MEDIUM CVE-2024-45341
      https://scout.docker.com/v/CVE-2024-45341?s=golang&n=stdlib&t=golang&vr=%3C1.22.11
      Affected range : <1.22.11  
      Fixed version  : 1.22.11   
    
    ✗ MEDIUM CVE-2024-45336
      https://scout.docker.com/v/CVE-2024-45336?s=golang&n=stdlib&t=golang&vr=%3C1.22.11
      Affected range : <1.22.11  
      Fixed version  : 1.22.11   
    
    ✗ MEDIUM CVE-2024-24783
      https://scout.docker.com/v/CVE-2024-24783?s=golang&n=stdlib&t=golang&vr=%3C1.21.8
      Affected range : <1.21.8  
      Fixed version  : 1.21.8   
    
    ✗ MEDIUM CVE-2025-0913
      https://scout.docker.com/v/CVE-2025-0913?s=golang&n=stdlib&t=golang&vr=%3C1.23.10
      Affected range : <1.23.10  
      Fixed version  : 1.23.10   
    
    ✗ MEDIUM CVE-2024-24789
      https://scout.docker.com/v/CVE-2024-24789?s=golang&n=stdlib&t=golang&vr=%3C1.21.11
      Affected range : <1.21.11  
      Fixed version  : 1.21.11   
    
    ✗ MEDIUM CVE-2024-24785
      https://scout.docker.com/v/CVE-2024-24785?s=golang&n=stdlib&t=golang&vr=%3C1.21.8
      Affected range : <1.21.8  
      Fixed version  : 1.21.8   
    
    ✗ MEDIUM CVE-2024-34155
      https://scout.docker.com/v/CVE-2024-34155?s=golang&n=stdlib&t=golang&vr=%3C1.22.7
      Affected range : <1.22.7  
      Fixed version  : 1.22.7   
    
    ✗ MEDIUM CVE-2023-45289
      https://scout.docker.com/v/CVE-2023-45289?s=golang&n=stdlib&t=golang&vr=%3C1.21.8
      Affected range : <1.21.8  
      Fixed version  : 1.21.8   
    
    ✗ MEDIUM CVE-2025-22866
      https://scout.docker.com/v/CVE-2025-22866?s=golang&n=stdlib&t=golang&vr=%3C1.22.12
      Affected range : <1.22.12  
      Fixed version  : 1.22.12   
    

   2C     0H     0M     0L  pbkdf2 3.1.1
pkg:npm/pbkdf2@3.1.1

    ✗ CRITICAL CVE-2025-6547 [Improper Input Validation]
      https://scout.docker.com/v/CVE-2025-6547?s=github&n=pbkdf2&t=npm&vr=%3C%3D3.1.2
      Affected range : <=3.1.2                                                          
      Fixed version  : 3.1.3                                                            
      CVSS Score     : 9.1                                                              
      CVSS Vector    : CVSS:4.0/AV:N/AC:H/AT:P/PR:N/UI:N/VC:N/VI:H/VA:N/SC:H/SI:H/SA:H  
    
    ✗ CRITICAL CVE-2025-6545 [Improper Input Validation]
      https://scout.docker.com/v/CVE-2025-6545?s=github&n=pbkdf2&t=npm&vr=%3E%3D3.0.10%2C%3C%3D3.1.2
      Affected range : >=3.0.10                                                         
                     : <=3.1.2                                                          
      Fixed version  : 3.1.3                                                            
      CVSS Score     : 9.1                                                              
      CVSS Vector    : CVSS:4.0/AV:N/AC:L/AT:P/PR:N/UI:N/VC:L/VI:H/VA:N/SC:H/SI:H/SA:H  
    

   1C     0H     2M     0L  stdlib 1.23.7
pkg:golang/stdlib@1.23.7

    ✗ CRITICAL CVE-2025-22871
      https://scout.docker.com/v/CVE-2025-22871?s=golang&n=stdlib&t=golang&vr=%3C1.23.8
      Affected range : <1.23.8  
      Fixed version  : 1.23.8   
    
    ✗ MEDIUM CVE-2025-4673
      https://scout.docker.com/v/CVE-2025-4673?s=golang&n=stdlib&t=golang&vr=%3C1.23.10
      Affected range : <1.23.10  
      Fixed version  : 1.23.10   
    
    ✗ MEDIUM CVE-2025-0913
      https://scout.docker.com/v/CVE-2025-0913?s=golang&n=stdlib&t=golang&vr=%3C1.23.10
      Affected range : <1.23.10  
      Fixed version  : 1.23.10   
    

   1C     0H     1M     0L  minimist 0.0.8
pkg:npm/minimist@0.0.8

    ✗ CRITICAL CVE-2021-44906 [Improperly Controlled Modification of Object Prototype Attributes ('Prototype Pollution')]
      https://scout.docker.com/v/CVE-2021-44906?s=github&n=minimist&t=npm&vr=%3C0.2.4
      Affected range : <0.2.4                                        
      Fixed version  : 0.2.4                                         
      CVSS Score     : 9.8                                           
      CVSS Vector    : CVSS:3.1/AV:N/AC:L/PR:N/UI:N/S:U/C:H/I:H/A:H  
    
    ✗ MEDIUM CVE-2020-7598 [Improperly Controlled Modification of Object Prototype Attributes ('Prototype Pollution')]
      https://scout.docker.com/v/CVE-2020-7598?s=github&n=minimist&t=npm&vr=%3C0.2.1
      Affected range : <0.2.1                                        
      Fixed version  : 0.2.1                                         
      CVSS Score     : 5.6                                           
      CVSS Vector    : CVSS:3.1/AV:N/AC:H/PR:N/UI:N/S:U/C:L/I:L/A:L  
    

   1C     0H     0M     1L  elliptic 6.5.7
pkg:npm/elliptic@6.5.7

    ✗ CRITICAL GHSA-vjh7-7g9h-fjfh [Exposure of Sensitive Information to an Unauthorized Actor]
      https://scout.docker.com/v/GHSA-vjh7-7g9h-fjfh?s=github&n=elliptic&t=npm&vr=%3C%3D6.6.0
      Affected range : <=6.6.0                                                          
      Fixed version  : 6.6.1                                                            
      CVSS Score     : 9.0                                                              
      CVSS Vector    : CVSS:4.0/AV:N/AC:L/AT:P/PR:N/UI:N/VC:H/VI:N/VA:N/SC:H/SI:H/SA:N  
    
    ✗ LOW CVE-2024-48948 [Improper Verification of Cryptographic Signature]
      https://scout.docker.com/v/CVE-2024-48948?s=github&n=elliptic&t=npm&vr=%3C6.6.0
      Affected range : <6.6.0                                                           
      Fixed version  : 6.6.0                                                            
      CVSS Score     : 2.3                                                              
      CVSS Vector    : CVSS:4.0/AV:N/AC:H/AT:P/PR:N/UI:P/VC:N/VI:L/VA:L/SC:N/SI:N/SA:N  
    

   1C     0H     0M     0L  flat 4.1.1
pkg:npm/flat@4.1.1

    ✗ CRITICAL CVE-2020-36632 [Improperly Controlled Modification of Object Prototype Attributes ('Prototype Pollution')]
      https://scout.docker.com/v/CVE-2020-36632?s=github&n=flat&t=npm&vr=%3C5.0.1
      Affected range : <5.0.1                                        
      Fixed version  : 5.0.1                                         
      CVSS Score     : 9.8                                           
      CVSS Vector    : CVSS:3.1/AV:N/AC:L/PR:N/UI:N/S:U/C:H/I:H/A:H  
    

   1C     0H     0M     0L  sha.js 2.4.11
pkg:npm/sha.js@2.4.11

    ✗ CRITICAL CVE-2025-9288 [Improper Input Validation]
      https://scout.docker.com/v/CVE-2025-9288?s=github&n=sha.js&t=npm&vr=%3C%3D2.4.11
      Affected range : <=2.4.11                                                         
      Fixed version  : 2.4.12                                                           
      CVSS Score     : 9.1                                                              
      CVSS Vector    : CVSS:4.0/AV:N/AC:H/AT:P/PR:N/UI:N/VC:N/VI:H/VA:H/SC:H/SI:H/SA:N  
    

   1C     0H     0M     0L  form-data 2.5.1
pkg:npm/form-data@2.5.1

    ✗ CRITICAL CVE-2025-7783 [Use of Insufficiently Random Values]
      https://scout.docker.com/v/CVE-2025-7783?s=github&n=form-data&t=npm&vr=%3C2.5.4
      Affected range : <2.5.4                                                           
      Fixed version  : 2.5.4                                                            
      CVSS Score     : 9.4                                                              
      CVSS Vector    : CVSS:4.0/AV:N/AC:H/AT:N/PR:N/UI:N/VC:H/VI:H/VA:N/SC:H/SI:H/SA:N  
    

   1C     0H     0M     0L  execa 0.10.0
pkg:npm/execa@0.10.0

    ✗ CRITICAL GMS-2020-2 [OWASP Top Ten 2017 Category A9 - Using Components with Known Vulnerabilities]
      https://scout.docker.com/v/GMS-2020-2?s=gitlab&n=execa&t=npm&vr=%3C2.0.0
      Affected range : <2.0.0                                        
      Fixed version  : 2.0.0                                         
      CVSS Score     : 9.8                                           
      CVSS Vector    : CVSS:3.0/AV:N/AC:L/PR:N/UI:N/S:U/C:H/I:H/A:H  
    

   1C     0H     0M     0L  execa 0.2.2
pkg:npm/execa@0.2.2

    ✗ CRITICAL GMS-2020-2 [OWASP Top Ten 2017 Category A9 - Using Components with Known Vulnerabilities]
      https://scout.docker.com/v/GMS-2020-2?s=gitlab&n=execa&t=npm&vr=%3C2.0.0
      Affected range : <2.0.0                                        
      Fixed version  : 2.0.0                                         
      CVSS Score     : 9.8                                           
      CVSS Vector    : CVSS:3.0/AV:N/AC:L/PR:N/UI:N/S:U/C:H/I:H/A:H  
    

   1C     0H     0M     0L  cipher-base 1.0.4
pkg:npm/cipher-base@1.0.4

    ✗ CRITICAL CVE-2025-9287 [Improper Input Validation]
      https://scout.docker.com/v/CVE-2025-9287?s=github&n=cipher-base&t=npm&vr=%3C%3D1.0.4
      Affected range : <=1.0.4                                                          
      Fixed version  : 1.0.5                                                            
      CVSS Score     : 9.1                                                              
      CVSS Vector    : CVSS:4.0/AV:N/AC:H/AT:P/PR:N/UI:N/VC:N/VI:H/VA:H/SC:H/SI:H/SA:N  
    

   1C     0H     0M     0L  execa 1.0.0
pkg:npm/execa@1.0.0

    ✗ CRITICAL GMS-2020-2 [OWASP Top Ten 2017 Category A9 - Using Components with Known Vulnerabilities]
      https://scout.docker.com/v/GMS-2020-2?s=gitlab&n=execa&t=npm&vr=%3C2.0.0
      Affected range : <2.0.0                                        
      Fixed version  : 2.0.0                                         
      CVSS Score     : 9.8                                           
      CVSS Vector    : CVSS:3.0/AV:N/AC:L/PR:N/UI:N/S:U/C:H/I:H/A:H  
    

   0C     2H     3M     1L  node 22.11.0
pkg:generic/node@22.11.0

    ✗ HIGH CVE-2025-23083
      https://scout.docker.com/v/CVE-2025-23083?s=docker&n=node&t=generic&vr=%3E%3D22.0.0%2C%3C22.13.1
      Affected range : >=22.0.0  
                     : <22.13.1  
      Fixed version  : 22.13.1   
    
    ✗ HIGH CVE-2025-23166
      https://scout.docker.com/v/CVE-2025-23166?s=docker&n=node&t=generic&vr=%3E%3D22.0.0%2C%3C22.15.1
      Affected range : >=22.0.0  
                     : <22.15.1  
      Fixed version  : 22.15.1   
    
    ✗ MEDIUM CVE-2025-22150
      https://scout.docker.com/v/CVE-2025-22150?s=docker&n=node&t=generic&vr=%3E%3D22.0.0%2C%3C22.13.1
      Affected range : >=22.0.0  
                     : <22.13.1  
      Fixed version  : 22.13.1   
    
    ✗ MEDIUM CVE-2025-23084
      https://scout.docker.com/v/CVE-2025-23084?s=docker&n=node&t=generic&vr=%3E%3D22.0.0%2C%3C22.13.1
      Affected range : >=22.0.0  
                     : <22.13.1  
      Fixed version  : 22.13.1   
    
    ✗ MEDIUM CVE-2025-23085
      https://scout.docker.com/v/CVE-2025-23085?s=docker&n=node&t=generic&vr=%3E%3D22.0.0%2C%3C22.13.1
      Affected range : >=22.0.0  
                     : <22.13.1  
      Fixed version  : 22.13.1   
    
    ✗ LOW CVE-2025-23165
      https://scout.docker.com/v/CVE-2025-23165?s=docker&n=node&t=generic&vr=%3E%3D22.0.0%2C%3C22.15.1
      Affected range : >=22.0.0  
                     : <22.15.1  
      Fixed version  : 22.15.1   
    

   0C     2H     0M     0L  tar-fs 2.1.1
pkg:npm/tar-fs@2.1.1

    ✗ HIGH CVE-2025-48387 [Improper Limitation of a Pathname to a Restricted Directory ('Path Traversal')]
      https://scout.docker.com/v/CVE-2025-48387?s=github&n=tar-fs&t=npm&vr=%3E%3D2.0.0%2C%3C2.1.3
      Affected range : >=2.0.0                                                          
                     : <2.1.3                                                           
      Fixed version  : 2.1.3                                                            
      CVSS Score     : 8.7                                                              
      CVSS Vector    : CVSS:4.0/AV:N/AC:L/AT:N/PR:N/UI:N/VC:N/VI:H/VA:N/SC:N/SI:N/SA:N  
    
    ✗ HIGH CVE-2024-12905 [Improper Limitation of a Pathname to a Restricted Directory ('Path Traversal')]
      https://scout.docker.com/v/CVE-2024-12905?s=github&n=tar-fs&t=npm&vr=%3E%3D2.0.0%2C%3C2.1.2
      Affected range : >=2.0.0                                       
                     : <2.1.2                                        
      Fixed version  : 2.1.2                                         
      CVSS Score     : 7.5                                           
      CVSS Vector    : CVSS:3.1/AV:N/AC:L/PR:N/UI:N/S:U/C:N/I:H/A:N  
    

   0C     1H     2M     0L  http-proxy-middleware 2.0.6
pkg:npm/http-proxy-middleware@2.0.6

    ✗ HIGH CVE-2024-21536 [Uncontrolled Resource Consumption]
      https://scout.docker.com/v/CVE-2024-21536?s=github&n=http-proxy-middleware&t=npm&vr=%3C2.0.7
      Affected range : <2.0.7                                        
      Fixed version  : 2.0.7                                         
      CVSS Score     : 7.5                                           
      CVSS Vector    : CVSS:3.1/AV:N/AC:L/PR:N/UI:N/S:U/C:N/I:N/A:H  
    
    ✗ MEDIUM CVE-2025-32997 [Improper Check for Unusual or Exceptional Conditions]
      https://scout.docker.com/v/CVE-2025-32997?s=github&n=http-proxy-middleware&t=npm&vr=%3E%3D1.3.0%2C%3C2.0.9
      Affected range : >=1.3.0                                       
                     : <2.0.9                                        
      Fixed version  : 2.0.9                                         
      CVSS Score     : 4.0                                           
      CVSS Vector    : CVSS:3.1/AV:N/AC:H/PR:N/UI:N/S:C/C:N/I:L/A:N  
    
    ✗ MEDIUM CVE-2025-32996 [Always-Incorrect Control Flow Implementation]
      https://scout.docker.com/v/CVE-2025-32996?s=github&n=http-proxy-middleware&t=npm&vr=%3E%3D1.3.0%2C%3C2.0.8
      Affected range : >=1.3.0                                       
                     : <2.0.8                                        
      Fixed version  : 2.0.8                                         
      CVSS Score     : 4.0                                           
      CVSS Vector    : CVSS:3.1/AV:N/AC:H/PR:N/UI:N/S:C/C:N/I:N/A:L  
    

   0C     1H     1M     0L  ws 7.4.5
pkg:npm/ws@7.4.5

    ✗ HIGH CVE-2024-37890 [NULL Pointer Dereference]
      https://scout.docker.com/v/CVE-2024-37890?s=github&n=ws&t=npm&vr=%3E%3D7.0.0%2C%3C7.5.10
      Affected range : >=7.0.0                                                          
                     : <7.5.10                                                          
      Fixed version  : 7.5.10                                                           
      CVSS Score     : 8.7                                                              
      CVSS Vector    : CVSS:4.0/AV:N/AC:L/AT:N/PR:N/UI:N/VC:N/VI:N/VA:H/SC:N/SI:N/SA:N  
    
    ✗ MEDIUM CVE-2021-32640 [Insufficient Verification of Data Authenticity]
      https://scout.docker.com/v/CVE-2021-32640?s=github&n=ws&t=npm&vr=%3E%3D7.0.0%2C%3C7.4.6
      Affected range : >=7.0.0                                       
                     : <7.4.6                                        
      Fixed version  : 7.4.6                                         
      CVSS Score     : 5.3                                           
      CVSS Vector    : CVSS:3.1/AV:N/AC:L/PR:N/UI:N/S:U/C:N/I:N/A:L  
    

   0C     1H     1M     0L  engine.io 5.0.0
pkg:npm/engine.io@5.0.0

    ✗ HIGH CVE-2022-21676 [Improper Check for Unusual or Exceptional Conditions]
      https://scout.docker.com/v/CVE-2022-21676?s=github&n=engine.io&t=npm&vr=%3E%3D5.0.0%2C%3C5.2.1
      Affected range : >=5.0.0                                       
                     : <5.2.1                                        
      Fixed version  : 5.2.1                                         
      CVSS Score     : 7.5                                           
      CVSS Vector    : CVSS:3.1/AV:N/AC:L/PR:N/UI:N/S:U/C:N/I:N/A:H  
    
    ✗ MEDIUM CVE-2022-41940 [Uncaught Exception]
      https://scout.docker.com/v/CVE-2022-41940?s=github&n=engine.io&t=npm&vr=%3E%3D4.0.0%2C%3C6.2.1
      Affected range : >=4.0.0                                       
                     : <6.2.1                                        
      Fixed version  : 6.2.1                                         
      CVSS Score     : 6.5                                           
      CVSS Vector    : CVSS:3.1/AV:N/AC:L/PR:L/UI:N/S:U/C:N/I:N/A:H  
    

   0C     1H     1M     0L  socket.io 4.0.1
pkg:npm/socket.io@4.0.1

    ✗ HIGH GHSA-25hc-qcg6-38wj [OWASP Top Ten 2017 Category A9 - Using Components with Known Vulnerabilities]
      https://scout.docker.com/v/GHSA-25hc-qcg6-38wj?s=gitlab&n=socket.io&t=npm&vr=%3E%3D3.0.0%2C%3C4.6.2
      Affected range : >=3.0.0                                       
                     : <4.6.2                                        
      Fixed version  : 2.5.1, 4.6.2                                  
      CVSS Score     : 7.3                                           
      CVSS Vector    : CVSS:3.1/AV:N/AC:L/PR:N/UI:N/S:U/C:L/I:L/A:L  
    
    ✗ MEDIUM CVE-2024-38355 [Improper Input Validation]
      https://scout.docker.com/v/CVE-2024-38355?s=github&n=socket.io&t=npm&vr=%3E%3D3.0.0%2C%3C4.6.2
      Affected range : >=3.0.0                                                          
                     : <4.6.2                                                           
      Fixed version  : 4.6.2                                                            
      CVSS Score     : 6.9                                                              
      CVSS Vector    : CVSS:4.0/AV:N/AC:L/AT:N/PR:N/UI:N/VC:L/VI:L/VA:L/SC:N/SI:N/SA:N  
    

   0C     1H     0M     0L  terser 4.8.0
pkg:npm/terser@4.8.0

    ✗ HIGH CVE-2022-25858 [Inefficient Regular Expression Complexity]
      https://scout.docker.com/v/CVE-2022-25858?s=github&n=terser&t=npm&vr=%3C4.8.1
      Affected range : <4.8.1                                        
      Fixed version  : 4.8.1                                         
      CVSS Score     : 7.5                                           
      CVSS Vector    : CVSS:3.1/AV:N/AC:L/PR:N/UI:N/S:U/C:N/I:N/A:H  
    

   0C     1H     0M     0L  glob-parent 3.1.0
pkg:npm/glob-parent@3.1.0

    ✗ HIGH CVE-2020-28469 [OWASP Top Ten 2017 Category A9 - Using Components with Known Vulnerabilities]
      https://scout.docker.com/v/CVE-2020-28469?s=gitlab&n=glob-parent&t=npm&vr=%3C5.1.2
      Affected range : <5.1.2                                        
      Fixed version  : 5.1.2                                         
      CVSS Score     : 7.5                                           
      CVSS Vector    : CVSS:3.1/AV:N/AC:L/PR:N/UI:N/S:U/C:N/I:N/A:H  
    

   0C     1H     0M     0L  image-size 1.1.1
pkg:npm/image-size@1.1.1

    ✗ HIGH GHSA-m5qc-5hw7-8vg7 [Allocation of Resources Without Limits or Throttling]
      https://scout.docker.com/v/GHSA-m5qc-5hw7-8vg7?s=github&n=image-size&t=npm&vr=%3E%3D1.1.0%2C%3C1.2.1
      Affected range : >=1.1.0                                       
                     : <1.2.1                                        
      Fixed version  : 1.2.1                                         
      CVSS Score     : 7.5                                           
      CVSS Vector    : CVSS:3.1/AV:N/AC:L/PR:N/UI:N/S:U/C:N/I:N/A:H  
    

   0C     1H     0M     0L  path-to-regexp 0.1.10
pkg:npm/path-to-regexp@0.1.10

    ✗ HIGH CVE-2024-52798 [Inefficient Regular Expression Complexity]
      https://scout.docker.com/v/CVE-2024-52798?s=github&n=path-to-regexp&t=npm&vr=%3C0.1.12
      Affected range : <0.1.12                                                              
      Fixed version  : 0.1.12                                                               
      CVSS Score     : 7.7                                                                  
      CVSS Vector    : CVSS:4.0/AV:N/AC:L/AT:N/PR:N/UI:N/VC:N/VI:N/VA:H/SC:N/SI:N/SA:N/E:P  
    

   0C     1H     0M     0L  semver 7.3.5
pkg:npm/semver@7.3.5

    ✗ HIGH CVE-2022-25883 [Inefficient Regular Expression Complexity]
      https://scout.docker.com/v/CVE-2022-25883?s=github&n=semver&t=npm&vr=%3E%3D7.0.0%2C%3C7.5.2
      Affected range : >=7.0.0                                       
                     : <7.5.2                                        
      Fixed version  : 7.5.2                                         
      CVSS Score     : 7.5                                           
      CVSS Vector    : CVSS:3.1/AV:N/AC:L/PR:N/UI:N/S:U/C:N/I:N/A:H  
    

   0C     1H     0M     0L  squirrelly 7.9.2
pkg:npm/squirrelly@7.9.2

    ✗ HIGH CVE-2021-32819 [Exposure of Sensitive Information to an Unauthorized Actor]
      https://scout.docker.com/v/CVE-2021-32819?s=github&n=squirrelly&t=npm&vr=%3C%3D8.0.8
      Affected range : <=8.0.8                                       
      Fixed version  : 9.0.0                                         
      CVSS Score     : 8.0                                           
      CVSS Vector    : CVSS:3.1/AV:N/AC:H/PR:N/UI:R/S:C/C:H/I:H/A:N  
    

   0C     1H     0M     0L  braces 2.3.2
pkg:npm/braces@2.3.2

    ✗ HIGH CVE-2024-4068 [Excessive Platform Resource Consumption within a Loop]
      https://scout.docker.com/v/CVE-2024-4068?s=github&n=braces&t=npm&vr=%3C3.0.3
      Affected range : <3.0.3                                        
      Fixed version  : 3.0.3                                         
      CVSS Score     : 7.5                                           
      CVSS Vector    : CVSS:3.1/AV:N/AC:L/PR:N/UI:N/S:U/C:N/I:N/A:H  
    

   0C     1H     0M     0L  ws 8.11.0
pkg:npm/ws@8.11.0

    ✗ HIGH CVE-2024-37890 [NULL Pointer Dereference]
      https://scout.docker.com/v/CVE-2024-37890?s=github&n=ws&t=npm&vr=%3E%3D8.0.0%2C%3C8.17.1
      Affected range : >=8.0.0                                                          
                     : <8.17.1                                                          
      Fixed version  : 8.17.1                                                           
      CVSS Score     : 8.7                                                              
      CVSS Vector    : CVSS:4.0/AV:N/AC:L/AT:N/PR:N/UI:N/VC:N/VI:N/VA:H/SC:N/SI:N/SA:N  
    

   0C     1H     0M     0L  ecdsa 0.19.1
pkg:pypi/ecdsa@0.19.1

    ✗ HIGH CVE-2024-23342 [Observable Discrepancy]
      https://scout.docker.com/v/CVE-2024-23342?s=github&n=ecdsa&t=pypi&vr=%3E%3D0
      Affected range : >=0                                           
      Fixed version  : not fixed                                     
      CVSS Score     : 7.4                                           
      CVSS Vector    : CVSS:3.1/AV:N/AC:H/PR:N/UI:N/S:U/C:H/I:H/A:N  
    

   0C     1H     0M     0L  simple-get 3.1.0
pkg:npm/simple-get@3.1.0

    ✗ HIGH CVE-2022-0355 [Exposure of Sensitive Information to an Unauthorized Actor]
      https://scout.docker.com/v/CVE-2022-0355?s=github&n=simple-get&t=npm&vr=%3E%3D3.0.0%2C%3C3.1.1
      Affected range : >=3.0.0                                       
                     : <3.1.1                                        
      Fixed version  : 3.1.1                                         
      CVSS Score     : 7.5                                           
      CVSS Vector    : CVSS:3.1/AV:N/AC:L/PR:N/UI:N/S:U/C:H/I:N/A:N  
    

   0C     1H     0M     0L  async 0.2.10
pkg:npm/async@0.2.10

    ✗ HIGH CVE-2021-43138 [OWASP Top Ten 2017 Category A9 - Using Components with Known Vulnerabilities]
      https://scout.docker.com/v/CVE-2021-43138?s=gitlab&n=async&t=npm&vr=%3C2.6.4
      Affected range : <2.6.4                                        
      Fixed version  : 2.6.4, 3.2.2                                  
      CVSS Score     : 7.8                                           
      CVSS Vector    : CVSS:3.1/AV:L/AC:L/PR:N/UI:R/S:U/C:H/I:H/A:H  
    

   0C     1H     0M     0L  systeminformation 5.21.7
pkg:npm/systeminformation@5.21.7

    ✗ HIGH CVE-2024-56334 [Improper Control of Generation of Code ('Code Injection')]
      https://scout.docker.com/v/CVE-2024-56334?s=github&n=systeminformation&t=npm&vr=%3C%3D5.23.6
      Affected range : <=5.23.6                                      
      Fixed version  : 5.23.7                                        
      CVSS Score     : 7.8                                           
      CVSS Vector    : CVSS:3.1/AV:L/AC:L/PR:N/UI:R/S:U/C:H/I:H/A:H  
    

   0C     1H     0M     0L  http-cache-semantics 3.8.1
pkg:npm/http-cache-semantics@3.8.1

    ✗ HIGH CVE-2022-25881 [Inefficient Regular Expression Complexity]
      https://scout.docker.com/v/CVE-2022-25881?s=github&n=http-cache-semantics&t=npm&vr=%3C4.1.1
      Affected range : <4.1.1                                        
      Fixed version  : 4.1.1                                         
      CVSS Score     : 7.5                                           
      CVSS Vector    : CVSS:3.1/AV:N/AC:L/PR:N/UI:N/S:U/C:N/I:N/A:H  
    

   0C     1H     0M     0L  ansi-regex 3.0.0
pkg:npm/ansi-regex@3.0.0

    ✗ HIGH CVE-2021-3807 [Inefficient Regular Expression Complexity]
      https://scout.docker.com/v/CVE-2021-3807?s=github&n=ansi-regex&t=npm&vr=%3E%3D3.0.0%2C%3C3.0.1
      Affected range : >=3.0.0                                       
                     : <3.0.1                                        
      Fixed version  : 3.0.1                                         
      CVSS Score     : 7.5                                           
      CVSS Vector    : CVSS:3.1/AV:N/AC:L/PR:N/UI:N/S:U/C:N/I:N/A:H  
    

   0C     1H     0M     0L  get-func-name 2.0.0
pkg:npm/get-func-name@2.0.0

    ✗ HIGH CVE-2023-43646 [Inefficient Regular Expression Complexity]
      https://scout.docker.com/v/CVE-2023-43646?s=github&n=get-func-name&t=npm&vr=%3C2.0.1
      Affected range : <2.0.1                                        
      Fixed version  : 2.0.1                                         
      CVSS Score     : 7.5                                           
      CVSS Vector    : CVSS:3.1/AV:N/AC:L/PR:N/UI:N/S:U/C:N/I:N/A:H  
    

   0C     1H     0M     0L  cross-spawn 7.0.3
pkg:npm/cross-spawn@7.0.3

    ✗ HIGH CVE-2024-21538 [Inefficient Regular Expression Complexity]
      https://scout.docker.com/v/CVE-2024-21538?s=github&n=cross-spawn&t=npm&vr=%3E%3D7.0.0%2C%3C7.0.5
      Affected range : >=7.0.0                                                              
                     : <7.0.5                                                               
      Fixed version  : 7.0.5                                                                
      CVSS Score     : 7.7                                                                  
      CVSS Vector    : CVSS:4.0/AV:N/AC:L/AT:N/PR:N/UI:N/VC:N/VI:N/VA:H/SC:N/SI:N/SA:N/E:P  
    

   0C     1H     0M     0L  nth-check 1.0.2
pkg:npm/nth-check@1.0.2

    ✗ HIGH CVE-2021-3803 [Inefficient Regular Expression Complexity]
      https://scout.docker.com/v/CVE-2021-3803?s=github&n=nth-check&t=npm&vr=%3C2.0.1
      Affected range : <2.0.1                                        
      Fixed version  : 2.0.1                                         
      CVSS Score     : 7.5                                           
      CVSS Vector    : CVSS:3.1/AV:N/AC:L/PR:N/UI:N/S:U/C:N/I:N/A:H  
    

   0C     1H     0M     0L  minimatch 3.0.4
pkg:npm/minimatch@3.0.4

    ✗ HIGH CVE-2022-3517 [Inefficient Regular Expression Complexity]
      https://scout.docker.com/v/CVE-2022-3517?s=github&n=minimatch&t=npm&vr=%3C3.0.5
      Affected range : <3.0.5                                        
      Fixed version  : 3.0.5                                         
      CVSS Score     : 7.5                                           
      CVSS Vector    : CVSS:3.1/AV:N/AC:L/PR:N/UI:N/S:U/C:N/I:N/A:H  
    

   0C     1H     0M     0L  ws 7.5.7
pkg:npm/ws@7.5.7

    ✗ HIGH CVE-2024-37890 [NULL Pointer Dereference]
      https://scout.docker.com/v/CVE-2024-37890?s=github&n=ws&t=npm&vr=%3E%3D7.0.0%2C%3C7.5.10
      Affected range : >=7.0.0                                                          
                     : <7.5.10                                                          
      Fixed version  : 7.5.10                                                           
      CVSS Score     : 8.7                                                              
      CVSS Vector    : CVSS:4.0/AV:N/AC:L/AT:N/PR:N/UI:N/VC:N/VI:N/VA:H/SC:N/SI:N/SA:N  
    

   0C     1H     0M     0L  cross-spawn 6.0.5
pkg:npm/cross-spawn@6.0.5

    ✗ HIGH CVE-2024-21538 [Inefficient Regular Expression Complexity]
      https://scout.docker.com/v/CVE-2024-21538?s=github&n=cross-spawn&t=npm&vr=%3C6.0.6
      Affected range : <6.0.6                                                               
      Fixed version  : 6.0.6                                                                
      CVSS Score     : 7.7                                                                  
      CVSS Vector    : CVSS:4.0/AV:N/AC:L/AT:N/PR:N/UI:N/VC:N/VI:N/VA:H/SC:N/SI:N/SA:N/E:P  
    

   0C     1H     0M     0L  ws 8.16.0
pkg:npm/ws@8.16.0

    ✗ HIGH CVE-2024-37890 [NULL Pointer Dereference]
      https://scout.docker.com/v/CVE-2024-37890?s=github&n=ws&t=npm&vr=%3E%3D8.0.0%2C%3C8.17.1
      Affected range : >=8.0.0                                                          
                     : <8.17.1                                                          
      Fixed version  : 8.17.1                                                           
      CVSS Score     : 8.7                                                              
      CVSS Vector    : CVSS:4.0/AV:N/AC:L/AT:N/PR:N/UI:N/VC:N/VI:N/VA:H/SC:N/SI:N/SA:N  
    

   0C     1H     0M     0L  semver 7.3.2
pkg:npm/semver@7.3.2

    ✗ HIGH CVE-2022-25883 [Inefficient Regular Expression Complexity]
      https://scout.docker.com/v/CVE-2022-25883?s=github&n=semver&t=npm&vr=%3E%3D7.0.0%2C%3C7.5.2
      Affected range : >=7.0.0                                       
                     : <7.5.2                                        
      Fixed version  : 7.5.2                                         
      CVSS Score     : 7.5                                           
      CVSS Vector    : CVSS:3.1/AV:N/AC:L/PR:N/UI:N/S:U/C:N/I:N/A:H  
    

   0C     1H     0M     0L  glob-parent 2.0.0
pkg:npm/glob-parent@2.0.0

    ✗ HIGH CVE-2020-28469 [OWASP Top Ten 2017 Category A9 - Using Components with Known Vulnerabilities]
      https://scout.docker.com/v/CVE-2020-28469?s=gitlab&n=glob-parent&t=npm&vr=%3C5.1.2
      Affected range : <5.1.2                                        
      Fixed version  : 5.1.2                                         
      CVSS Score     : 7.5                                           
      CVSS Vector    : CVSS:3.1/AV:N/AC:L/PR:N/UI:N/S:U/C:N/I:N/A:H  
    

   0C     0H     2M     0L  mermaid 11.6.0
pkg:npm/mermaid@11.6.0

    ✗ MEDIUM CVE-2025-54881 [Improper Neutralization of Input During Web Page Generation ('Cross-site Scripting')]
      https://scout.docker.com/v/CVE-2025-54881?s=github&n=mermaid&t=npm&vr=%3E%3D11.0.0-alpha.1%2C%3C11.10.0
      Affected range : >=11.0.0-alpha.1                                                 
                     : <11.10.0                                                         
      Fixed version  : 11.10.0                                                          
      CVSS Score     : 5.3                                                              
      CVSS Vector    : CVSS:4.0/AV:N/AC:L/AT:N/PR:N/UI:P/VC:N/VI:N/VA:N/SC:L/SI:L/SA:N  
    
    ✗ MEDIUM CVE-2025-54880 [Improper Neutralization of Input During Web Page Generation ('Cross-site Scripting')]
      https://scout.docker.com/v/CVE-2025-54880?s=github&n=mermaid&t=npm&vr=%3E%3D11.1.0%2C%3C11.10.0
      Affected range : >=11.1.0                                                         
                     : <11.10.0                                                         
      Fixed version  : 11.10.0                                                          
      CVSS Score     : 5.1                                                              
      CVSS Vector    : CVSS:4.0/AV:N/AC:L/AT:N/PR:L/UI:P/VC:N/VI:N/VA:N/SC:L/SI:L/SA:N  
    

   0C     0H     2M     0L  webpack-dev-server 4.15.2
pkg:npm/webpack-dev-server@4.15.2

    ✗ MEDIUM CVE-2025-30360 [Origin Validation Error]
      https://scout.docker.com/v/CVE-2025-30360?s=github&n=webpack-dev-server&t=npm&vr=%3C%3D5.2.0
      Affected range : <=5.2.0                                       
      Fixed version  : 5.2.1                                         
      CVSS Score     : 6.5                                           
      CVSS Vector    : CVSS:3.1/AV:N/AC:L/PR:N/UI:R/S:U/C:H/I:N/A:N  
    
    ✗ MEDIUM CVE-2025-30359 [Exposed Dangerous Method or Function]
      https://scout.docker.com/v/CVE-2025-30359?s=github&n=webpack-dev-server&t=npm&vr=%3C%3D5.2.0
      Affected range : <=5.2.0                                       
      Fixed version  : 5.2.1                                         
      CVSS Score     : 5.3                                           
      CVSS Vector    : CVSS:3.1/AV:N/AC:H/PR:N/UI:R/S:U/C:H/I:N/A:N  
    

   0C     0H     2M     0L  follow-redirects 1.15.2
pkg:npm/follow-redirects@1.15.2

    ✗ MEDIUM CVE-2024-28849 [Exposure of Sensitive Information to an Unauthorized Actor]
      https://scout.docker.com/v/CVE-2024-28849?s=github&n=follow-redirects&t=npm&vr=%3C%3D1.15.5
      Affected range : <=1.15.5                                      
      Fixed version  : 1.15.6                                        
      CVSS Score     : 6.5                                           
      CVSS Vector    : CVSS:3.1/AV:N/AC:L/PR:L/UI:N/S:U/C:H/I:N/A:N  
    
    ✗ MEDIUM CVE-2023-26159 [Improper Input Validation]
      https://scout.docker.com/v/CVE-2023-26159?s=github&n=follow-redirects&t=npm&vr=%3C1.15.4
      Affected range : <1.15.4                                       
      Fixed version  : 1.15.4                                        
      CVSS Score     : 6.1                                           
      CVSS Vector    : CVSS:3.1/AV:N/AC:L/PR:N/UI:R/S:C/C:L/I:L/A:N  
    

   0C     0H     1M     1L  tar 1.35+dfsg-3.1
pkg:deb/debian/tar@1.35%2Bdfsg-3.1?os_distro=trixie&os_name=debian&os_version=13

    ✗ MEDIUM CVE-2025-45582
      https://scout.docker.com/v/CVE-2025-45582?s=debian&n=tar&ns=debian&t=deb&osn=debian&osv=13&vr=%3E%3D1.35%2Bdfsg-3.1
      Affected range : >=1.35+dfsg-3.1  
      Fixed version  : not fixed        
    
    ✗ LOW CVE-2005-2541
      https://scout.docker.com/v/CVE-2005-2541?s=debian&n=tar&ns=debian&t=deb&osn=debian&osv=13&vr=%3E%3D1.35%2Bdfsg-3.1
      Affected range : >=1.35+dfsg-3.1  
      Fixed version  : not fixed        
    

   0C     0H     1M     0L  @babel/helpers 7.25.0
pkg:npm/%40babel/helpers@7.25.0

    ✗ MEDIUM CVE-2025-27789 [Inefficient Regular Expression Complexity]
      https://scout.docker.com/v/CVE-2025-27789?s=github&n=helpers&ns=%40babel&t=npm&vr=%3C7.26.10
      Affected range : <7.26.10                                      
      Fixed version  : 7.26.10                                       
      CVSS Score     : 6.2                                           
      CVSS Vector    : CVSS:3.1/AV:L/AC:L/PR:N/UI:N/S:U/C:N/I:N/A:H  
    

   0C     0H     1M     0L  micromatch 3.1.10
pkg:npm/micromatch@3.1.10

    ✗ MEDIUM CVE-2024-4067 [Inefficient Regular Expression Complexity]
      https://scout.docker.com/v/CVE-2024-4067?s=github&n=micromatch&t=npm&vr=%3C4.0.8
      Affected range : <4.0.8                                        
      Fixed version  : 4.0.8                                         
      CVSS Score     : 5.3                                           
      CVSS Vector    : CVSS:3.1/AV:N/AC:L/PR:N/UI:N/S:U/C:N/I:N/A:L  
    

   0C     0H     1M     0L  vite-plugin-static-copy 2.2.0
pkg:npm/vite-plugin-static-copy@2.2.0

    ✗ MEDIUM CVE-2025-57753 [Improper Limitation of a Pathname to a Restricted Directory ('Path Traversal')]
      https://scout.docker.com/v/CVE-2025-57753?s=github&n=vite-plugin-static-copy&t=npm&vr=%3E%3D0.4.3%2C%3C%3D2.3.1
      Affected range : >=0.4.3                                                          
                     : <=2.3.1                                                          
      Fixed version  : 2.3.2                                                            
      CVSS Score     : 6.0                                                              
      CVSS Vector    : CVSS:4.0/AV:N/AC:L/AT:P/PR:N/UI:P/VC:H/VI:N/VA:N/SC:N/SI:N/SA:N  
    

   0C     0H     1M     0L  @babel/runtime 7.25.0
pkg:npm/%40babel/runtime@7.25.0

    ✗ MEDIUM CVE-2025-27789 [Inefficient Regular Expression Complexity]
      https://scout.docker.com/v/CVE-2025-27789?s=github&n=runtime&ns=%40babel&t=npm&vr=%3C7.26.10
      Affected range : <7.26.10                                      
      Fixed version  : 7.26.10                                       
      CVSS Score     : 6.2                                           
      CVSS Vector    : CVSS:3.1/AV:L/AC:L/PR:N/UI:N/S:U/C:N/I:N/A:H  
    

   0C     0H     1M     0L  hosted-git-info 2.8.8
pkg:npm/hosted-git-info@2.8.8

    ✗ MEDIUM CVE-2021-23362 [Uncontrolled Resource Consumption]
      https://scout.docker.com/v/CVE-2021-23362?s=github&n=hosted-git-info&t=npm&vr=%3C2.8.9
      Affected range : <2.8.9                                        
      Fixed version  : 2.8.9                                         
      CVSS Score     : 5.3                                           
      CVSS Vector    : CVSS:3.1/AV:N/AC:L/PR:N/UI:N/S:U/C:N/I:N/A:L  
    

   0C     0H     1M     0L  phin 2.9.3
pkg:npm/phin@2.9.3

    ✗ MEDIUM GHSA-x565-32qp-m3vf [Exposure of Sensitive Information to an Unauthorized Actor]
      https://scout.docker.com/v/GHSA-x565-32qp-m3vf?s=github&n=phin&t=npm&vr=%3C3.7.1
      Affected range : <3.7.1                                        
      Fixed version  : 3.7.1                                         
      CVSS Score     : 4.3                                           
      CVSS Vector    : CVSS:3.1/AV:N/AC:L/PR:N/UI:R/S:U/C:L/I:N/A:N  
    

   0C     0H     1M     0L  esbuild 0.21.5
pkg:npm/esbuild@0.21.5

    ✗ MEDIUM GHSA-67mh-4wv8-2f99 [Origin Validation Error]
      https://scout.docker.com/v/GHSA-67mh-4wv8-2f99?s=github&n=esbuild&t=npm&vr=%3C%3D0.24.2
      Affected range : <=0.24.2                                      
      Fixed version  : 0.25.0                                        
      CVSS Score     : 5.3                                           
      CVSS Vector    : CVSS:3.1/AV:N/AC:H/PR:N/UI:R/S:U/C:H/I:N/A:N  
    

   0C     0H     1M     0L  serialize-javascript 6.0.1
pkg:npm/serialize-javascript@6.0.1

    ✗ MEDIUM CVE-2024-11831 [Improper Neutralization of Input During Web Page Generation ('Cross-site Scripting')]
      https://scout.docker.com/v/CVE-2024-11831?s=github&n=serialize-javascript&t=npm&vr=%3E%3D6.0.0%2C%3C6.0.2
      Affected range : >=6.0.0                                       
                     : <6.0.2                                        
      Fixed version  : 6.0.2                                         
      CVSS Score     : 5.4                                           
      CVSS Vector    : CVSS:3.1/AV:N/AC:L/PR:L/UI:R/S:C/C:L/I:L/A:N  
    

   0C     0H     1M     0L  webpack 5.88.2
pkg:npm/webpack@5.88.2

    ✗ MEDIUM CVE-2024-43788 [Improper Neutralization of Input During Web Page Generation ('Cross-site Scripting')]
      https://scout.docker.com/v/CVE-2024-43788?s=github&n=webpack&t=npm&vr=%3E%3D5.0.0-alpha.0%2C%3C5.94.0
      Affected range : >=5.0.0-alpha.0                                                  
                     : <5.94.0                                                          
      Fixed version  : 5.94.0                                                           
      CVSS Score     : 6.1                                                              
      CVSS Vector    : CVSS:4.0/AV:N/AC:L/AT:P/PR:L/UI:N/VC:L/VI:L/VA:H/SC:N/SI:N/SA:N  
    

   0C     0H     1M     0L  yargs-parser 13.1.1
pkg:npm/yargs-parser@13.1.1

    ✗ MEDIUM CVE-2020-7608 [Improperly Controlled Modification of Object Prototype Attributes ('Prototype Pollution')]
      https://scout.docker.com/v/CVE-2020-7608?s=github&n=yargs-parser&t=npm&vr=%3E%3D6.0.0%2C%3C13.1.2
      Affected range : >=6.0.0                                       
                     : <13.1.2                                       
      Fixed version  : 13.1.2                                        
      CVSS Score     : 5.3                                           
      CVSS Vector    : CVSS:3.1/AV:L/AC:L/PR:L/UI:N/S:U/C:L/I:L/A:L  
    

   0C     0H     1M     0L  socket.io-parser 4.0.5
pkg:npm/socket.io-parser@4.0.5

    ✗ MEDIUM CVE-2023-32695 [Improper Input Validation]
      https://scout.docker.com/v/CVE-2023-32695?s=github&n=socket.io-parser&t=npm&vr=%3E%3D4.0.4%2C%3C4.2.3
      Affected range : >=4.0.4                                                          
                     : <4.2.3                                                           
      Fixed version  : 4.2.3                                                            
      CVSS Score     : 6.9                                                              
      CVSS Vector    : CVSS:4.0/AV:N/AC:L/AT:N/PR:N/UI:N/VC:L/VI:L/VA:L/SC:N/SI:N/SA:N  
    

   0C     0H     1M     0L  got 8.3.2
pkg:npm/got@8.3.2

    ✗ MEDIUM CVE-2022-33987
      https://scout.docker.com/v/CVE-2022-33987?s=github&n=got&t=npm&vr=%3C11.8.5
      Affected range : <11.8.5                                       
      Fixed version  : 11.8.5                                        
      CVSS Score     : 5.3                                           
      CVSS Vector    : CVSS:3.1/AV:N/AC:L/PR:N/UI:N/S:U/C:N/I:L/A:N  
    

   0C     0H     1M     0L  pypdf 4.3.1
pkg:pypi/pypdf@4.3.1

    ✗ MEDIUM CVE-2025-55197 [Uncontrolled Resource Consumption]
      https://scout.docker.com/v/CVE-2025-55197?s=github&n=pypdf&t=pypi&vr=%3C6.0.0
      Affected range : <6.0.0                                                               
      Fixed version  : 6.0.0                                                                
      CVSS Score     : 6.6                                                                  
      CVSS Vector    : CVSS:4.0/AV:N/AC:L/AT:N/PR:N/UI:N/VC:N/VI:N/VA:H/SC:N/SI:N/SA:N/E:U  
    

   0C     0H     1M     0L  parseuri 0.0.6
pkg:npm/parseuri@0.0.6

    ✗ MEDIUM CVE-2024-36751 [Inefficient Regular Expression Complexity]
      https://scout.docker.com/v/CVE-2024-36751?s=github&n=parseuri&t=npm&vr=%3C2.0.0
      Affected range : <2.0.0                                                           
      Fixed version  : not fixed                                                        
      CVSS Score     : 6.9                                                              
      CVSS Vector    : CVSS:4.0/AV:N/AC:L/AT:N/PR:N/UI:N/VC:N/VI:N/VA:L/SC:N/SI:N/SA:N  
    

   0C     0H     1M     0L  xml2js 0.4.23
pkg:npm/xml2js@0.4.23

    ✗ MEDIUM CVE-2023-0842 [Improperly Controlled Modification of Object Prototype Attributes ('Prototype Pollution')]
      https://scout.docker.com/v/CVE-2023-0842?s=github&n=xml2js&t=npm&vr=%3C0.5.0
      Affected range : <0.5.0                                        
      Fixed version  : 0.5.0                                         
      CVSS Score     : 5.3                                           
      CVSS Vector    : CVSS:3.1/AV:N/AC:L/PR:N/UI:N/S:U/C:N/I:L/A:N  
    

   0C     0H     1M     0L  starlette 0.45.3
pkg:pypi/starlette@0.45.3

    ✗ MEDIUM CVE-2025-54121 [Allocation of Resources Without Limits or Throttling]
      https://scout.docker.com/v/CVE-2025-54121?s=github&n=starlette&t=pypi&vr=%3C0.47.2
      Affected range : <0.47.2                                       
      Fixed version  : 0.47.2                                        
      CVSS Score     : 5.3                                           
      CVSS Vector    : CVSS:3.1/AV:N/AC:L/PR:N/UI:N/S:U/C:N/I:N/A:L  
    

   0C     0H     1M     0L  micromatch 4.0.6
pkg:npm/micromatch@4.0.6

    ✗ MEDIUM CVE-2024-4067 [Inefficient Regular Expression Complexity]
      https://scout.docker.com/v/CVE-2024-4067?s=github&n=micromatch&t=npm&vr=%3C4.0.8
      Affected range : <4.0.8                                        
      Fixed version  : 4.0.8                                         
      CVSS Score     : 5.3                                           
      CVSS Vector    : CVSS:3.1/AV:N/AC:L/PR:N/UI:N/S:U/C:N/I:N/A:L  
    

   0C     0H     0M    23L  binutils 2.44-3
pkg:deb/debian/binutils@2.44-3?os_distro=trixie&os_name=debian&os_version=13

    ✗ LOW CVE-2025-8225
      https://scout.docker.com/v/CVE-2025-8225?s=debian&n=binutils&ns=debian&t=deb&osn=debian&osv=13&vr=%3E%3D2.44-3
      Affected range : >=2.44-3   
      Fixed version  : not fixed  
    
    ✗ LOW CVE-2025-7546
      https://scout.docker.com/v/CVE-2025-7546?s=debian&n=binutils&ns=debian&t=deb&osn=debian&osv=13&vr=%3E%3D2.44-3
      Affected range : >=2.44-3   
      Fixed version  : not fixed  
    
    ✗ LOW CVE-2025-7545
      https://scout.docker.com/v/CVE-2025-7545?s=debian&n=binutils&ns=debian&t=deb&osn=debian&osv=13&vr=%3E%3D2.44-3
      Affected range : >=2.44-3   
      Fixed version  : not fixed  
    
    ✗ LOW CVE-2025-5245
      https://scout.docker.com/v/CVE-2025-5245?s=debian&n=binutils&ns=debian&t=deb&osn=debian&osv=13&vr=%3E%3D2.44-3
      Affected range : >=2.44-3   
      Fixed version  : not fixed  
    
    ✗ LOW CVE-2025-5244
      https://scout.docker.com/v/CVE-2025-5244?s=debian&n=binutils&ns=debian&t=deb&osn=debian&osv=13&vr=%3E%3D2.44-3
      Affected range : >=2.44-3   
      Fixed version  : not fixed  
    
    ✗ LOW CVE-2025-3198
      https://scout.docker.com/v/CVE-2025-3198?s=debian&n=binutils&ns=debian&t=deb&osn=debian&osv=13&vr=%3E%3D2.44-3
      Affected range : >=2.44-3   
      Fixed version  : not fixed  
    
    ✗ LOW CVE-2025-1182
      https://scout.docker.com/v/CVE-2025-1182?s=debian&n=binutils&ns=debian&t=deb&osn=debian&osv=13&vr=%3E%3D2.44-3
      Affected range : >=2.44-3   
      Fixed version  : not fixed  
    
    ✗ LOW CVE-2025-1181
      https://scout.docker.com/v/CVE-2025-1181?s=debian&n=binutils&ns=debian&t=deb&osn=debian&osv=13&vr=%3E%3D2.44-3
      Affected range : >=2.44-3   
      Fixed version  : not fixed  
    
    ✗ LOW CVE-2025-1180
      https://scout.docker.com/v/CVE-2025-1180?s=debian&n=binutils&ns=debian&t=deb&osn=debian&osv=13&vr=%3E%3D2.44-3
      Affected range : >=2.44-3   
      Fixed version  : not fixed  
    
    ✗ LOW CVE-2025-1178
      https://scout.docker.com/v/CVE-2025-1178?s=debian&n=binutils&ns=debian&t=deb&osn=debian&osv=13&vr=%3E%3D2.44-3
      Affected range : >=2.44-3   
      Fixed version  : not fixed  
    
    ✗ LOW CVE-2025-1176
      https://scout.docker.com/v/CVE-2025-1176?s=debian&n=binutils&ns=debian&t=deb&osn=debian&osv=13&vr=%3E%3D2.44-3
      Affected range : >=2.44-3   
      Fixed version  : not fixed  
    
    ✗ LOW CVE-2025-1153
      https://scout.docker.com/v/CVE-2025-1153?s=debian&n=binutils&ns=debian&t=deb&osn=debian&osv=13&vr=%3E%3D2.44-3
      Affected range : >=2.44-3   
      Fixed version  : not fixed  
    
    ✗ LOW CVE-2025-1152
      https://scout.docker.com/v/CVE-2025-1152?s=debian&n=binutils&ns=debian&t=deb&osn=debian&osv=13&vr=%3E%3D2.44-3
      Affected range : >=2.44-3   
      Fixed version  : not fixed  
    
    ✗ LOW CVE-2025-1151
      https://scout.docker.com/v/CVE-2025-1151?s=debian&n=binutils&ns=debian&t=deb&osn=debian&osv=13&vr=%3E%3D2.44-3
      Affected range : >=2.44-3   
      Fixed version  : not fixed  
    
    ✗ LOW CVE-2025-1150
      https://scout.docker.com/v/CVE-2025-1150?s=debian&n=binutils&ns=debian&t=deb&osn=debian&osv=13&vr=%3E%3D2.44-3
      Affected range : >=2.44-3   
      Fixed version  : not fixed  
    
    ✗ LOW CVE-2025-1149
      https://scout.docker.com/v/CVE-2025-1149?s=debian&n=binutils&ns=debian&t=deb&osn=debian&osv=13&vr=%3E%3D2.44-3
      Affected range : >=2.44-3   
      Fixed version  : not fixed  
    
    ✗ LOW CVE-2025-1148
      https://scout.docker.com/v/CVE-2025-1148?s=debian&n=binutils&ns=debian&t=deb&osn=debian&osv=13&vr=%3E%3D2.44-3
      Affected range : >=2.44-3   
      Fixed version  : not fixed  
    
    ✗ LOW CVE-2025-1147
      https://scout.docker.com/v/CVE-2025-1147?s=debian&n=binutils&ns=debian&t=deb&osn=debian&osv=13&vr=%3E%3D2.44-3
      Affected range : >=2.44-3   
      Fixed version  : not fixed  
    
    ✗ LOW CVE-2021-32256
      https://scout.docker.com/v/CVE-2021-32256?s=debian&n=binutils&ns=debian&t=deb&osn=debian&osv=13&vr=%3E%3D2.44-3
      Affected range : >=2.44-3   
      Fixed version  : not fixed  
    
    ✗ LOW CVE-2018-9996
      https://scout.docker.com/v/CVE-2018-9996?s=debian&n=binutils&ns=debian&t=deb&osn=debian&osv=13&vr=%3E%3D2.44-3
      Affected range : >=2.44-3   
      Fixed version  : not fixed  
    
    ✗ LOW CVE-2018-20712
      https://scout.docker.com/v/CVE-2018-20712?s=debian&n=binutils&ns=debian&t=deb&osn=debian&osv=13&vr=%3E%3D2.44-3
      Affected range : >=2.44-3   
      Fixed version  : not fixed  
    
    ✗ LOW CVE-2018-20673
      https://scout.docker.com/v/CVE-2018-20673?s=debian&n=binutils&ns=debian&t=deb&osn=debian&osv=13&vr=%3E%3D2.44-3
      Affected range : >=2.44-3   
      Fixed version  : not fixed  
    
    ✗ LOW CVE-2017-13716
      https://scout.docker.com/v/CVE-2017-13716?s=debian&n=binutils&ns=debian&t=deb&osn=debian&osv=13&vr=%3E%3D2.44-3
      Affected range : >=2.44-3   
      Fixed version  : not fixed  
    

   0C     0H     0M     9L  openssh 1:10.0p1-7
pkg:deb/debian/openssh@1%3A10.0p1-7?os_distro=trixie&os_name=debian&os_version=13

    ✗ LOW CVE-2023-51767
      https://scout.docker.com/v/CVE-2023-51767?s=debian&n=openssh&ns=debian&t=deb&osn=debian&osv=13&vr=%3E%3D1%3A10.0p1-7
      Affected range : >=1:10.0p1-7  
      Fixed version  : not fixed     
    
    ✗ LOW CVE-2020-15778
      https://scout.docker.com/v/CVE-2020-15778?s=debian&n=openssh&ns=debian&t=deb&osn=debian&osv=13&vr=%3E%3D1%3A10.0p1-7
      Affected range : >=1:10.0p1-7  
      Fixed version  : not fixed     
    
    ✗ LOW CVE-2020-14145
      https://scout.docker.com/v/CVE-2020-14145?s=debian&n=openssh&ns=debian&t=deb&osn=debian&osv=13&vr=%3E%3D1%3A10.0p1-7
      Affected range : >=1:10.0p1-7  
      Fixed version  : not fixed     
    
    ✗ LOW CVE-2019-6110
      https://scout.docker.com/v/CVE-2019-6110?s=debian&n=openssh&ns=debian&t=deb&osn=debian&osv=13&vr=%3E%3D1%3A10.0p1-7
      Affected range : >=1:10.0p1-7  
      Fixed version  : not fixed     
    
    ✗ LOW CVE-2018-15919
      https://scout.docker.com/v/CVE-2018-15919?s=debian&n=openssh&ns=debian&t=deb&osn=debian&osv=13&vr=%3E%3D1%3A10.0p1-7
      Affected range : >=1:10.0p1-7  
      Fixed version  : not fixed     
    
    ✗ LOW CVE-2016-20012
      https://scout.docker.com/v/CVE-2016-20012?s=debian&n=openssh&ns=debian&t=deb&osn=debian&osv=13&vr=%3E%3D1%3A10.0p1-7
      Affected range : >=1:10.0p1-7  
      Fixed version  : not fixed     
    
    ✗ LOW CVE-2008-3234
      https://scout.docker.com/v/CVE-2008-3234?s=debian&n=openssh&ns=debian&t=deb&osn=debian&osv=13&vr=%3E%3D1%3A10.0p1-7
      Affected range : >=1:10.0p1-7  
      Fixed version  : not fixed     
    
    ✗ LOW CVE-2007-2768
      https://scout.docker.com/v/CVE-2007-2768?s=debian&n=openssh&ns=debian&t=deb&osn=debian&osv=13&vr=%3E%3D1%3A10.0p1-7
      Affected range : >=1:10.0p1-7  
      Fixed version  : not fixed     
    
    ✗ LOW CVE-2007-2243
      https://scout.docker.com/v/CVE-2007-2243?s=debian&n=openssh&ns=debian&t=deb&osn=debian&osv=13&vr=%3E%3D1%3A10.0p1-7
      Affected range : >=1:10.0p1-7  
      Fixed version  : not fixed     
    

   0C     0H     0M     7L  glibc 2.41-12
pkg:deb/debian/glibc@2.41-12?os_distro=trixie&os_name=debian&os_version=13

    ✗ LOW CVE-2019-9192
      https://scout.docker.com/v/CVE-2019-9192?s=debian&n=glibc&ns=debian&t=deb&osn=debian&osv=13&vr=%3E%3D2.41-12
      Affected range : >=2.41-12  
      Fixed version  : not fixed  
    
    ✗ LOW CVE-2019-1010025
      https://scout.docker.com/v/CVE-2019-1010025?s=debian&n=glibc&ns=debian&t=deb&osn=debian&osv=13&vr=%3E%3D2.41-12
      Affected range : >=2.41-12  
      Fixed version  : not fixed  
    
    ✗ LOW CVE-2019-1010024
      https://scout.docker.com/v/CVE-2019-1010024?s=debian&n=glibc&ns=debian&t=deb&osn=debian&osv=13&vr=%3E%3D2.41-12
      Affected range : >=2.41-12  
      Fixed version  : not fixed  
    
    ✗ LOW CVE-2019-1010023
      https://scout.docker.com/v/CVE-2019-1010023?s=debian&n=glibc&ns=debian&t=deb&osn=debian&osv=13&vr=%3E%3D2.41-12
      Affected range : >=2.41-12  
      Fixed version  : not fixed  
    
    ✗ LOW CVE-2019-1010022
      https://scout.docker.com/v/CVE-2019-1010022?s=debian&n=glibc&ns=debian&t=deb&osn=debian&osv=13&vr=%3E%3D2.41-12
      Affected range : >=2.41-12  
      Fixed version  : not fixed  
    
    ✗ LOW CVE-2018-20796
      https://scout.docker.com/v/CVE-2018-20796?s=debian&n=glibc&ns=debian&t=deb&osn=debian&osv=13&vr=%3E%3D2.41-12
      Affected range : >=2.41-12  
      Fixed version  : not fixed  
    
    ✗ LOW CVE-2010-4756
      https://scout.docker.com/v/CVE-2010-4756?s=debian&n=glibc&ns=debian&t=deb&osn=debian&osv=13&vr=%3E%3D2.41-12
      Affected range : >=2.41-12  
      Fixed version  : not fixed  
    

   0C     0H     0M     4L  openldap 2.6.10+dfsg-1
pkg:deb/debian/openldap@2.6.10%2Bdfsg-1?os_distro=trixie&os_name=debian&os_version=13

    ✗ LOW CVE-2020-15719
      https://scout.docker.com/v/CVE-2020-15719?s=debian&n=openldap&ns=debian&t=deb&osn=debian&osv=13&vr=%3E%3D2.6.10%2Bdfsg-1
      Affected range : >=2.6.10+dfsg-1  
      Fixed version  : not fixed        
    
    ✗ LOW CVE-2017-17740
      https://scout.docker.com/v/CVE-2017-17740?s=debian&n=openldap&ns=debian&t=deb&osn=debian&osv=13&vr=%3E%3D2.6.10%2Bdfsg-1
      Affected range : >=2.6.10+dfsg-1  
      Fixed version  : not fixed        
    
    ✗ LOW CVE-2017-14159
      https://scout.docker.com/v/CVE-2017-14159?s=debian&n=openldap&ns=debian&t=deb&osn=debian&osv=13&vr=%3E%3D2.6.10%2Bdfsg-1
      Affected range : >=2.6.10+dfsg-1  
      Fixed version  : not fixed        
    
    ✗ LOW CVE-2015-3276
      https://scout.docker.com/v/CVE-2015-3276?s=debian&n=openldap&ns=debian&t=deb&osn=debian&osv=13&vr=%3E%3D2.6.10%2Bdfsg-1
      Affected range : >=2.6.10+dfsg-1  
      Fixed version  : not fixed        
    

   0C     0H     0M     4L  patch 2.8-2
pkg:deb/debian/patch@2.8-2?os_distro=trixie&os_name=debian&os_version=13

    ✗ LOW CVE-2021-45261
      https://scout.docker.com/v/CVE-2021-45261?s=debian&n=patch&ns=debian&t=deb&osn=debian&osv=13&vr=%3E%3D2.8-2
      Affected range : >=2.8-2    
      Fixed version  : not fixed  
    
    ✗ LOW CVE-2018-6952
      https://scout.docker.com/v/CVE-2018-6952?s=debian&n=patch&ns=debian&t=deb&osn=debian&osv=13&vr=%3E%3D2.8-2
      Affected range : >=2.8-2    
      Fixed version  : not fixed  
    
    ✗ LOW CVE-2018-6951
      https://scout.docker.com/v/CVE-2018-6951?s=debian&n=patch&ns=debian&t=deb&osn=debian&osv=13&vr=%3E%3D2.8-2
      Affected range : >=2.8-2    
      Fixed version  : not fixed  
    
    ✗ LOW CVE-2010-4651
      https://scout.docker.com/v/CVE-2010-4651?s=debian&n=patch&ns=debian&t=deb&osn=debian&osv=13&vr=%3E%3D2.8-2
      Affected range : >=2.8-2    
      Fixed version  : not fixed  
    

   0C     0H     0M     4L  systemd 257.7-1
pkg:deb/debian/systemd@257.7-1?os_distro=trixie&os_name=debian&os_version=13

    ✗ LOW CVE-2023-31439
      https://scout.docker.com/v/CVE-2023-31439?s=debian&n=systemd&ns=debian&t=deb&osn=debian&osv=13&vr=%3E%3D257.7-1
      Affected range : >=257.7-1  
      Fixed version  : not fixed  
    
    ✗ LOW CVE-2023-31438
      https://scout.docker.com/v/CVE-2023-31438?s=debian&n=systemd&ns=debian&t=deb&osn=debian&osv=13&vr=%3E%3D257.7-1
      Affected range : >=257.7-1  
      Fixed version  : not fixed  
    
    ✗ LOW CVE-2023-31437
      https://scout.docker.com/v/CVE-2023-31437?s=debian&n=systemd&ns=debian&t=deb&osn=debian&osv=13&vr=%3E%3D257.7-1
      Affected range : >=257.7-1  
      Fixed version  : not fixed  
    
    ✗ LOW CVE-2013-4392
      https://scout.docker.com/v/CVE-2013-4392?s=debian&n=systemd&ns=debian&t=deb&osn=debian&osv=13&vr=%3E%3D257.7-1
      Affected range : >=257.7-1  
      Fixed version  : not fixed  
    

   0C     0H     0M     4L  nss 2:3.110-1
pkg:deb/debian/nss@2%3A3.110-1?os_distro=trixie&os_name=debian&os_version=13

    ✗ LOW CVE-2017-11698
      https://scout.docker.com/v/CVE-2017-11698?s=debian&n=nss&ns=debian&t=deb&osn=debian&osv=13&vr=%3E%3D2%3A3.110-1
      Affected range : >=2:3.110-1  
      Fixed version  : not fixed    
    
    ✗ LOW CVE-2017-11697
      https://scout.docker.com/v/CVE-2017-11697?s=debian&n=nss&ns=debian&t=deb&osn=debian&osv=13&vr=%3E%3D2%3A3.110-1
      Affected range : >=2:3.110-1  
      Fixed version  : not fixed    
    
    ✗ LOW CVE-2017-11696
      https://scout.docker.com/v/CVE-2017-11696?s=debian&n=nss&ns=debian&t=deb&osn=debian&osv=13&vr=%3E%3D2%3A3.110-1
      Affected range : >=2:3.110-1  
      Fixed version  : not fixed    
    
    ✗ LOW CVE-2017-11695
      https://scout.docker.com/v/CVE-2017-11695?s=debian&n=nss&ns=debian&t=deb&osn=debian&osv=13&vr=%3E%3D2%3A3.110-1
      Affected range : >=2:3.110-1  
      Fixed version  : not fixed    
    

   0C     0H     0M     3L  krb5 1.21.3-5
pkg:deb/debian/krb5@1.21.3-5?os_distro=trixie&os_name=debian&os_version=13

    ✗ LOW CVE-2024-26461
      https://scout.docker.com/v/CVE-2024-26461?s=debian&n=krb5&ns=debian&t=deb&osn=debian&osv=13&vr=%3E%3D1.21.3-5
      Affected range : >=1.21.3-5  
      Fixed version  : not fixed   
    
    ✗ LOW CVE-2024-26458
      https://scout.docker.com/v/CVE-2024-26458?s=debian&n=krb5&ns=debian&t=deb&osn=debian&osv=13&vr=%3E%3D1.21.3-5
      Affected range : >=1.21.3-5  
      Fixed version  : not fixed   
    
    ✗ LOW CVE-2018-5709
      https://scout.docker.com/v/CVE-2018-5709?s=debian&n=krb5&ns=debian&t=deb&osn=debian&osv=13&vr=%3E%3D1.21.3-5
      Affected range : >=1.21.3-5  
      Fixed version  : not fixed   
    

   0C     0H     0M     3L  git 1:2.47.2-0.2
pkg:deb/debian/git@1%3A2.47.2-0.2?os_distro=trixie&os_name=debian&os_version=13

    ✗ LOW CVE-2024-52005
      https://scout.docker.com/v/CVE-2024-52005?s=debian&n=git&ns=debian&t=deb&osn=debian&osv=13&vr=%3E%3D1%3A2.47.2-0.2
      Affected range : >=1:2.47.2-0.2  
      Fixed version  : not fixed       
    
    ✗ LOW CVE-2022-24975
      https://scout.docker.com/v/CVE-2022-24975?s=debian&n=git&ns=debian&t=deb&osn=debian&osv=13&vr=%3E%3D1%3A2.47.2-0.2
      Affected range : >=1:2.47.2-0.2  
      Fixed version  : not fixed       
    
    ✗ LOW CVE-2018-1000021
      https://scout.docker.com/v/CVE-2018-1000021?s=debian&n=git&ns=debian&t=deb&osn=debian&osv=13&vr=%3E%3D1%3A2.47.2-0.2
      Affected range : >=1:2.47.2-0.2  
      Fixed version  : not fixed       
    

   0C     0H     0M     2L  coreutils 9.7-3
pkg:deb/debian/coreutils@9.7-3?os_distro=trixie&os_name=debian&os_version=13

    ✗ LOW CVE-2025-5278
      https://scout.docker.com/v/CVE-2025-5278?s=debian&n=coreutils&ns=debian&t=deb&osn=debian&osv=13&vr=%3E%3D9.7-3
      Affected range : >=9.7-3    
      Fixed version  : not fixed  
    
    ✗ LOW CVE-2017-18018
      https://scout.docker.com/v/CVE-2017-18018?s=debian&n=coreutils&ns=debian&t=deb&osn=debian&osv=13&vr=%3E%3D9.7-3
      Affected range : >=9.7-3    
      Fixed version  : not fixed  
    

   0C     0H     0M     1L  debug 3.2.6
pkg:npm/debug@3.2.6

    ✗ LOW CVE-2017-16137 [Uncontrolled Resource Consumption]
      https://scout.docker.com/v/CVE-2017-16137?s=github&n=debug&t=npm&vr=%3E%3D3.2.0%2C%3C3.2.7
      Affected range : >=3.2.0                                       
                     : <3.2.7                                        
      Fixed version  : 3.2.7                                         
      CVSS Score     : 3.7                                           
      CVSS Vector    : CVSS:3.1/AV:N/AC:H/PR:N/UI:N/S:U/C:N/I:N/A:L  
    

   0C     0H     0M     1L  apt 3.0.3
pkg:deb/debian/apt@3.0.3?os_distro=trixie&os_name=debian&os_version=13

    ✗ LOW CVE-2011-3374
      https://scout.docker.com/v/CVE-2011-3374?s=debian&n=apt&ns=debian&t=deb&osn=debian&osv=13&vr=%3E%3D3.0.3
      Affected range : >=3.0.3    
      Fixed version  : not fixed  
    

   0C     0H     0M     1L  brace-expansion 1.1.11
pkg:npm/brace-expansion@1.1.11

    ✗ LOW CVE-2025-5889 [Uncontrolled Resource Consumption]
      https://scout.docker.com/v/CVE-2025-5889?s=github&n=brace-expansion&t=npm&vr=%3E%3D1.0.0%2C%3C%3D1.1.11
      Affected range : >=1.0.0                                                              
                     : <=1.1.11                                                             
      Fixed version  : 1.1.12                                                               
      CVSS Score     : 1.3                                                                  
      CVSS Vector    : CVSS:4.0/AV:N/AC:H/AT:N/PR:L/UI:N/VC:N/VI:N/VA:L/SC:N/SI:N/SA:N/E:P  
    

   0C     0H     0M     1L  util-linux 2.41-5
pkg:deb/debian/util-linux@2.41-5?os_distro=trixie&os_name=debian&os_version=13

    ✗ LOW CVE-2022-0563
      https://scout.docker.com/v/CVE-2022-0563?s=debian&n=util-linux&ns=debian&t=deb&osn=debian&osv=13&vr=%3E%3D2.41-5
      Affected range : >=2.41-5   
      Fixed version  : not fixed  
    

   0C     0H     0M     1L  on-headers 1.0.2
pkg:npm/on-headers@1.0.2

    ✗ LOW CVE-2025-7339 [Improper Handling of Unexpected Data Type]
      https://scout.docker.com/v/CVE-2025-7339?s=github&n=on-headers&t=npm&vr=%3C1.1.0
      Affected range : <1.1.0                                        
      Fixed version  : 1.1.0                                         
      CVSS Score     : 3.4                                           
      CVSS Vector    : CVSS:3.1/AV:L/AC:L/PR:H/UI:N/S:U/C:L/I:L/A:N  
    

   0C     0H     0M     1L  jansson 2.14-2
pkg:deb/debian/jansson@2.14-2?os_distro=trixie&os_name=debian&os_version=13

    ✗ LOW CVE-2020-36325
      https://scout.docker.com/v/CVE-2020-36325?s=debian&n=jansson&ns=debian&t=deb&osn=debian&osv=13&vr=%3E%3D2.14-2
      Affected range : >=2.14-2   
      Fixed version  : not fixed  
    

   0C     0H     0M     1L  cookie 0.6.0
pkg:npm/cookie@0.6.0

    ✗ LOW CVE-2024-47764 [Improper Neutralization of Special Elements in Output Used by a Downstream Component ('Injection')]
      https://scout.docker.com/v/CVE-2024-47764?s=github&n=cookie&t=npm&vr=%3C0.7.0
      Affected range : <0.7.0  
      Fixed version  : 0.7.0   
    

   0C     0H     0M     1L  tcl8.6 8.6.16+dfsg-1
pkg:deb/debian/tcl8.6@8.6.16%2Bdfsg-1?os_distro=trixie&os_name=debian&os_version=13

    ✗ LOW CVE-2021-35331
      https://scout.docker.com/v/CVE-2021-35331?s=debian&n=tcl8.6&ns=debian&t=deb&osn=debian&osv=13&vr=%3E%3D8.6.16%2Bdfsg-1
      Affected range : >=8.6.16+dfsg-1  
      Fixed version  : not fixed        
    

   0C     0H     0M     1L  bash-completion 1:2.16.0-7
pkg:deb/debian/bash-completion@1%3A2.16.0-7?os_distro=trixie&os_name=debian&os_version=13

    ✗ LOW CVE-2018-7738
      https://scout.docker.com/v/CVE-2018-7738?s=debian&n=bash-completion&ns=debian&t=deb&osn=debian&osv=13&vr=%3E%3D1%3A2.16.0-7
      Affected range : >=1:2.16.0-7  
      Fixed version  : not fixed     
    

   0C     0H     0M     1L  cookie 0.4.2
pkg:npm/cookie@0.4.2

    ✗ LOW CVE-2024-47764 [Improper Neutralization of Special Elements in Output Used by a Downstream Component ('Injection')]
      https://scout.docker.com/v/CVE-2024-47764?s=github&n=cookie&t=npm&vr=%3C0.7.0
      Affected range : <0.7.0  
      Fixed version  : 0.7.0   
    

   0C     0H     0M     1L  sqlite3 3.46.1-7
pkg:deb/debian/sqlite3@3.46.1-7?os_distro=trixie&os_name=debian&os_version=13

    ✗ LOW CVE-2021-45346
      https://scout.docker.com/v/CVE-2021-45346?s=debian&n=sqlite3&ns=debian&t=deb&osn=debian&osv=13&vr=%3E%3D3.46.1-7
      Affected range : >=3.46.1-7  
      Fixed version  : not fixed   
    

   0C     0H     0M     1L  cookie 0.4.0
pkg:npm/cookie@0.4.0

    ✗ LOW CVE-2024-47764 [Improper Neutralization of Special Elements in Output Used by a Downstream Component ('Injection')]
      https://scout.docker.com/v/CVE-2024-47764?s=github&n=cookie&t=npm&vr=%3C0.7.0
      Affected range : <0.7.0  
      Fixed version  : 0.7.0   
    

   0C     0H     0M     1L  brace-expansion 2.0.1
pkg:npm/brace-expansion@2.0.1

    ✗ LOW CVE-2025-5889 [Uncontrolled Resource Consumption]
      https://scout.docker.com/v/CVE-2025-5889?s=github&n=brace-expansion&t=npm&vr=%3E%3D2.0.0%2C%3C%3D2.0.1
      Affected range : >=2.0.0                                                              
                     : <=2.0.1                                                              
      Fixed version  : 2.0.2                                                                
      CVSS Score     : 1.3                                                                  
      CVSS Vector    : CVSS:4.0/AV:N/AC:H/AT:N/PR:L/UI:N/VC:N/VI:N/VA:L/SC:N/SI:N/SA:N/E:P  
    

   0C     0H     0M     1L  tmp 0.2.3
pkg:npm/tmp@0.2.3

    ✗ LOW CVE-2025-54798 [Improper Link Resolution Before File Access ('Link Following')]
      https://scout.docker.com/v/CVE-2025-54798?s=github&n=tmp&t=npm&vr=%3C%3D0.2.3
      Affected range : <=0.2.3                                       
      Fixed version  : 0.2.4                                         
      CVSS Score     : 2.5                                           
      CVSS Vector    : CVSS:3.1/AV:L/AC:H/PR:L/UI:N/S:U/C:N/I:L/A:N  
    

   0C     0H     0M     1L  openssl 3.5.1-1
pkg:deb/debian/openssl@3.5.1-1?os_distro=trixie&os_name=debian&os_version=13

    ✗ LOW CVE-2010-0928
      https://scout.docker.com/v/CVE-2010-0928?s=debian&n=openssl&ns=debian&t=deb&osn=debian&osv=13&vr=%3E%3D3.2.1-3
      Affected range : >=3.2.1-3  
      Fixed version  : not fixed  
    

   0C     0H     0M     1L  perl 5.40.1-6
pkg:deb/debian/perl@5.40.1-6?os_distro=trixie&os_name=debian&os_version=13

    ✗ LOW CVE-2011-4116
      https://scout.docker.com/v/CVE-2011-4116?s=debian&n=perl&ns=debian&t=deb&osn=debian&osv=13&vr=%3E%3D5.40.1-6
      Affected range : >=5.40.1-6  
      Fixed version  : not fixed   
    

   0C     0H     0M     1L  libpng1.6 1.6.48-1
pkg:deb/debian/libpng1.6@1.6.48-1?os_distro=trixie&os_name=debian&os_version=13

    ✗ LOW CVE-2021-4214
      https://scout.docker.com/v/CVE-2021-4214?s=debian&n=libpng1.6&ns=debian&t=deb&osn=debian&osv=13&vr=%3E%3D1.6.48-1
      Affected range : >=1.6.48-1  
      Fixed version  : not fixed   
    

   0C     0H     0M     1L  debug 4.1.1
pkg:npm/debug@4.1.1

    ✗ LOW CVE-2017-16137 [Uncontrolled Resource Consumption]
      https://scout.docker.com/v/CVE-2017-16137?s=github&n=debug&t=npm&vr=%3E%3D4.0.0%2C%3C4.3.1
      Affected range : >=4.0.0                                       
                     : <4.3.1                                        
      Fixed version  : 4.3.1                                         
      CVSS Score     : 3.7                                           
      CVSS Vector    : CVSS:3.1/AV:N/AC:H/PR:N/UI:N/S:U/C:N/I:N/A:L  
    

   0C     0H     0M     1L  gnutls28 3.8.9-3
pkg:deb/debian/gnutls28@3.8.9-3?os_distro=trixie&os_name=debian&os_version=13

    ✗ LOW CVE-2011-3389
      https://scout.docker.com/v/CVE-2011-3389?s=debian&n=gnutls28&ns=debian&t=deb&osn=debian&osv=13&vr=%3E%3D3.8.9-3
      Affected range : >=3.8.9-3  
      Fixed version  : not fixed  
    

   0C     0H     0M     1L  shadow 1:4.17.4-2
pkg:deb/debian/shadow@1%3A4.17.4-2?os_distro=trixie&os_name=debian&os_version=13

    ✗ LOW CVE-2007-5686
      https://scout.docker.com/v/CVE-2007-5686?s=debian&n=shadow&ns=debian&t=deb&osn=debian&osv=13&vr=%3E%3D1%3A4.17.4-2
      Affected range : >=1:4.17.4-2  
      Fixed version  : not fixed     
    

   0C     0H     0M     1L  tmp 0.0.33
pkg:npm/tmp@0.0.33

    ✗ LOW CVE-2025-54798 [Improper Link Resolution Before File Access ('Link Following')]
      https://scout.docker.com/v/CVE-2025-54798?s=github&n=tmp&t=npm&vr=%3C%3D0.2.3
      Affected range : <=0.2.3                                       
      Fixed version  : 0.2.4                                         
      CVSS Score     : 2.5                                           
      CVSS Vector    : CVSS:3.1/AV:L/AC:H/PR:L/UI:N/S:U/C:N/I:L/A:N  
    


184 vulnerabilities found in 93 packages
  CRITICAL  14  
  HIGH      37  
  MEDIUM    46  
  LOW       87  


Vulnerability summary for :

See docker-scout-cves-1756142305.log and docker-scout-recommendations-1756142497.log for full details.
