

## Overview

                    │                      Analyzed Image                        
────────────────────┼────────────────────────────────────────────────────────────
  Target            │  dmg-vs-code-debian-slim:e99cb2fbc99a                      
    digest          │  2040b4d83bfa                                              
    platform        │ linux/arm64                                                
    provenance      │ https://github.com/dmgoldstein1/dmg-VSCode-DebianSlim.git  
                    │  https://github.com/dmgoldstein1/dmg-VSCode-DebianSlim/blob/183b8189d3dbac738ecd67cd60b5f687fa2e09a6                  
    vulnerabilities │   13C    60H    51M   124L     5?                          
    size            │ 1.7 GB                                                     
    packages        │ 3959                                                       


## Packages and Vulnerabilities

   3C     5H     1M     0L     1?  handlebars 1.0.0
pkg:npm/handlebars@1.0.0

    ✗ CRITICAL CVE-2021-23383 [Improperly Controlled Modification of Object Prototype Attributes ('Prototype Pollution')]
      https://scout.docker.com/v/CVE-2021-23383?s=github&n=handlebars&t=npm&vr=%3C4.7.7
      Affected range : <4.7.7                                        
      Fixed version  : 4.7.7                                         
      CVSS Score     : 9.8                                           
      CVSS Vector    : CVSS:3.1/AV:N/AC:L/PR:N/UI:N/S:U/C:H/I:H/A:H  
    
    ✗ CRITICAL CVE-2021-23369 [Improper Control of Generation of Code ('Code Injection')]
      https://scout.docker.com/v/CVE-2021-23369?s=github&n=handlebars&t=npm&vr=%3C4.7.7
      Affected range : <4.7.7                                        
      Fixed version  : 4.7.7                                         
      CVSS Score     : 9.8                                           
      CVSS Vector    : CVSS:3.1/AV:N/AC:L/PR:N/UI:N/S:U/C:H/I:H/A:H  
    
    ✗ CRITICAL CVE-2019-19919 [Improperly Controlled Modification of Object Prototype Attributes ('Prototype Pollution')]
      https://scout.docker.com/v/CVE-2019-19919?s=github&n=handlebars&t=npm&vr=%3C3.0.8
      Affected range : <3.0.8                                        
      Fixed version  : 3.0.8                                         
      CVSS Score     : 9.8                                           
      CVSS Vector    : CVSS:3.1/AV:N/AC:L/PR:N/UI:N/S:U/C:H/I:H/A:H  
    
    ✗ HIGH CVE-2019-20920 [Improper Control of Generation of Code ('Code Injection')]
      https://scout.docker.com/v/CVE-2019-20920?s=github&n=handlebars&t=npm&vr=%3C3.0.8
      Affected range : <3.0.8                                        
      Fixed version  : 3.0.8                                         
      CVSS Score     : 8.1                                           
      CVSS Vector    : CVSS:3.1/AV:N/AC:H/PR:N/UI:N/S:C/C:H/I:L/A:L  
    
    ✗ HIGH GHSA-q42p-pg8m-cqh6 [Modification of Assumed-Immutable Data (MAID)]
      https://scout.docker.com/v/GHSA-q42p-pg8m-cqh6?s=github&n=handlebars&t=npm&vr=%3C3.0.7
      Affected range : <3.0.7                                        
      Fixed version  : 3.0.7                                         
      CVSS Score     : 7.3                                           
      CVSS Vector    : CVSS:3.1/AV:N/AC:L/PR:N/UI:N/S:U/C:L/I:L/A:L  
    
    ✗ HIGH GHSA-2cf5-4w76-r9qv [Improper Control of Generation of Code ('Code Injection')]
      https://scout.docker.com/v/GHSA-2cf5-4w76-r9qv?s=github&n=handlebars&t=npm&vr=%3C3.0.8
      Affected range : <3.0.8                                        
      Fixed version  : 3.0.8                                         
      CVSS Score     : 7.3                                           
      CVSS Vector    : CVSS:3.1/AV:L/AC:L/PR:L/UI:R/S:C/C:L/I:H/A:L  
    
    ✗ HIGH GHSA-q2c6-c6pm-g3gh
      https://scout.docker.com/v/GHSA-q2c6-c6pm-g3gh?s=github&n=handlebars&t=npm&vr=%3C3.0.8
      Affected range : <3.0.8  
      Fixed version  : 3.0.8   
    
    ✗ HIGH GHSA-g9r4-xpmj-mj65 [Improperly Controlled Modification of Object Prototype Attributes ('Prototype Pollution')]
      https://scout.docker.com/v/GHSA-g9r4-xpmj-mj65?s=github&n=handlebars&t=npm&vr=%3C3.0.8
      Affected range : <3.0.8  
      Fixed version  : 3.0.8   
    
    ✗ MEDIUM CVE-2015-8861 [Improper Neutralization of Input During Web Page Generation ('Cross-site Scripting')]
      https://scout.docker.com/v/CVE-2015-8861?s=github&n=handlebars&t=npm&vr=%3C4.0.0
      Affected range : <4.0.0                                        
      Fixed version  : 4.0.0                                         
      CVSS Score     : 6.1                                           
      CVSS Vector    : CVSS:3.1/AV:N/AC:L/PR:N/UI:R/S:C/C:L/I:L/A:N  
    
    ✗ UNSPECIFIED GMS-2015-33 [OWASP Top Ten 2017 Category A9 - Using Components with Known Vulnerabilities]
      https://scout.docker.com/v/GMS-2015-33?s=gitlab&n=handlebars&t=npm&vr=%3C4.0.0
      Affected range : <4.0.0  
      Fixed version  : 4.0.0   
    

   2C     6H    11M     0L  stdlib 1.20.12
pkg:golang/stdlib@1.20.12

    ✗ CRITICAL CVE-2024-24790
      https://scout.docker.com/v/CVE-2024-24790?s=golang&n=stdlib&t=golang&vr=%3C1.21.11
      Affected range : <1.21.11  
      Fixed version  : 1.21.11   
    
    ✗ CRITICAL CVE-2025-22871
      https://scout.docker.com/v/CVE-2025-22871?s=golang&n=stdlib&t=golang&vr=%3C1.23.8
      Affected range : <1.23.8  
      Fixed version  : 1.23.8   
    
    ✗ HIGH CVE-2024-34158
      https://scout.docker.com/v/CVE-2024-34158?s=golang&n=stdlib&t=golang&vr=%3C1.22.7
      Affected range : <1.22.7  
      Fixed version  : 1.22.7   
    
    ✗ HIGH CVE-2024-34156
      https://scout.docker.com/v/CVE-2024-34156?s=golang&n=stdlib&t=golang&vr=%3C1.22.7
      Affected range : <1.22.7  
      Fixed version  : 1.22.7   
    
    ✗ HIGH CVE-2024-24791
      https://scout.docker.com/v/CVE-2024-24791?s=golang&n=stdlib&t=golang&vr=%3C1.21.12
      Affected range : <1.21.12  
      Fixed version  : 1.21.12   
    
    ✗ HIGH CVE-2024-24784
      https://scout.docker.com/v/CVE-2024-24784?s=golang&n=stdlib&t=golang&vr=%3C1.21.8
      Affected range : <1.21.8  
      Fixed version  : 1.21.8   
    
    ✗ HIGH CVE-2023-45288
      https://scout.docker.com/v/CVE-2023-45288?s=golang&n=stdlib&t=golang&vr=%3C1.21.9
      Affected range : <1.21.9  
      Fixed version  : 1.21.9   
    
    ✗ HIGH CVE-2022-30635
      https://scout.docker.com/v/CVE-2022-30635?s=golang&n=stdlib&t=golang&vr=%3C1.22.7
      Affected range : <1.22.7  
      Fixed version  : 1.22.7   
    
    ✗ MEDIUM CVE-2025-4673
      https://scout.docker.com/v/CVE-2025-4673?s=golang&n=stdlib&t=golang&vr=%3C1.23.10
      Affected range : <1.23.10  
      Fixed version  : 1.23.10   
    
    ✗ MEDIUM CVE-2023-45290
      https://scout.docker.com/v/CVE-2023-45290?s=golang&n=stdlib&t=golang&vr=%3C1.21.8
      Affected range : <1.21.8  
      Fixed version  : 1.21.8   
    
    ✗ MEDIUM CVE-2024-45341
      https://scout.docker.com/v/CVE-2024-45341?s=golang&n=stdlib&t=golang&vr=%3C1.22.11
      Affected range : <1.22.11  
      Fixed version  : 1.22.11   
    
    ✗ MEDIUM CVE-2024-45336
      https://scout.docker.com/v/CVE-2024-45336?s=golang&n=stdlib&t=golang&vr=%3C1.22.11
      Affected range : <1.22.11  
      Fixed version  : 1.22.11   
    
    ✗ MEDIUM CVE-2024-24783
      https://scout.docker.com/v/CVE-2024-24783?s=golang&n=stdlib&t=golang&vr=%3C1.21.8
      Affected range : <1.21.8  
      Fixed version  : 1.21.8   
    
    ✗ MEDIUM CVE-2025-0913
      https://scout.docker.com/v/CVE-2025-0913?s=golang&n=stdlib&t=golang&vr=%3C1.23.10
      Affected range : <1.23.10  
      Fixed version  : 1.23.10   
    
    ✗ MEDIUM CVE-2024-24789
      https://scout.docker.com/v/CVE-2024-24789?s=golang&n=stdlib&t=golang&vr=%3C1.21.11
      Affected range : <1.21.11  
      Fixed version  : 1.21.11   
    
    ✗ MEDIUM CVE-2024-24785
      https://scout.docker.com/v/CVE-2024-24785?s=golang&n=stdlib&t=golang&vr=%3C1.21.8
      Affected range : <1.21.8  
      Fixed version  : 1.21.8   
    
    ✗ MEDIUM CVE-2024-34155
      https://scout.docker.com/v/CVE-2024-34155?s=golang&n=stdlib&t=golang&vr=%3C1.22.7
      Affected range : <1.22.7  
      Fixed version  : 1.22.7   
    
    ✗ MEDIUM CVE-2023-45289
      https://scout.docker.com/v/CVE-2023-45289?s=golang&n=stdlib&t=golang&vr=%3C1.21.8
      Affected range : <1.21.8  
      Fixed version  : 1.21.8   
    
    ✗ MEDIUM CVE-2025-22866
      https://scout.docker.com/v/CVE-2025-22866?s=golang&n=stdlib&t=golang&vr=%3C1.22.12
      Affected range : <1.22.12  
      Fixed version  : 1.22.12   
    

   1C     3H     3M     0L     1?  lodash 3.10.1
pkg:npm/lodash@3.10.1

    ✗ CRITICAL CVE-2019-10744 [Improperly Controlled Modification of Object Prototype Attributes ('Prototype Pollution')]
      https://scout.docker.com/v/CVE-2019-10744?s=github&n=lodash&t=npm&vr=%3C4.17.12
      Affected range : <4.17.12                                      
      Fixed version  : 4.17.12                                       
      CVSS Score     : 9.1                                           
      CVSS Vector    : CVSS:3.1/AV:N/AC:L/PR:N/UI:N/S:U/C:N/I:H/A:H  
    
    ✗ HIGH CVE-2020-8203 [Improperly Controlled Modification of Object Prototype Attributes ('Prototype Pollution')]
      https://scout.docker.com/v/CVE-2020-8203?s=github&n=lodash&t=npm&vr=%3E%3D3.7.0%2C%3C4.17.19
      Affected range : >=3.7.0                                       
                     : <4.17.19                                      
      Fixed version  : 4.17.19                                       
      CVSS Score     : 7.4                                           
      CVSS Vector    : CVSS:3.1/AV:N/AC:H/PR:N/UI:N/S:U/C:N/I:H/A:H  
    
    ✗ HIGH CVE-2021-23337 [Improper Neutralization of Special Elements used in a Command ('Command Injection')]
      https://scout.docker.com/v/CVE-2021-23337?s=github&n=lodash&t=npm&vr=%3C4.17.21
      Affected range : <4.17.21                                      
      Fixed version  : 4.17.21                                       
      CVSS Score     : 7.2                                           
      CVSS Vector    : CVSS:3.1/AV:N/AC:L/PR:H/UI:N/S:U/C:H/I:H/A:H  
    
    ✗ HIGH CVE-2018-16487 [Uncontrolled Resource Consumption]
      https://scout.docker.com/v/CVE-2018-16487?s=github&n=lodash&t=npm&vr=%3C4.17.11
      Affected range : <4.17.11  
      Fixed version  : 4.17.11   
    
    ✗ MEDIUM CVE-2018-3721 [Improperly Controlled Modification of Object Prototype Attributes ('Prototype Pollution')]
      https://scout.docker.com/v/CVE-2018-3721?s=github&n=lodash&t=npm&vr=%3C4.17.5
      Affected range : <4.17.5                                       
      Fixed version  : 4.17.5                                        
      CVSS Score     : 6.5                                           
      CVSS Vector    : CVSS:3.1/AV:N/AC:L/PR:L/UI:N/S:U/C:N/I:H/A:N  
    
    ✗ MEDIUM CVE-2020-28500 [Inefficient Regular Expression Complexity]
      https://scout.docker.com/v/CVE-2020-28500?s=github&n=lodash&t=npm&vr=%3C4.17.21
      Affected range : <4.17.21                                      
      Fixed version  : 4.17.21                                       
      CVSS Score     : 5.3                                           
      CVSS Vector    : CVSS:3.1/AV:N/AC:L/PR:N/UI:N/S:U/C:N/I:N/A:L  
    
    ✗ MEDIUM CVE-2019-1010266 [Uncontrolled Resource Consumption]
      https://scout.docker.com/v/CVE-2019-1010266?s=github&n=lodash&t=npm&vr=%3C4.17.11
      Affected range : <4.17.11  
      Fixed version  : 4.17.11   
    
    ✗ UNSPECIFIED GMS-2018-10 [OWASP Top Ten 2017 Category A9 - Using Components with Known Vulnerabilities]
      https://scout.docker.com/v/GMS-2018-10?s=gitlab&n=lodash&t=npm&vr=%3C4.17.5
      Affected range : <4.17.5  
      Fixed version  : 4.17.5   
    

   1C     0H     0M     0L  execa 1.0.0
pkg:npm/execa@1.0.0

    ✗ CRITICAL GMS-2020-2 [OWASP Top Ten 2017 Category A9 - Using Components with Known Vulnerabilities]
      https://scout.docker.com/v/GMS-2020-2?s=gitlab&n=execa&t=npm&vr=%3C2.0.0
      Affected range : <2.0.0                                        
      Fixed version  : 2.0.0                                         
      CVSS Score     : 9.8                                           
      CVSS Vector    : CVSS:3.0/AV:N/AC:L/PR:N/UI:N/S:U/C:H/I:H/A:H  
    

   1C     0H     0M     0L  babel-traverse 6.26.0
pkg:npm/babel-traverse@6.26.0

    ✗ CRITICAL CVE-2023-45133 [Incomplete List of Disallowed Inputs]
      https://scout.docker.com/v/CVE-2023-45133?s=github&n=babel-traverse&t=npm&vr=%3C7.23.2
      Affected range : <7.23.2                                       
      Fixed version  : not fixed                                     
      CVSS Score     : 9.3                                           
      CVSS Vector    : CVSS:3.1/AV:L/AC:L/PR:N/UI:N/S:C/C:H/I:H/A:H  
    

   1C     0H     0M     0L  minimist 1.2.5
pkg:npm/minimist@1.2.5

    ✗ CRITICAL CVE-2021-44906 [Improperly Controlled Modification of Object Prototype Attributes ('Prototype Pollution')]
      https://scout.docker.com/v/CVE-2021-44906?s=github&n=minimist&t=npm&vr=%3E%3D1.0.0%2C%3C1.2.6
      Affected range : >=1.0.0                                       
                     : <1.2.6                                        
      Fixed version  : 1.2.6                                         
      CVSS Score     : 9.8                                           
      CVSS Vector    : CVSS:3.1/AV:N/AC:L/PR:N/UI:N/S:U/C:H/I:H/A:H  
    

   1C     0H     0M     0L  @babel/traverse 7.10.5
pkg:npm/%40babel/traverse@7.10.5

    ✗ CRITICAL CVE-2023-45133 [Incomplete List of Disallowed Inputs]
      https://scout.docker.com/v/CVE-2023-45133?s=github&n=traverse&ns=%40babel&t=npm&vr=%3C7.23.2
      Affected range : <7.23.2                                       
      Fixed version  : 7.23.2                                        
      CVSS Score     : 9.3                                           
      CVSS Vector    : CVSS:3.1/AV:L/AC:L/PR:N/UI:N/S:C/C:H/I:H/A:H  
    

   1C     0H     0M     0L  execa 0.10.0
pkg:npm/execa@0.10.0

    ✗ CRITICAL GMS-2020-2 [OWASP Top Ten 2017 Category A9 - Using Components with Known Vulnerabilities]
      https://scout.docker.com/v/GMS-2020-2?s=gitlab&n=execa&t=npm&vr=%3C2.0.0
      Affected range : <2.0.0                                        
      Fixed version  : 2.0.0                                         
      CVSS Score     : 9.8                                           
      CVSS Vector    : CVSS:3.0/AV:N/AC:L/PR:N/UI:N/S:U/C:H/I:H/A:H  
    

   1C     0H     0M     0L  execa 0.7.0
pkg:npm/execa@0.7.0

    ✗ CRITICAL GMS-2020-2 [OWASP Top Ten 2017 Category A9 - Using Components with Known Vulnerabilities]
      https://scout.docker.com/v/GMS-2020-2?s=gitlab&n=execa&t=npm&vr=%3C2.0.0
      Affected range : <2.0.0                                        
      Fixed version  : 2.0.0                                         
      CVSS Score     : 9.8                                           
      CVSS Vector    : CVSS:3.0/AV:N/AC:L/PR:N/UI:N/S:U/C:H/I:H/A:H  
    

   1C     0H     0M     0L  form-data 2.3.3
pkg:npm/form-data@2.3.3

    ✗ CRITICAL CVE-2025-7783 [Use of Insufficiently Random Values]
      https://scout.docker.com/v/CVE-2025-7783?s=github&n=form-data&t=npm&vr=%3C2.5.4
      Affected range : <2.5.4                                                           
      Fixed version  : 2.5.4                                                            
      CVSS Score     : 9.4                                                              
      CVSS Vector    : CVSS:4.0/AV:N/AC:H/AT:N/PR:N/UI:N/VC:H/VI:H/VA:N/SC:H/SI:H/SA:N  
    

   0C     5H     1M     1L     1?  npm 1.0.1
pkg:npm/npm@1.0.1

    ✗ HIGH CVE-2018-7408 [Incorrect Permission Assignment for Critical Resource]
      https://scout.docker.com/v/CVE-2018-7408?s=github&n=npm&t=npm&vr=%3C5.7.1
      Affected range : <5.7.1                                        
      Fixed version  : 5.7.1                                         
      CVSS Score     : 7.8                                           
      CVSS Vector    : CVSS:3.0/AV:L/AC:L/PR:L/UI:N/S:U/C:H/I:H/A:H  
    
    ✗ HIGH CVE-2019-16777 [Improper Limitation of a Pathname to a Restricted Directory ('Path Traversal')]
      https://scout.docker.com/v/CVE-2019-16777?s=github&n=npm&t=npm&vr=%3C6.13.4
      Affected range : <6.13.4                                       
      Fixed version  : 6.13.4                                        
      CVSS Score     : 7.7                                           
      CVSS Vector    : CVSS:3.1/AV:N/AC:H/PR:L/UI:R/S:C/C:H/I:H/A:N  
    
    ✗ HIGH CVE-2019-16776 [Improper Limitation of a Pathname to a Restricted Directory ('Path Traversal')]
      https://scout.docker.com/v/CVE-2019-16776?s=github&n=npm&t=npm&vr=%3C6.13.3
      Affected range : <6.13.3                                       
      Fixed version  : 6.13.3                                        
      CVSS Score     : 7.7                                           
      CVSS Vector    : CVSS:3.1/AV:N/AC:H/PR:L/UI:R/S:C/C:H/I:H/A:N  
    
    ✗ HIGH CVE-2019-16775 [Improper Link Resolution Before File Access ('Link Following')]
      https://scout.docker.com/v/CVE-2019-16775?s=github&n=npm&t=npm&vr=%3C6.13.3
      Affected range : <6.13.3                                       
      Fixed version  : 6.13.3                                        
      CVSS Score     : 7.7                                           
      CVSS Vector    : CVSS:3.1/AV:N/AC:H/PR:L/UI:R/S:C/C:H/I:H/A:N  
    
    ✗ HIGH CVE-2016-3956 [Exposure of Sensitive Information to an Unauthorized Actor]
      https://scout.docker.com/v/CVE-2016-3956?s=github&n=npm&t=npm&vr=%3C%3D2.15.0
      Affected range : <=2.15.0  
      Fixed version  : 2.15.1    
    
    ✗ MEDIUM CVE-2020-15095 [Insertion of Sensitive Information into Log File]
      https://scout.docker.com/v/CVE-2020-15095?s=github&n=npm&t=npm&vr=%3C6.14.6
      Affected range : <6.14.6                                       
      Fixed version  : 6.14.6                                        
      CVSS Score     : 4.4                                           
      CVSS Vector    : CVSS:3.1/AV:L/AC:H/PR:L/UI:R/S:U/C:H/I:N/A:N  
    
    ✗ LOW CVE-2013-4116 [Improper Link Resolution Before File Access ('Link Following')]
      https://scout.docker.com/v/CVE-2013-4116?s=github&n=npm&t=npm&vr=%3C1.3.3
      Affected range : <1.3.3  
      Fixed version  : 1.3.3   
    
    ✗ UNSPECIFIED GMS-2016-23 [OWASP Top Ten 2017 Category A9 - Using Components with Known Vulnerabilities]
      https://scout.docker.com/v/GMS-2016-23?s=gitlab&n=npm&t=npm&vr=%3C%3D%2C2.15.0
      Affected range : <=             
                     : 2.15.0         
      Fixed version  : 2.15.1, 3.8.3  
    

   0C     5H     1M     0L  tar 2.2.2
pkg:npm/tar@2.2.2

    ✗ HIGH CVE-2021-37712 [OWASP Top Ten 2017 Category A9 - Using Components with Known Vulnerabilities]
      https://scout.docker.com/v/CVE-2021-37712?s=gitlab&n=tar&t=npm&vr=%3C%3D4.4.17
      Affected range : <=4.4.17                                      
      Fixed version  : 4.4.18, 5.0.10, 6.1.9                         
      CVSS Score     : 8.6                                           
      CVSS Vector    : CVSS:3.1/AV:L/AC:L/PR:N/UI:R/S:C/C:H/I:H/A:H  
    
    ✗ HIGH CVE-2021-37701 [OWASP Top Ten 2017 Category A9 - Using Components with Known Vulnerabilities]
      https://scout.docker.com/v/CVE-2021-37701?s=gitlab&n=tar&t=npm&vr=%3C4.4.16
      Affected range : <4.4.16                                       
      Fixed version  : 4.4.16, 5.0.8, 6.1.7                          
      CVSS Score     : 8.6                                           
      CVSS Vector    : CVSS:3.1/AV:L/AC:L/PR:N/UI:R/S:C/C:H/I:H/A:H  
    
    ✗ HIGH CVE-2021-37713 [Improper Limitation of a Pathname to a Restricted Directory ('Path Traversal')]
      https://scout.docker.com/v/CVE-2021-37713?s=github&n=tar&t=npm&vr=%3C4.4.18
      Affected range : <4.4.18                                       
      Fixed version  : 4.4.18                                        
      CVSS Score     : 8.2                                           
      CVSS Vector    : CVSS:3.1/AV:L/AC:L/PR:N/UI:R/S:C/C:H/I:H/A:N  
    
    ✗ HIGH CVE-2021-32804 [Improper Limitation of a Pathname to a Restricted Directory ('Path Traversal')]
      https://scout.docker.com/v/CVE-2021-32804?s=github&n=tar&t=npm&vr=%3C3.2.2
      Affected range : <3.2.2                                        
      Fixed version  : 3.2.2                                         
      CVSS Score     : 8.2                                           
      CVSS Vector    : CVSS:3.1/AV:L/AC:L/PR:N/UI:R/S:C/C:H/I:H/A:N  
    
    ✗ HIGH CVE-2021-32803 [OWASP Top Ten 2017 Category A9 - Using Components with Known Vulnerabilities]
      https://scout.docker.com/v/CVE-2021-32803?s=gitlab&n=tar&t=npm&vr=%3C3.2.3
      Affected range : <3.2.3                                        
      Fixed version  : 3.2.3, 4.4.15, 5.0.7, 6.1.2                   
      CVSS Score     : 8.1                                           
      CVSS Vector    : CVSS:3.1/AV:N/AC:L/PR:N/UI:R/S:U/C:N/I:H/A:H  
    
    ✗ MEDIUM CVE-2024-28863 [Uncontrolled Resource Consumption]
      https://scout.docker.com/v/CVE-2024-28863?s=github&n=tar&t=npm&vr=%3C6.2.1
      Affected range : <6.2.1                                        
      Fixed version  : 6.2.1                                         
      CVSS Score     : 6.5                                           
      CVSS Vector    : CVSS:3.1/AV:N/AC:L/PR:N/UI:R/S:U/C:N/I:N/A:H  
    

   0C     2H     1M     0L  grunt 1.0.0
pkg:npm/grunt@1.0.0

    ✗ HIGH CVE-2020-7729 [Initialization of a Resource with an Insecure Default]
      https://scout.docker.com/v/CVE-2020-7729?s=github&n=grunt&t=npm&vr=%3C1.3.0
      Affected range : <1.3.0                                        
      Fixed version  : 1.3.0                                         
      CVSS Score     : 7.1                                           
      CVSS Vector    : CVSS:3.1/AV:N/AC:H/PR:L/UI:R/S:U/C:H/I:H/A:H  
    
    ✗ HIGH CVE-2022-1537 [Time-of-check Time-of-use (TOCTOU) Race Condition]
      https://scout.docker.com/v/CVE-2022-1537?s=github&n=grunt&t=npm&vr=%3C1.5.3
      Affected range : <1.5.3                                        
      Fixed version  : 1.5.3                                         
      CVSS Score     : 7.0                                           
      CVSS Vector    : CVSS:3.1/AV:L/AC:H/PR:L/UI:N/S:U/C:H/I:H/A:H  
    
    ✗ MEDIUM CVE-2022-0436 [Improper Limitation of a Pathname to a Restricted Directory ('Path Traversal')]
      https://scout.docker.com/v/CVE-2022-0436?s=github&n=grunt&t=npm&vr=%3C1.5.2
      Affected range : <1.5.2                                        
      Fixed version  : 1.5.2                                         
      CVSS Score     : 5.5                                           
      CVSS Vector    : CVSS:3.1/AV:L/AC:L/PR:L/UI:N/S:U/C:H/I:N/A:N  
    

   0C     2H     1M     0L  lodash 4.17.19
pkg:npm/lodash@4.17.19

    ✗ HIGH CVE-2020-8203 [OWASP Top Ten 2017 Category A9 - Using Components with Known Vulnerabilities]
      https://scout.docker.com/v/CVE-2020-8203?s=gitlab&n=lodash&t=npm&vr=%3C4.17.20
      Affected range : <4.17.20                                      
      Fixed version  : 4.17.20                                       
      CVSS Score     : 7.4                                           
      CVSS Vector    : CVSS:3.1/AV:N/AC:H/PR:N/UI:N/S:U/C:N/I:H/A:H  
    
    ✗ HIGH CVE-2021-23337 [Improper Neutralization of Special Elements used in a Command ('Command Injection')]
      https://scout.docker.com/v/CVE-2021-23337?s=github&n=lodash&t=npm&vr=%3C4.17.21
      Affected range : <4.17.21                                      
      Fixed version  : 4.17.21                                       
      CVSS Score     : 7.2                                           
      CVSS Vector    : CVSS:3.1/AV:N/AC:L/PR:H/UI:N/S:U/C:H/I:H/A:H  
    
    ✗ MEDIUM CVE-2020-28500 [Inefficient Regular Expression Complexity]
      https://scout.docker.com/v/CVE-2020-28500?s=github&n=lodash&t=npm&vr=%3C4.17.21
      Affected range : <4.17.21                                      
      Fixed version  : 4.17.21                                       
      CVSS Score     : 5.3                                           
      CVSS Vector    : CVSS:3.1/AV:N/AC:L/PR:N/UI:N/S:U/C:N/I:N/A:L  
    

   0C     2H     0M     0L  marked 0.7.0
pkg:npm/marked@0.7.0

    ✗ HIGH CVE-2022-21681 [Inefficient Regular Expression Complexity]
      https://scout.docker.com/v/CVE-2022-21681?s=github&n=marked&t=npm&vr=%3C4.0.10
      Affected range : <4.0.10                                       
      Fixed version  : 4.0.10                                        
      CVSS Score     : 7.5                                           
      CVSS Vector    : CVSS:3.1/AV:N/AC:L/PR:N/UI:N/S:U/C:N/I:N/A:H  
    
    ✗ HIGH CVE-2022-21680 [Inefficient Regular Expression Complexity]
      https://scout.docker.com/v/CVE-2022-21680?s=github&n=marked&t=npm&vr=%3C4.0.10
      Affected range : <4.0.10                                       
      Fixed version  : 4.0.10                                        
      CVSS Score     : 7.5                                           
      CVSS Vector    : CVSS:3.1/AV:N/AC:L/PR:N/UI:N/S:U/C:N/I:N/A:H  
    

   0C     1H     1M     0L  python3.13 3.13.5-2
pkg:deb/debian/python3.13@3.13.5-2?os_distro=trixie&os_name=debian&os_version=13

    ✗ HIGH CVE-2025-8194
      https://scout.docker.com/v/CVE-2025-8194?s=debian&n=python3.13&ns=debian&t=deb&osn=debian&osv=13&vr=%3E%3D3.13.5-2
      Affected range : >=3.13.5-2  
      Fixed version  : not fixed   
    
    ✗ MEDIUM CVE-2025-6069
      https://scout.docker.com/v/CVE-2025-6069?s=debian&n=python3.13&ns=debian&t=deb&osn=debian&osv=13&vr=%3E%3D3.13.5-2
      Affected range : >=3.13.5-2  
      Fixed version  : not fixed   
    

   0C     1H     0M     2L     1?  braces 1.8.5
pkg:npm/braces@1.8.5

    ✗ HIGH CVE-2024-4068 [Excessive Platform Resource Consumption within a Loop]
      https://scout.docker.com/v/CVE-2024-4068?s=github&n=braces&t=npm&vr=%3C3.0.3
      Affected range : <3.0.3                                        
      Fixed version  : 3.0.3                                         
      CVSS Score     : 7.5                                           
      CVSS Vector    : CVSS:3.1/AV:N/AC:L/PR:N/UI:N/S:U/C:N/I:N/A:H  
    
    ✗ LOW GHSA-g95f-p29q-9xw4 [Incorrect Regular Expression]
      https://scout.docker.com/v/GHSA-g95f-p29q-9xw4?s=github&n=braces&t=npm&vr=%3C2.3.1
      Affected range : <2.3.1                                        
      Fixed version  : 2.3.1                                         
      CVSS Score     : 3.7                                           
      CVSS Vector    : CVSS:3.1/AV:N/AC:H/PR:N/UI:N/S:U/C:N/I:N/A:L  
    
    ✗ LOW CVE-2018-1109 [Uncontrolled Resource Consumption]
      https://scout.docker.com/v/CVE-2018-1109?s=github&n=braces&t=npm&vr=%3C2.3.1
      Affected range : <2.3.1  
      Fixed version  : 2.3.1   
    
    ✗ UNSPECIFIED GMS-2019-5 [OWASP Top Ten 2017 Category A9 - Using Components with Known Vulnerabilities]
      https://scout.docker.com/v/GMS-2019-5?s=gitlab&n=braces&t=npm&vr=%3C2.3.1
      Affected range : <2.3.1  
      Fixed version  : 2.3.1   
    

   0C     1H     0M     1L  semver-regex 2.0.0
pkg:npm/semver-regex@2.0.0

    ✗ HIGH CVE-2021-3795 [Inefficient Regular Expression Complexity]
      https://scout.docker.com/v/CVE-2021-3795?s=github&n=semver-regex&t=npm&vr=%3C3.1.3
      Affected range : <3.1.3                                        
      Fixed version  : 3.1.3                                         
      CVSS Score     : 7.5                                           
      CVSS Vector    : CVSS:3.0/AV:N/AC:L/PR:N/UI:N/S:U/C:N/I:N/A:H  
    
    ✗ LOW CVE-2021-43307 [Inefficient Regular Expression Complexity]
      https://scout.docker.com/v/CVE-2021-43307?s=github&n=semver-regex&t=npm&vr=%3C3.1.4
      Affected range : <3.1.4  
      Fixed version  : 3.1.4   
    

   0C     1H     0M     1L  ip 1.1.5
pkg:npm/ip@1.1.5

    ✗ HIGH CVE-2024-29415 [Server-Side Request Forgery (SSRF)]
      https://scout.docker.com/v/CVE-2024-29415?s=github&n=ip&t=npm&vr=%3C%3D2.0.1
      Affected range : <=2.0.1                                       
      Fixed version  : not fixed                                     
      CVSS Score     : 8.1                                           
      CVSS Vector    : CVSS:3.1/AV:N/AC:H/PR:N/UI:N/S:U/C:H/I:H/A:H  
    
    ✗ LOW CVE-2023-42282 [Server-Side Request Forgery (SSRF)]
      https://scout.docker.com/v/CVE-2023-42282?s=github&n=ip&t=npm&vr=%3C1.1.9
      Affected range : <1.1.9  
      Fixed version  : 1.1.9   
    

   0C     1H     0M     1L  ip 2.0.0
pkg:npm/ip@2.0.0

    ✗ HIGH CVE-2024-29415 [Server-Side Request Forgery (SSRF)]
      https://scout.docker.com/v/CVE-2024-29415?s=github&n=ip&t=npm&vr=%3C%3D2.0.1
      Affected range : <=2.0.1                                       
      Fixed version  : not fixed                                     
      CVSS Score     : 8.1                                           
      CVSS Vector    : CVSS:3.1/AV:N/AC:H/PR:N/UI:N/S:U/C:H/I:H/A:H  
    
    ✗ LOW CVE-2023-42282 [Server-Side Request Forgery (SSRF)]
      https://scout.docker.com/v/CVE-2023-42282?s=github&n=ip&t=npm&vr=%3D2.0.0
      Affected range : =2.0.0  
      Fixed version  : 2.0.1   
    

   0C     1H     0M     0L  ws 7.5.9
pkg:npm/ws@7.5.9

    ✗ HIGH CVE-2024-37890 [NULL Pointer Dereference]
      https://scout.docker.com/v/CVE-2024-37890?s=github&n=ws&t=npm&vr=%3E%3D7.0.0%2C%3C7.5.10
      Affected range : >=7.0.0                                                          
                     : <7.5.10                                                          
      Fixed version  : 7.5.10                                                           
      CVSS Score     : 8.7                                                              
      CVSS Vector    : CVSS:4.0/AV:N/AC:L/AT:N/PR:N/UI:N/VC:N/VI:N/VA:H/SC:N/SI:N/SA:N  
    

   0C     1H     0M     0L  http-cache-semantics 4.1.0
pkg:npm/http-cache-semantics@4.1.0

    ✗ HIGH CVE-2022-25881 [Inefficient Regular Expression Complexity]
      https://scout.docker.com/v/CVE-2022-25881?s=github&n=http-cache-semantics&t=npm&vr=%3C4.1.1
      Affected range : <4.1.1                                        
      Fixed version  : 4.1.1                                         
      CVSS Score     : 7.5                                           
      CVSS Vector    : CVSS:3.1/AV:N/AC:L/PR:N/UI:N/S:U/C:N/I:N/A:H  
    

   0C     1H     0M     0L  json 1.0.0
pkg:npm/json@1.0.0

    ✗ HIGH CVE-2020-7712 [Improper Neutralization of Special Elements used in an OS Command ('OS Command Injection')]
      https://scout.docker.com/v/CVE-2020-7712?s=github&n=json&t=npm&vr=%3C10.0.0
      Affected range : <10.0.0                                       
      Fixed version  : 10.0.0                                        
      CVSS Score     : 7.2                                           
      CVSS Vector    : CVSS:3.1/AV:N/AC:L/PR:H/UI:N/S:U/C:H/I:H/A:H  
    

   0C     1H     0M     0L  ansi-regex 4.1.0
pkg:npm/ansi-regex@4.1.0

    ✗ HIGH CVE-2021-3807 [Inefficient Regular Expression Complexity]
      https://scout.docker.com/v/CVE-2021-3807?s=github&n=ansi-regex&t=npm&vr=%3E%3D4.0.0%2C%3C4.1.1
      Affected range : >=4.0.0                                       
                     : <4.1.1                                        
      Fixed version  : 4.1.1                                         
      CVSS Score     : 7.5                                           
      CVSS Vector    : CVSS:3.1/AV:N/AC:L/PR:N/UI:N/S:U/C:N/I:N/A:H  
    

   0C     1H     0M     0L  trim-newlines 2.0.0
pkg:npm/trim-newlines@2.0.0

    ✗ HIGH CVE-2021-33623 [Uncontrolled Resource Consumption]
      https://scout.docker.com/v/CVE-2021-33623?s=github&n=trim-newlines&t=npm&vr=%3C3.0.1
      Affected range : <3.0.1                                        
      Fixed version  : 3.0.1                                         
      CVSS Score     : 7.5                                           
      CVSS Vector    : CVSS:3.1/AV:N/AC:L/PR:N/UI:N/S:U/C:N/I:N/A:H  
    

   0C     1H     0M     0L  glob-parent 3.1.0
pkg:npm/glob-parent@3.1.0

    ✗ HIGH CVE-2020-28469 [OWASP Top Ten 2017 Category A9 - Using Components with Known Vulnerabilities]
      https://scout.docker.com/v/CVE-2020-28469?s=gitlab&n=glob-parent&t=npm&vr=%3C5.1.2
      Affected range : <5.1.2                                        
      Fixed version  : 5.1.2                                         
      CVSS Score     : 7.5                                           
      CVSS Vector    : CVSS:3.1/AV:N/AC:L/PR:N/UI:N/S:U/C:N/I:N/A:H  
    

   0C     1H     0M     0L  semver 7.3.8
pkg:npm/semver@7.3.8

    ✗ HIGH CVE-2022-25883 [Inefficient Regular Expression Complexity]
      https://scout.docker.com/v/CVE-2022-25883?s=github&n=semver&t=npm&vr=%3E%3D7.0.0%2C%3C7.5.2
      Affected range : >=7.0.0                                       
                     : <7.5.2                                        
      Fixed version  : 7.5.2                                         
      CVSS Score     : 7.5                                           
      CVSS Vector    : CVSS:3.1/AV:N/AC:L/PR:N/UI:N/S:U/C:N/I:N/A:H  
    

   0C     1H     0M     0L  ansi-regex 3.0.0
pkg:npm/ansi-regex@3.0.0

    ✗ HIGH CVE-2021-3807 [Inefficient Regular Expression Complexity]
      https://scout.docker.com/v/CVE-2021-3807?s=github&n=ansi-regex&t=npm&vr=%3E%3D3.0.0%2C%3C3.0.1
      Affected range : >=3.0.0                                       
                     : <3.0.1                                        
      Fixed version  : 3.0.1                                         
      CVSS Score     : 7.5                                           
      CVSS Vector    : CVSS:3.1/AV:N/AC:L/PR:N/UI:N/S:U/C:N/I:N/A:H  
    

   0C     1H     0M     0L  ansi-regex 5.0.0
pkg:npm/ansi-regex@5.0.0

    ✗ HIGH CVE-2021-3807 [Inefficient Regular Expression Complexity]
      https://scout.docker.com/v/CVE-2021-3807?s=github&n=ansi-regex&t=npm&vr=%3E%3D5.0.0%2C%3C5.0.1
      Affected range : >=5.0.0                                       
                     : <5.0.1                                        
      Fixed version  : 5.0.1                                         
      CVSS Score     : 7.5                                           
      CVSS Vector    : CVSS:3.1/AV:N/AC:L/PR:N/UI:N/S:U/C:N/I:N/A:H  
    

   0C     1H     0M     0L  semver 5.7.1
pkg:npm/semver@5.7.1

    ✗ HIGH CVE-2022-25883 [Inefficient Regular Expression Complexity]
      https://scout.docker.com/v/CVE-2022-25883?s=github&n=semver&t=npm&vr=%3C5.7.2
      Affected range : <5.7.2                                        
      Fixed version  : 5.7.2                                         
      CVSS Score     : 7.5                                           
      CVSS Vector    : CVSS:3.1/AV:N/AC:L/PR:N/UI:N/S:U/C:N/I:N/A:H  
    

   0C     1H     0M     0L  diff 1.0.0
pkg:npm/diff@1.0.0

    ✗ HIGH GHSA-h6ch-v84p-w6p9 [Uncontrolled Resource Consumption]
      https://scout.docker.com/v/GHSA-h6ch-v84p-w6p9?s=github&n=diff&t=npm&vr=%3C3.5.0
      Affected range : <3.5.0  
      Fixed version  : 3.5.0   
    

   0C     1H     0M     0L  semantic-release 15.14.0
pkg:npm/semantic-release@15.14.0

    ✗ HIGH CVE-2020-26226 [Improper Encoding or Escaping of Output]
      https://scout.docker.com/v/CVE-2020-26226?s=github&n=semantic-release&t=npm&vr=%3C%3D17.2.2
      Affected range : <=17.2.2                                      
      Fixed version  : 17.2.3                                        
      CVSS Score     : 8.1                                           
      CVSS Vector    : CVSS:3.1/AV:N/AC:L/PR:N/UI:R/S:U/C:H/I:H/A:N  
    

   0C     1H     0M     0L  protobufjs 6.8.8
pkg:npm/protobufjs@6.8.8

    ✗ HIGH CVE-2022-25878 [OWASP Top Ten 2017 Category A9 - Using Components with Known Vulnerabilities]
      https://scout.docker.com/v/CVE-2022-25878?s=gitlab&n=protobufjs&t=npm&vr=%3C6.11.3
      Affected range : <6.11.3                                       
      Fixed version  : 6.11.3                                        
      CVSS Score     : 7.5                                           
      CVSS Vector    : CVSS:3.1/AV:N/AC:L/PR:N/UI:N/S:U/C:N/I:H/A:N  
    

   0C     1H     0M     0L  cross-spawn 4.0.2
pkg:npm/cross-spawn@4.0.2

    ✗ HIGH CVE-2024-21538 [Inefficient Regular Expression Complexity]
      https://scout.docker.com/v/CVE-2024-21538?s=github&n=cross-spawn&t=npm&vr=%3C6.0.6
      Affected range : <6.0.6                                                               
      Fixed version  : 6.0.6                                                                
      CVSS Score     : 7.7                                                                  
      CVSS Vector    : CVSS:4.0/AV:N/AC:L/AT:N/PR:N/UI:N/VC:N/VI:N/VA:H/SC:N/SI:N/SA:N/E:P  
    

   0C     1H     0M     0L  ini 1.0.0
pkg:npm/ini@1.0.0

    ✗ HIGH CVE-2020-7788 [Improperly Controlled Modification of Object Prototype Attributes ('Prototype Pollution')]
      https://scout.docker.com/v/CVE-2020-7788?s=github&n=ini&t=npm&vr=%3C1.3.6
      Affected range : <1.3.6                                        
      Fixed version  : 1.3.6                                         
      CVSS Score     : 7.3                                           
      CVSS Vector    : CVSS:3.1/AV:N/AC:L/PR:N/UI:N/S:U/C:L/I:L/A:L  
    

   0C     1H     0M     0L  trim-newlines 1.0.0
pkg:npm/trim-newlines@1.0.0

    ✗ HIGH CVE-2021-33623 [Uncontrolled Resource Consumption]
      https://scout.docker.com/v/CVE-2021-33623?s=github&n=trim-newlines&t=npm&vr=%3C3.0.1
      Affected range : <3.0.1                                        
      Fixed version  : 3.0.1                                         
      CVSS Score     : 7.5                                           
      CVSS Vector    : CVSS:3.1/AV:N/AC:L/PR:N/UI:N/S:U/C:N/I:N/A:H  
    

   0C     1H     0M     0L  braces 2.3.2
pkg:npm/braces@2.3.2

    ✗ HIGH CVE-2024-4068 [Excessive Platform Resource Consumption within a Loop]
      https://scout.docker.com/v/CVE-2024-4068?s=github&n=braces&t=npm&vr=%3C3.0.3
      Affected range : <3.0.3                                        
      Fixed version  : 3.0.3                                         
      CVSS Score     : 7.5                                           
      CVSS Vector    : CVSS:3.1/AV:N/AC:L/PR:N/UI:N/S:U/C:N/I:N/A:H  
    

   0C     1H     0M     0L  http-cache-semantics 3.8.1
pkg:npm/http-cache-semantics@3.8.1

    ✗ HIGH CVE-2022-25881 [Inefficient Regular Expression Complexity]
      https://scout.docker.com/v/CVE-2022-25881?s=github&n=http-cache-semantics&t=npm&vr=%3C4.1.1
      Affected range : <4.1.1                                        
      Fixed version  : 4.1.1                                         
      CVSS Score     : 7.5                                           
      CVSS Vector    : CVSS:3.1/AV:N/AC:L/PR:N/UI:N/S:U/C:N/I:N/A:H  
    

   0C     1H     0M     0L  cross-spawn 5.1.0
pkg:npm/cross-spawn@5.1.0

    ✗ HIGH CVE-2024-21538 [Inefficient Regular Expression Complexity]
      https://scout.docker.com/v/CVE-2024-21538?s=github&n=cross-spawn&t=npm&vr=%3C6.0.6
      Affected range : <6.0.6                                                               
      Fixed version  : 6.0.6                                                                
      CVSS Score     : 7.7                                                                  
      CVSS Vector    : CVSS:4.0/AV:N/AC:L/AT:N/PR:N/UI:N/VC:N/VI:N/VA:H/SC:N/SI:N/SA:N/E:P  
    

   0C     1H     0M     0L  semver 7.3.2
pkg:npm/semver@7.3.2

    ✗ HIGH CVE-2022-25883 [Inefficient Regular Expression Complexity]
      https://scout.docker.com/v/CVE-2022-25883?s=github&n=semver&t=npm&vr=%3E%3D7.0.0%2C%3C7.5.2
      Affected range : >=7.0.0                                       
                     : <7.5.2                                        
      Fixed version  : 7.5.2                                         
      CVSS Score     : 7.5                                           
      CVSS Vector    : CVSS:3.1/AV:N/AC:L/PR:N/UI:N/S:U/C:N/I:N/A:H  
    

   0C     1H     0M     0L  dot-prop 3.0.0
pkg:npm/dot-prop@3.0.0

    ✗ HIGH CVE-2020-8116 [Improperly Controlled Modification of Object Prototype Attributes ('Prototype Pollution')]
      https://scout.docker.com/v/CVE-2020-8116?s=github&n=dot-prop&t=npm&vr=%3C4.2.1
      Affected range : <4.2.1                                        
      Fixed version  : 4.2.1                                         
      CVSS Score     : 7.3                                           
      CVSS Vector    : CVSS:3.1/AV:N/AC:L/PR:N/UI:N/S:U/C:L/I:L/A:L  
    

   0C     1H     0M     0L  glob-parent 2.0.0
pkg:npm/glob-parent@2.0.0

    ✗ HIGH CVE-2020-28469 [OWASP Top Ten 2017 Category A9 - Using Components with Known Vulnerabilities]
      https://scout.docker.com/v/CVE-2020-28469?s=gitlab&n=glob-parent&t=npm&vr=%3C5.1.2
      Affected range : <5.1.2                                        
      Fixed version  : 5.1.2                                         
      CVSS Score     : 7.5                                           
      CVSS Vector    : CVSS:3.1/AV:N/AC:L/PR:N/UI:N/S:U/C:N/I:N/A:H  
    

   0C     1H     0M     0L  json5 0.5.1
pkg:npm/json5@0.5.1

    ✗ HIGH CVE-2022-46175 [Improperly Controlled Modification of Object Prototype Attributes ('Prototype Pollution')]
      https://scout.docker.com/v/CVE-2022-46175?s=github&n=json5&t=npm&vr=%3C1.0.2
      Affected range : <1.0.2                                        
      Fixed version  : 1.0.2                                         
      CVSS Score     : 7.1                                           
      CVSS Vector    : CVSS:3.1/AV:N/AC:H/PR:L/UI:N/S:U/C:H/I:L/A:H  
    

   0C     1H     0M     0L  lodash.set 4.3.2
pkg:npm/lodash.set@4.3.2

    ✗ HIGH CVE-2020-8203 [Improperly Controlled Modification of Object Prototype Attributes ('Prototype Pollution')]
      https://scout.docker.com/v/CVE-2020-8203?s=github&n=lodash.set&t=npm&vr=%3E%3D3.7.0%2C%3C%3D4.3.2
      Affected range : >=3.7.0                                       
                     : <=4.3.2                                       
      Fixed version  : not fixed                                     
      CVSS Score     : 7.4                                           
      CVSS Vector    : CVSS:3.1/AV:N/AC:H/PR:N/UI:N/S:U/C:N/I:H/A:H  
    

   0C     1H     0M     0L  json5 2.1.3
pkg:npm/json5@2.1.3

    ✗ HIGH CVE-2022-46175 [Improperly Controlled Modification of Object Prototype Attributes ('Prototype Pollution')]
      https://scout.docker.com/v/CVE-2022-46175?s=github&n=json5&t=npm&vr=%3E%3D2.0.0%2C%3C2.2.2
      Affected range : >=2.0.0                                       
                     : <2.2.2                                        
      Fixed version  : 2.2.2                                         
      CVSS Score     : 7.1                                           
      CVSS Vector    : CVSS:3.1/AV:N/AC:H/PR:L/UI:N/S:U/C:H/I:L/A:H  
    

   0C     0H     2M    14L  tiff 4.7.0-3
pkg:deb/debian/tiff@4.7.0-3?os_distro=trixie&os_name=debian&os_version=13

    ✗ MEDIUM CVE-2025-9165
      https://scout.docker.com/v/CVE-2025-9165?s=debian&n=tiff&ns=debian&t=deb&osn=debian&osv=13&vr=%3E%3D4.7.0-3
      Affected range : >=4.7.0-3  
      Fixed version  : not fixed  
    
    ✗ MEDIUM CVE-2025-8961
      https://scout.docker.com/v/CVE-2025-8961?s=debian&n=tiff&ns=debian&t=deb&osn=debian&osv=13&vr=%3E%3D4.7.0-3
      Affected range : >=4.7.0-3  
      Fixed version  : not fixed  
    
    ✗ LOW CVE-2024-13978
      https://scout.docker.com/v/CVE-2024-13978?s=debian&n=tiff&ns=debian&t=deb&osn=debian&osv=13&vr=%3E%3D4.7.0-3
      Affected range : >=4.7.0-3  
      Fixed version  : not fixed  
    
    ✗ LOW CVE-2025-8534
      https://scout.docker.com/v/CVE-2025-8534?s=debian&n=tiff&ns=debian&t=deb&osn=debian&osv=13&vr=%3E%3D4.7.0-3
      Affected range : >=4.7.0-3  
      Fixed version  : not fixed  
    
    ✗ LOW CVE-2025-8177
      https://scout.docker.com/v/CVE-2025-8177?s=debian&n=tiff&ns=debian&t=deb&osn=debian&osv=13&vr=%3E%3D4.7.0-3
      Affected range : >=4.7.0-3  
      Fixed version  : not fixed  
    
    ✗ LOW CVE-2025-8176
      https://scout.docker.com/v/CVE-2025-8176?s=debian&n=tiff&ns=debian&t=deb&osn=debian&osv=13&vr=%3E%3D4.7.0-3
      Affected range : >=4.7.0-3  
      Fixed version  : not fixed  
    
    ✗ LOW CVE-2024-6716
      https://scout.docker.com/v/CVE-2024-6716?s=debian&n=tiff&ns=debian&t=deb&osn=debian&osv=13&vr=%3E%3D4.5.1%2Bgit230720-5
      Affected range : >=4.5.1+git230720-5  
      Fixed version  : not fixed            
    
    ✗ LOW CVE-2023-6228
      https://scout.docker.com/v/CVE-2023-6228?s=debian&n=tiff&ns=debian&t=deb&osn=debian&osv=13&vr=%3E%3D4.7.0-3
      Affected range : >=4.7.0-3  
      Fixed version  : not fixed  
    
    ✗ LOW CVE-2023-3164
      https://scout.docker.com/v/CVE-2023-3164?s=debian&n=tiff&ns=debian&t=deb&osn=debian&osv=13&vr=%3E%3D4.7.0-3
      Affected range : >=4.7.0-3  
      Fixed version  : not fixed  
    
    ✗ LOW CVE-2023-1916
      https://scout.docker.com/v/CVE-2023-1916?s=debian&n=tiff&ns=debian&t=deb&osn=debian&osv=13&vr=%3E%3D4.7.0-3
      Affected range : >=4.7.0-3  
      Fixed version  : not fixed  
    
    ✗ LOW CVE-2022-1210
      https://scout.docker.com/v/CVE-2022-1210?s=debian&n=tiff&ns=debian&t=deb&osn=debian&osv=13&vr=%3E%3D4.7.0-3
      Affected range : >=4.7.0-3  
      Fixed version  : not fixed  
    
    ✗ LOW CVE-2018-10126
      https://scout.docker.com/v/CVE-2018-10126?s=debian&n=tiff&ns=debian&t=deb&osn=debian&osv=13&vr=%3E%3D4.7.0-3
      Affected range : >=4.7.0-3  
      Fixed version  : not fixed  
    
    ✗ LOW CVE-2017-9117
      https://scout.docker.com/v/CVE-2017-9117?s=debian&n=tiff&ns=debian&t=deb&osn=debian&osv=13&vr=%3E%3D4.7.0-3
      Affected range : >=4.7.0-3  
      Fixed version  : not fixed  
    
    ✗ LOW CVE-2017-5563
      https://scout.docker.com/v/CVE-2017-5563?s=debian&n=tiff&ns=debian&t=deb&osn=debian&osv=13&vr=%3E%3D4.7.0-3
      Affected range : >=4.7.0-3  
      Fixed version  : not fixed  
    
    ✗ LOW CVE-2017-17973
      https://scout.docker.com/v/CVE-2017-17973?s=debian&n=tiff&ns=debian&t=deb&osn=debian&osv=13&vr=%3E%3D4.7.0-3
      Affected range : >=4.7.0-3  
      Fixed version  : not fixed  
    
    ✗ LOW CVE-2017-16232
      https://scout.docker.com/v/CVE-2017-16232?s=debian&n=tiff&ns=debian&t=deb&osn=debian&osv=13&vr=%3E%3D4.7.0-3
      Affected range : >=4.7.0-3  
      Fixed version  : not fixed  
    

   0C     0H     2M     0L  pug 1.0.0
pkg:npm/pug@1.0.0

    ✗ MEDIUM CVE-2024-36361 [Improper Control of Generation of Code ('Code Injection')]
      https://scout.docker.com/v/CVE-2024-36361?s=github&n=pug&t=npm&vr=%3C%3D3.0.2
      Affected range : <=3.0.2                                       
      Fixed version  : 3.0.3                                         
      CVSS Score     : 6.8                                           
      CVSS Vector    : CVSS:3.1/AV:N/AC:H/PR:N/UI:R/S:U/C:H/I:H/A:N  
    
    ✗ MEDIUM CVE-2021-21353 [Improper Neutralization of Special Elements in Output Used by a Downstream Component ('Injection')]
      https://scout.docker.com/v/CVE-2021-21353?s=github&n=pug&t=npm&vr=%3C3.0.1
      Affected range : <3.0.1                                        
      Fixed version  : 3.0.1                                         
      CVSS Score     : 6.8                                           
      CVSS Vector    : CVSS:3.1/AV:N/AC:H/PR:N/UI:N/S:C/C:N/I:H/A:N  
    

   0C     0H     1M     1L  tar 1.35+dfsg-3.1
pkg:deb/debian/tar@1.35%2Bdfsg-3.1?os_distro=trixie&os_name=debian&os_version=13

    ✗ MEDIUM CVE-2025-45582
      https://scout.docker.com/v/CVE-2025-45582?s=debian&n=tar&ns=debian&t=deb&osn=debian&osv=13&vr=%3E%3D1.35%2Bdfsg-3.1
      Affected range : >=1.35+dfsg-3.1  
      Fixed version  : not fixed        
    
    ✗ LOW CVE-2005-2541
      https://scout.docker.com/v/CVE-2005-2541?s=debian&n=tar&ns=debian&t=deb&osn=debian&osv=13&vr=%3E%3D1.35%2Bdfsg-3.1
      Affected range : >=1.35+dfsg-3.1  
      Fixed version  : not fixed        
    

   0C     0H     1M     0L  @octokit/endpoint 6.0.12
pkg:npm/%40octokit/endpoint@6.0.12

    ✗ MEDIUM CVE-2025-25285 [OWASP Top Ten 2017 Category A9 - Using Components with Known Vulnerabilities]
      https://scout.docker.com/v/CVE-2025-25285?s=gitlab&n=endpoint&ns=%40octokit&t=npm&vr=%3E%3D4.1.0%2C%3C10.1.3
      Affected range : >=4.1.0                                       
                     : <10.1.3                                       
      Fixed version  : 10.1.3                                        
      CVSS Score     : 5.3                                           
      CVSS Vector    : CVSS:3.1/AV:N/AC:L/PR:N/UI:N/S:U/C:N/I:N/A:L  
    

   0C     0H     1M     0L  yargs-parser 5.0.1
pkg:npm/yargs-parser@5.0.1

    ✗ MEDIUM CVE-2020-7608 [OWASP Top Ten 2017 Category A9 - Using Components with Known Vulnerabilities]
      https://scout.docker.com/v/CVE-2020-7608?s=gitlab&n=yargs-parser&t=npm&vr=%3C13.1.2
      Affected range : <13.1.2                                       
      Fixed version  : 13.1.2, 15.0.1, 18.1.1                        
      CVSS Score     : 5.3                                           
      CVSS Vector    : CVSS:3.1/AV:L/AC:L/PR:L/UI:N/S:U/C:L/I:L/A:L  
    

   0C     0H     1M     0L  @babel/helpers 7.23.6
pkg:npm/%40babel/helpers@7.23.6

    ✗ MEDIUM CVE-2025-27789 [Inefficient Regular Expression Complexity]
      https://scout.docker.com/v/CVE-2025-27789?s=github&n=helpers&ns=%40babel&t=npm&vr=%3C7.26.10
      Affected range : <7.26.10                                      
      Fixed version  : 7.26.10                                       
      CVSS Score     : 6.2                                           
      CVSS Vector    : CVSS:3.1/AV:L/AC:L/PR:N/UI:N/S:U/C:N/I:N/A:H  
    

   0C     0H     1M     0L  @octokit/request 6.2.8
pkg:npm/%40octokit/request@6.2.8

    ✗ MEDIUM CVE-2025-25290 [Inefficient Regular Expression Complexity]
      https://scout.docker.com/v/CVE-2025-25290?s=github&n=request&ns=%40octokit&t=npm&vr=%3E%3D1.0.0%2C%3C8.4.1
      Affected range : >=1.0.0                                       
                     : <8.4.1                                        
      Fixed version  : 8.4.1                                         
      CVSS Score     : 5.3                                           
      CVSS Vector    : CVSS:3.1/AV:N/AC:L/PR:N/UI:N/S:U/C:N/I:N/A:L  
    

   0C     0H     1M     0L  request 2.88.2
pkg:npm/request@2.88.2

    ✗ MEDIUM CVE-2023-28155 [Server-Side Request Forgery (SSRF)]
      https://scout.docker.com/v/CVE-2023-28155?s=github&n=request&t=npm&vr=%3C%3D2.88.2
      Affected range : <=2.88.2                                      
      Fixed version  : not fixed                                     
      CVSS Score     : 6.1                                           
      CVSS Vector    : CVSS:3.1/AV:N/AC:L/PR:N/UI:R/S:C/C:L/I:L/A:N  
    

   0C     0H     1M     0L  yargs-parser 10.1.0
pkg:npm/yargs-parser@10.1.0

    ✗ MEDIUM CVE-2020-7608 [Improperly Controlled Modification of Object Prototype Attributes ('Prototype Pollution')]
      https://scout.docker.com/v/CVE-2020-7608?s=github&n=yargs-parser&t=npm&vr=%3E%3D6.0.0%2C%3C13.1.2
      Affected range : >=6.0.0                                       
                     : <13.1.2                                       
      Fixed version  : 13.1.2                                        
      CVSS Score     : 5.3                                           
      CVSS Vector    : CVSS:3.1/AV:L/AC:L/PR:L/UI:N/S:U/C:L/I:L/A:L  
    

   0C     0H     1M     0L  @octokit/plugin-paginate-rest 6.1.2
pkg:npm/%40octokit/plugin-paginate-rest@6.1.2

    ✗ MEDIUM CVE-2025-25288 [Inefficient Regular Expression Complexity]
      https://scout.docker.com/v/CVE-2025-25288?s=github&n=plugin-paginate-rest&ns=%40octokit&t=npm&vr=%3E%3D1.0.0%2C%3C9.2.2
      Affected range : >=1.0.0                                       
                     : <9.2.2                                        
      Fixed version  : 9.2.2                                         
      CVSS Score     : 5.3                                           
      CVSS Vector    : CVSS:3.1/AV:N/AC:L/PR:N/UI:N/S:U/C:N/I:N/A:L  
    

   0C     0H     1M     0L  @octokit/plugin-paginate-rest 1.1.2
pkg:npm/%40octokit/plugin-paginate-rest@1.1.2

    ✗ MEDIUM CVE-2025-25288 [Inefficient Regular Expression Complexity]
      https://scout.docker.com/v/CVE-2025-25288?s=github&n=plugin-paginate-rest&ns=%40octokit&t=npm&vr=%3E%3D1.0.0%2C%3C9.2.2
      Affected range : >=1.0.0                                       
                     : <9.2.2                                        
      Fixed version  : 9.2.2                                         
      CVSS Score     : 5.3                                           
      CVSS Vector    : CVSS:3.1/AV:N/AC:L/PR:N/UI:N/S:U/C:N/I:N/A:L  
    

   0C     0H     1M     0L  @octokit/request-error 2.1.0
pkg:npm/%40octokit/request-error@2.1.0

    ✗ MEDIUM CVE-2025-25289 [Inefficient Regular Expression Complexity]
      https://scout.docker.com/v/CVE-2025-25289?s=github&n=request-error&ns=%40octokit&t=npm&vr=%3E%3D1.0.0%2C%3C5.1.1
      Affected range : >=1.0.0                                       
                     : <5.1.1                                        
      Fixed version  : 5.1.1                                         
      CVSS Score     : 5.3                                           
      CVSS Vector    : CVSS:3.1/AV:N/AC:L/PR:N/UI:N/S:U/C:N/I:N/A:L  
    

   0C     0H     1M     0L  got 9.6.0
pkg:npm/got@9.6.0

    ✗ MEDIUM CVE-2022-33987
      https://scout.docker.com/v/CVE-2022-33987?s=github&n=got&t=npm&vr=%3C11.8.5
      Affected range : <11.8.5                                       
      Fixed version  : 11.8.5                                        
      CVSS Score     : 5.3                                           
      CVSS Vector    : CVSS:3.1/AV:N/AC:L/PR:N/UI:N/S:U/C:N/I:L/A:N  
    

   0C     0H     1M     0L  @babel/helpers 7.10.4
pkg:npm/%40babel/helpers@7.10.4

    ✗ MEDIUM CVE-2025-27789 [Inefficient Regular Expression Complexity]
      https://scout.docker.com/v/CVE-2025-27789?s=github&n=helpers&ns=%40babel&t=npm&vr=%3C7.26.10
      Affected range : <7.26.10                                      
      Fixed version  : 7.26.10                                       
      CVSS Score     : 6.2                                           
      CVSS Vector    : CVSS:3.1/AV:L/AC:L/PR:N/UI:N/S:U/C:N/I:N/A:H  
    

   0C     0H     1M     0L  postcss 7.0.39
pkg:npm/postcss@7.0.39

    ✗ MEDIUM CVE-2023-44270 [Improper Neutralization of Line Delimiters]
      https://scout.docker.com/v/CVE-2023-44270?s=github&n=postcss&t=npm&vr=%3C8.4.31
      Affected range : <8.4.31                                       
      Fixed version  : 8.4.31                                        
      CVSS Score     : 5.3                                           
      CVSS Vector    : CVSS:3.1/AV:N/AC:L/PR:N/UI:N/S:U/C:N/I:L/A:N  
    

   0C     0H     1M     0L  @octokit/request-error 1.2.1
pkg:npm/%40octokit/request-error@1.2.1

    ✗ MEDIUM CVE-2025-25289 [Inefficient Regular Expression Complexity]
      https://scout.docker.com/v/CVE-2025-25289?s=github&n=request-error&ns=%40octokit&t=npm&vr=%3E%3D1.0.0%2C%3C5.1.1
      Affected range : >=1.0.0                                       
                     : <5.1.1                                        
      Fixed version  : 5.1.1                                         
      CVSS Score     : 5.3                                           
      CVSS Vector    : CVSS:3.1/AV:N/AC:L/PR:N/UI:N/S:U/C:N/I:N/A:L  
    

   0C     0H     1M     0L  @octokit/request-error 3.0.3
pkg:npm/%40octokit/request-error@3.0.3

    ✗ MEDIUM CVE-2025-25289 [Inefficient Regular Expression Complexity]
      https://scout.docker.com/v/CVE-2025-25289?s=github&n=request-error&ns=%40octokit&t=npm&vr=%3E%3D1.0.0%2C%3C5.1.1
      Affected range : >=1.0.0                                       
                     : <5.1.1                                        
      Fixed version  : 5.1.1                                         
      CVSS Score     : 5.3                                           
      CVSS Vector    : CVSS:3.1/AV:N/AC:L/PR:N/UI:N/S:U/C:N/I:N/A:L  
    

   0C     0H     1M     0L  nanoid 3.3.1
pkg:npm/nanoid@3.3.1

    ✗ MEDIUM CVE-2024-55565 [Loop with Unreachable Exit Condition ('Infinite Loop')]
      https://scout.docker.com/v/CVE-2024-55565?s=github&n=nanoid&t=npm&vr=%3C3.3.8
      Affected range : <3.3.8                                        
      Fixed version  : 3.3.8                                         
      CVSS Score     : 4.3                                           
      CVSS Vector    : CVSS:3.1/AV:N/AC:L/PR:L/UI:N/S:U/C:N/I:L/A:N  
    

   0C     0H     1M     0L  micromatch 3.1.10
pkg:npm/micromatch@3.1.10

    ✗ MEDIUM CVE-2024-4067 [Inefficient Regular Expression Complexity]
      https://scout.docker.com/v/CVE-2024-4067?s=github&n=micromatch&t=npm&vr=%3C4.0.8
      Affected range : <4.0.8                                        
      Fixed version  : 4.0.8                                         
      CVSS Score     : 5.3                                           
      CVSS Vector    : CVSS:3.1/AV:N/AC:L/PR:N/UI:N/S:U/C:N/I:N/A:L  
    

   0C     0H     1M     0L  got 6.7.1
pkg:npm/got@6.7.1

    ✗ MEDIUM CVE-2022-33987
      https://scout.docker.com/v/CVE-2022-33987?s=github&n=got&t=npm&vr=%3C11.8.5
      Affected range : <11.8.5                                       
      Fixed version  : 11.8.5                                        
      CVSS Score     : 5.3                                           
      CVSS Vector    : CVSS:3.1/AV:N/AC:L/PR:N/UI:N/S:U/C:N/I:L/A:N  
    

   0C     0H     1M     0L  @octokit/request 5.6.3
pkg:npm/%40octokit/request@5.6.3

    ✗ MEDIUM CVE-2025-25290 [Inefficient Regular Expression Complexity]
      https://scout.docker.com/v/CVE-2025-25290?s=github&n=request&ns=%40octokit&t=npm&vr=%3E%3D1.0.0%2C%3C8.4.1
      Affected range : >=1.0.0                                       
                     : <8.4.1                                        
      Fixed version  : 8.4.1                                         
      CVSS Score     : 5.3                                           
      CVSS Vector    : CVSS:3.1/AV:N/AC:L/PR:N/UI:N/S:U/C:N/I:N/A:L  
    

   0C     0H     1M     0L  @octokit/endpoint 7.0.6
pkg:npm/%40octokit/endpoint@7.0.6

    ✗ MEDIUM CVE-2025-25285 [OWASP Top Ten 2017 Category A9 - Using Components with Known Vulnerabilities]
      https://scout.docker.com/v/CVE-2025-25285?s=gitlab&n=endpoint&ns=%40octokit&t=npm&vr=%3E%3D4.1.0%2C%3C10.1.3
      Affected range : >=4.1.0                                       
                     : <10.1.3                                       
      Fixed version  : 10.1.3                                        
      CVSS Score     : 5.3                                           
      CVSS Vector    : CVSS:3.1/AV:N/AC:L/PR:N/UI:N/S:U/C:N/I:N/A:L  
    

   0C     0H     1M     0L  serialize-javascript 6.0.0
pkg:npm/serialize-javascript@6.0.0

    ✗ MEDIUM CVE-2024-11831 [Improper Neutralization of Input During Web Page Generation ('Cross-site Scripting')]
      https://scout.docker.com/v/CVE-2024-11831?s=github&n=serialize-javascript&t=npm&vr=%3E%3D6.0.0%2C%3C6.0.2
      Affected range : >=6.0.0                                       
                     : <6.0.2                                        
      Fixed version  : 6.0.2                                         
      CVSS Score     : 5.4                                           
      CVSS Vector    : CVSS:3.1/AV:N/AC:L/PR:L/UI:R/S:C/C:L/I:L/A:N  
    

   0C     0H     1M     0L  tough-cookie 2.5.0
pkg:npm/tough-cookie@2.5.0

    ✗ MEDIUM CVE-2023-26136 [Improperly Controlled Modification of Object Prototype Attributes ('Prototype Pollution')]
      https://scout.docker.com/v/CVE-2023-26136?s=github&n=tough-cookie&t=npm&vr=%3C4.1.3
      Affected range : <4.1.3                                        
      Fixed version  : 4.1.3                                         
      CVSS Score     : 6.5                                           
      CVSS Vector    : CVSS:3.1/AV:N/AC:L/PR:N/UI:N/S:U/C:L/I:L/A:N  
    

   0C     0H     1M     0L  path-parse 1.0.6
pkg:npm/path-parse@1.0.6

    ✗ MEDIUM CVE-2021-23343 [Uncontrolled Resource Consumption]
      https://scout.docker.com/v/CVE-2021-23343?s=github&n=path-parse&t=npm&vr=%3C1.0.7
      Affected range : <1.0.7                                        
      Fixed version  : 1.0.7                                         
      CVSS Score     : 5.3                                           
      CVSS Vector    : CVSS:3.1/AV:N/AC:L/PR:N/UI:N/S:U/C:N/I:N/A:L  
    

   0C     0H     1M     0L  esbuild 0.19.12
pkg:npm/esbuild@0.19.12

    ✗ MEDIUM GHSA-67mh-4wv8-2f99 [Origin Validation Error]
      https://scout.docker.com/v/GHSA-67mh-4wv8-2f99?s=github&n=esbuild&t=npm&vr=%3C%3D0.24.2
      Affected range : <=0.24.2                                      
      Fixed version  : 0.25.0                                        
      CVSS Score     : 5.3                                           
      CVSS Vector    : CVSS:3.1/AV:N/AC:H/PR:N/UI:R/S:U/C:H/I:N/A:N  
    

   0C     0H     1M     0L  tar 6.1.11
pkg:npm/tar@6.1.11

    ✗ MEDIUM CVE-2024-28863 [Uncontrolled Resource Consumption]
      https://scout.docker.com/v/CVE-2024-28863?s=github&n=tar&t=npm&vr=%3C6.2.1
      Affected range : <6.2.1                                        
      Fixed version  : 6.2.1                                         
      CVSS Score     : 6.5                                           
      CVSS Vector    : CVSS:3.1/AV:N/AC:L/PR:N/UI:R/S:U/C:N/I:N/A:H  
    

   0C     0H     1M     0L  micromatch 2.3.11
pkg:npm/micromatch@2.3.11

    ✗ MEDIUM CVE-2024-4067 [Inefficient Regular Expression Complexity]
      https://scout.docker.com/v/CVE-2024-4067?s=github&n=micromatch&t=npm&vr=%3C4.0.8
      Affected range : <4.0.8                                        
      Fixed version  : 4.0.8                                         
      CVSS Score     : 5.3                                           
      CVSS Vector    : CVSS:3.1/AV:N/AC:L/PR:N/UI:N/S:U/C:N/I:N/A:L  
    

   0C     0H     1M     0L  tar 4.4.19
pkg:npm/tar@4.4.19

    ✗ MEDIUM CVE-2024-28863 [Uncontrolled Resource Consumption]
      https://scout.docker.com/v/CVE-2024-28863?s=github&n=tar&t=npm&vr=%3C6.2.1
      Affected range : <6.2.1                                        
      Fixed version  : 6.2.1                                         
      CVSS Score     : 6.5                                           
      CVSS Vector    : CVSS:3.1/AV:N/AC:L/PR:N/UI:R/S:U/C:N/I:N/A:H  
    

   0C     0H     0M    23L  binutils 2.44-3
pkg:deb/debian/binutils@2.44-3?os_distro=trixie&os_name=debian&os_version=13

    ✗ LOW CVE-2025-8225
      https://scout.docker.com/v/CVE-2025-8225?s=debian&n=binutils&ns=debian&t=deb&osn=debian&osv=13&vr=%3E%3D2.44-3
      Affected range : >=2.44-3   
      Fixed version  : not fixed  
    
    ✗ LOW CVE-2025-7546
      https://scout.docker.com/v/CVE-2025-7546?s=debian&n=binutils&ns=debian&t=deb&osn=debian&osv=13&vr=%3E%3D2.44-3
      Affected range : >=2.44-3   
      Fixed version  : not fixed  
    
    ✗ LOW CVE-2025-7545
      https://scout.docker.com/v/CVE-2025-7545?s=debian&n=binutils&ns=debian&t=deb&osn=debian&osv=13&vr=%3E%3D2.44-3
      Affected range : >=2.44-3   
      Fixed version  : not fixed  
    
    ✗ LOW CVE-2025-5245
      https://scout.docker.com/v/CVE-2025-5245?s=debian&n=binutils&ns=debian&t=deb&osn=debian&osv=13&vr=%3E%3D2.44-3
      Affected range : >=2.44-3   
      Fixed version  : not fixed  
    
    ✗ LOW CVE-2025-5244
      https://scout.docker.com/v/CVE-2025-5244?s=debian&n=binutils&ns=debian&t=deb&osn=debian&osv=13&vr=%3E%3D2.44-3
      Affected range : >=2.44-3   
      Fixed version  : not fixed  
    
    ✗ LOW CVE-2025-3198
      https://scout.docker.com/v/CVE-2025-3198?s=debian&n=binutils&ns=debian&t=deb&osn=debian&osv=13&vr=%3E%3D2.44-3
      Affected range : >=2.44-3   
      Fixed version  : not fixed  
    
    ✗ LOW CVE-2025-1182
      https://scout.docker.com/v/CVE-2025-1182?s=debian&n=binutils&ns=debian&t=deb&osn=debian&osv=13&vr=%3E%3D2.44-3
      Affected range : >=2.44-3   
      Fixed version  : not fixed  
    
    ✗ LOW CVE-2025-1181
      https://scout.docker.com/v/CVE-2025-1181?s=debian&n=binutils&ns=debian&t=deb&osn=debian&osv=13&vr=%3E%3D2.44-3
      Affected range : >=2.44-3   
      Fixed version  : not fixed  
    
    ✗ LOW CVE-2025-1180
      https://scout.docker.com/v/CVE-2025-1180?s=debian&n=binutils&ns=debian&t=deb&osn=debian&osv=13&vr=%3E%3D2.44-3
      Affected range : >=2.44-3   
      Fixed version  : not fixed  
    
    ✗ LOW CVE-2025-1178
      https://scout.docker.com/v/CVE-2025-1178?s=debian&n=binutils&ns=debian&t=deb&osn=debian&osv=13&vr=%3E%3D2.44-3
      Affected range : >=2.44-3   
      Fixed version  : not fixed  
    
    ✗ LOW CVE-2025-1176
      https://scout.docker.com/v/CVE-2025-1176?s=debian&n=binutils&ns=debian&t=deb&osn=debian&osv=13&vr=%3E%3D2.44-3
      Affected range : >=2.44-3   
      Fixed version  : not fixed  
    
    ✗ LOW CVE-2025-1153
      https://scout.docker.com/v/CVE-2025-1153?s=debian&n=binutils&ns=debian&t=deb&osn=debian&osv=13&vr=%3E%3D2.44-3
      Affected range : >=2.44-3   
      Fixed version  : not fixed  
    
    ✗ LOW CVE-2025-1152
      https://scout.docker.com/v/CVE-2025-1152?s=debian&n=binutils&ns=debian&t=deb&osn=debian&osv=13&vr=%3E%3D2.44-3
      Affected range : >=2.44-3   
      Fixed version  : not fixed  
    
    ✗ LOW CVE-2025-1151
      https://scout.docker.com/v/CVE-2025-1151?s=debian&n=binutils&ns=debian&t=deb&osn=debian&osv=13&vr=%3E%3D2.44-3
      Affected range : >=2.44-3   
      Fixed version  : not fixed  
    
    ✗ LOW CVE-2025-1150
      https://scout.docker.com/v/CVE-2025-1150?s=debian&n=binutils&ns=debian&t=deb&osn=debian&osv=13&vr=%3E%3D2.44-3
      Affected range : >=2.44-3   
      Fixed version  : not fixed  
    
    ✗ LOW CVE-2025-1149
      https://scout.docker.com/v/CVE-2025-1149?s=debian&n=binutils&ns=debian&t=deb&osn=debian&osv=13&vr=%3E%3D2.44-3
      Affected range : >=2.44-3   
      Fixed version  : not fixed  
    
    ✗ LOW CVE-2025-1148
      https://scout.docker.com/v/CVE-2025-1148?s=debian&n=binutils&ns=debian&t=deb&osn=debian&osv=13&vr=%3E%3D2.44-3
      Affected range : >=2.44-3   
      Fixed version  : not fixed  
    
    ✗ LOW CVE-2025-1147
      https://scout.docker.com/v/CVE-2025-1147?s=debian&n=binutils&ns=debian&t=deb&osn=debian&osv=13&vr=%3E%3D2.44-3
      Affected range : >=2.44-3   
      Fixed version  : not fixed  
    
    ✗ LOW CVE-2021-32256
      https://scout.docker.com/v/CVE-2021-32256?s=debian&n=binutils&ns=debian&t=deb&osn=debian&osv=13&vr=%3E%3D2.44-3
      Affected range : >=2.44-3   
      Fixed version  : not fixed  
    
    ✗ LOW CVE-2018-9996
      https://scout.docker.com/v/CVE-2018-9996?s=debian&n=binutils&ns=debian&t=deb&osn=debian&osv=13&vr=%3E%3D2.44-3
      Affected range : >=2.44-3   
      Fixed version  : not fixed  
    
    ✗ LOW CVE-2018-20712
      https://scout.docker.com/v/CVE-2018-20712?s=debian&n=binutils&ns=debian&t=deb&osn=debian&osv=13&vr=%3E%3D2.44-3
      Affected range : >=2.44-3   
      Fixed version  : not fixed  
    
    ✗ LOW CVE-2018-20673
      https://scout.docker.com/v/CVE-2018-20673?s=debian&n=binutils&ns=debian&t=deb&osn=debian&osv=13&vr=%3E%3D2.44-3
      Affected range : >=2.44-3   
      Fixed version  : not fixed  
    
    ✗ LOW CVE-2017-13716
      https://scout.docker.com/v/CVE-2017-13716?s=debian&n=binutils&ns=debian&t=deb&osn=debian&osv=13&vr=%3E%3D2.44-3
      Affected range : >=2.44-3   
      Fixed version  : not fixed  
    

   0C     0H     0M     9L  openssh 1:10.0p1-7
pkg:deb/debian/openssh@1%3A10.0p1-7?os_distro=trixie&os_name=debian&os_version=13

    ✗ LOW CVE-2023-51767
      https://scout.docker.com/v/CVE-2023-51767?s=debian&n=openssh&ns=debian&t=deb&osn=debian&osv=13&vr=%3E%3D1%3A10.0p1-7
      Affected range : >=1:10.0p1-7  
      Fixed version  : not fixed     
    
    ✗ LOW CVE-2020-15778
      https://scout.docker.com/v/CVE-2020-15778?s=debian&n=openssh&ns=debian&t=deb&osn=debian&osv=13&vr=%3E%3D1%3A10.0p1-7
      Affected range : >=1:10.0p1-7  
      Fixed version  : not fixed     
    
    ✗ LOW CVE-2020-14145
      https://scout.docker.com/v/CVE-2020-14145?s=debian&n=openssh&ns=debian&t=deb&osn=debian&osv=13&vr=%3E%3D1%3A10.0p1-7
      Affected range : >=1:10.0p1-7  
      Fixed version  : not fixed     
    
    ✗ LOW CVE-2019-6110
      https://scout.docker.com/v/CVE-2019-6110?s=debian&n=openssh&ns=debian&t=deb&osn=debian&osv=13&vr=%3E%3D1%3A10.0p1-7
      Affected range : >=1:10.0p1-7  
      Fixed version  : not fixed     
    
    ✗ LOW CVE-2018-15919
      https://scout.docker.com/v/CVE-2018-15919?s=debian&n=openssh&ns=debian&t=deb&osn=debian&osv=13&vr=%3E%3D1%3A10.0p1-7
      Affected range : >=1:10.0p1-7  
      Fixed version  : not fixed     
    
    ✗ LOW CVE-2016-20012
      https://scout.docker.com/v/CVE-2016-20012?s=debian&n=openssh&ns=debian&t=deb&osn=debian&osv=13&vr=%3E%3D1%3A10.0p1-7
      Affected range : >=1:10.0p1-7  
      Fixed version  : not fixed     
    
    ✗ LOW CVE-2008-3234
      https://scout.docker.com/v/CVE-2008-3234?s=debian&n=openssh&ns=debian&t=deb&osn=debian&osv=13&vr=%3E%3D1%3A10.0p1-7
      Affected range : >=1:10.0p1-7  
      Fixed version  : not fixed     
    
    ✗ LOW CVE-2007-2768
      https://scout.docker.com/v/CVE-2007-2768?s=debian&n=openssh&ns=debian&t=deb&osn=debian&osv=13&vr=%3E%3D1%3A10.0p1-7
      Affected range : >=1:10.0p1-7  
      Fixed version  : not fixed     
    
    ✗ LOW CVE-2007-2243
      https://scout.docker.com/v/CVE-2007-2243?s=debian&n=openssh&ns=debian&t=deb&osn=debian&osv=13&vr=%3E%3D1%3A10.0p1-7
      Affected range : >=1:10.0p1-7  
      Fixed version  : not fixed     
    

   0C     0H     0M     7L  glibc 2.41-12
pkg:deb/debian/glibc@2.41-12?os_distro=trixie&os_name=debian&os_version=13

    ✗ LOW CVE-2019-9192
      https://scout.docker.com/v/CVE-2019-9192?s=debian&n=glibc&ns=debian&t=deb&osn=debian&osv=13&vr=%3E%3D2.41-12
      Affected range : >=2.41-12  
      Fixed version  : not fixed  
    
    ✗ LOW CVE-2019-1010025
      https://scout.docker.com/v/CVE-2019-1010025?s=debian&n=glibc&ns=debian&t=deb&osn=debian&osv=13&vr=%3E%3D2.41-12
      Affected range : >=2.41-12  
      Fixed version  : not fixed  
    
    ✗ LOW CVE-2019-1010024
      https://scout.docker.com/v/CVE-2019-1010024?s=debian&n=glibc&ns=debian&t=deb&osn=debian&osv=13&vr=%3E%3D2.41-12
      Affected range : >=2.41-12  
      Fixed version  : not fixed  
    
    ✗ LOW CVE-2019-1010023
      https://scout.docker.com/v/CVE-2019-1010023?s=debian&n=glibc&ns=debian&t=deb&osn=debian&osv=13&vr=%3E%3D2.41-12
      Affected range : >=2.41-12  
      Fixed version  : not fixed  
    
    ✗ LOW CVE-2019-1010022
      https://scout.docker.com/v/CVE-2019-1010022?s=debian&n=glibc&ns=debian&t=deb&osn=debian&osv=13&vr=%3E%3D2.41-12
      Affected range : >=2.41-12  
      Fixed version  : not fixed  
    
    ✗ LOW CVE-2018-20796
      https://scout.docker.com/v/CVE-2018-20796?s=debian&n=glibc&ns=debian&t=deb&osn=debian&osv=13&vr=%3E%3D2.41-12
      Affected range : >=2.41-12  
      Fixed version  : not fixed  
    
    ✗ LOW CVE-2010-4756
      https://scout.docker.com/v/CVE-2010-4756?s=debian&n=glibc&ns=debian&t=deb&osn=debian&osv=13&vr=%3E%3D2.41-12
      Affected range : >=2.41-12  
      Fixed version  : not fixed  
    

   0C     0H     0M     7L  elfutils 0.192-4
pkg:deb/debian/elfutils@0.192-4?os_distro=trixie&os_name=debian&os_version=13

    ✗ LOW CVE-2025-1377
      https://scout.docker.com/v/CVE-2025-1377?s=debian&n=elfutils&ns=debian&t=deb&osn=debian&osv=13&vr=%3E%3D0.192-4
      Affected range : >=0.192-4  
      Fixed version  : not fixed  
    
    ✗ LOW CVE-2025-1376
      https://scout.docker.com/v/CVE-2025-1376?s=debian&n=elfutils&ns=debian&t=deb&osn=debian&osv=13&vr=%3E%3D0.192-4
      Affected range : >=0.192-4  
      Fixed version  : not fixed  
    
    ✗ LOW CVE-2025-1372
      https://scout.docker.com/v/CVE-2025-1372?s=debian&n=elfutils&ns=debian&t=deb&osn=debian&osv=13&vr=%3E%3D0.192-4
      Affected range : >=0.192-4  
      Fixed version  : not fixed  
    
    ✗ LOW CVE-2025-1371
      https://scout.docker.com/v/CVE-2025-1371?s=debian&n=elfutils&ns=debian&t=deb&osn=debian&osv=13&vr=%3E%3D0.192-4
      Affected range : >=0.192-4  
      Fixed version  : not fixed  
    
    ✗ LOW CVE-2025-1365
      https://scout.docker.com/v/CVE-2025-1365?s=debian&n=elfutils&ns=debian&t=deb&osn=debian&osv=13&vr=%3E%3D0.192-4
      Affected range : >=0.192-4  
      Fixed version  : not fixed  
    
    ✗ LOW CVE-2025-1352
      https://scout.docker.com/v/CVE-2025-1352?s=debian&n=elfutils&ns=debian&t=deb&osn=debian&osv=13&vr=%3E%3D0.192-4
      Affected range : >=0.192-4  
      Fixed version  : not fixed  
    
    ✗ LOW CVE-2024-25260
      https://scout.docker.com/v/CVE-2024-25260?s=debian&n=elfutils&ns=debian&t=deb&osn=debian&osv=13&vr=%3E%3D0.192-4
      Affected range : >=0.192-4  
      Fixed version  : not fixed  
    

   0C     0H     0M     4L  nss 2:3.110-1
pkg:deb/debian/nss@2%3A3.110-1?os_distro=trixie&os_name=debian&os_version=13

    ✗ LOW CVE-2017-11698
      https://scout.docker.com/v/CVE-2017-11698?s=debian&n=nss&ns=debian&t=deb&osn=debian&osv=13&vr=%3E%3D2%3A3.110-1
      Affected range : >=2:3.110-1  
      Fixed version  : not fixed    
    
    ✗ LOW CVE-2017-11697
      https://scout.docker.com/v/CVE-2017-11697?s=debian&n=nss&ns=debian&t=deb&osn=debian&osv=13&vr=%3E%3D2%3A3.110-1
      Affected range : >=2:3.110-1  
      Fixed version  : not fixed    
    
    ✗ LOW CVE-2017-11696
      https://scout.docker.com/v/CVE-2017-11696?s=debian&n=nss&ns=debian&t=deb&osn=debian&osv=13&vr=%3E%3D2%3A3.110-1
      Affected range : >=2:3.110-1  
      Fixed version  : not fixed    
    
    ✗ LOW CVE-2017-11695
      https://scout.docker.com/v/CVE-2017-11695?s=debian&n=nss&ns=debian&t=deb&osn=debian&osv=13&vr=%3E%3D2%3A3.110-1
      Affected range : >=2:3.110-1  
      Fixed version  : not fixed    
    

   0C     0H     0M     4L  mesa 25.0.7-2
pkg:deb/debian/mesa@25.0.7-2?os_distro=trixie&os_name=debian&os_version=13

    ✗ LOW CVE-2023-45931
      https://scout.docker.com/v/CVE-2023-45931?s=debian&n=mesa&ns=debian&t=deb&osn=debian&osv=13&vr=%3E%3D25.0.7-2
      Affected range : >=25.0.7-2  
      Fixed version  : not fixed   
    
    ✗ LOW CVE-2023-45922
      https://scout.docker.com/v/CVE-2023-45922?s=debian&n=mesa&ns=debian&t=deb&osn=debian&osv=13&vr=%3E%3D25.0.7-2
      Affected range : >=25.0.7-2  
      Fixed version  : not fixed   
    
    ✗ LOW CVE-2023-45919
      https://scout.docker.com/v/CVE-2023-45919?s=debian&n=mesa&ns=debian&t=deb&osn=debian&osv=13&vr=%3E%3D25.0.7-2
      Affected range : >=25.0.7-2  
      Fixed version  : not fixed   
    
    ✗ LOW CVE-2023-45913
      https://scout.docker.com/v/CVE-2023-45913?s=debian&n=mesa&ns=debian&t=deb&osn=debian&osv=13&vr=%3E%3D25.0.7-2
      Affected range : >=25.0.7-2  
      Fixed version  : not fixed   
    

   0C     0H     0M     4L  openldap 2.6.10+dfsg-1
pkg:deb/debian/openldap@2.6.10%2Bdfsg-1?os_distro=trixie&os_name=debian&os_version=13

    ✗ LOW CVE-2020-15719
      https://scout.docker.com/v/CVE-2020-15719?s=debian&n=openldap&ns=debian&t=deb&osn=debian&osv=13&vr=%3E%3D2.6.10%2Bdfsg-1
      Affected range : >=2.6.10+dfsg-1  
      Fixed version  : not fixed        
    
    ✗ LOW CVE-2017-17740
      https://scout.docker.com/v/CVE-2017-17740?s=debian&n=openldap&ns=debian&t=deb&osn=debian&osv=13&vr=%3E%3D2.6.10%2Bdfsg-1
      Affected range : >=2.6.10+dfsg-1  
      Fixed version  : not fixed        
    
    ✗ LOW CVE-2017-14159
      https://scout.docker.com/v/CVE-2017-14159?s=debian&n=openldap&ns=debian&t=deb&osn=debian&osv=13&vr=%3E%3D2.6.10%2Bdfsg-1
      Affected range : >=2.6.10+dfsg-1  
      Fixed version  : not fixed        
    
    ✗ LOW CVE-2015-3276
      https://scout.docker.com/v/CVE-2015-3276?s=debian&n=openldap&ns=debian&t=deb&osn=debian&osv=13&vr=%3E%3D2.6.10%2Bdfsg-1
      Affected range : >=2.6.10+dfsg-1  
      Fixed version  : not fixed        
    

   0C     0H     0M     4L  patch 2.8-2
pkg:deb/debian/patch@2.8-2?os_distro=trixie&os_name=debian&os_version=13

    ✗ LOW CVE-2021-45261
      https://scout.docker.com/v/CVE-2021-45261?s=debian&n=patch&ns=debian&t=deb&osn=debian&osv=13&vr=%3E%3D2.8-2
      Affected range : >=2.8-2    
      Fixed version  : not fixed  
    
    ✗ LOW CVE-2018-6952
      https://scout.docker.com/v/CVE-2018-6952?s=debian&n=patch&ns=debian&t=deb&osn=debian&osv=13&vr=%3E%3D2.8-2
      Affected range : >=2.8-2    
      Fixed version  : not fixed  
    
    ✗ LOW CVE-2018-6951
      https://scout.docker.com/v/CVE-2018-6951?s=debian&n=patch&ns=debian&t=deb&osn=debian&osv=13&vr=%3E%3D2.8-2
      Affected range : >=2.8-2    
      Fixed version  : not fixed  
    
    ✗ LOW CVE-2010-4651
      https://scout.docker.com/v/CVE-2010-4651?s=debian&n=patch&ns=debian&t=deb&osn=debian&osv=13&vr=%3E%3D2.8-2
      Affected range : >=2.8-2    
      Fixed version  : not fixed  
    

   0C     0H     0M     4L  systemd 257.7-1
pkg:deb/debian/systemd@257.7-1?os_distro=trixie&os_name=debian&os_version=13

    ✗ LOW CVE-2023-31439
      https://scout.docker.com/v/CVE-2023-31439?s=debian&n=systemd&ns=debian&t=deb&osn=debian&osv=13&vr=%3E%3D257.7-1
      Affected range : >=257.7-1  
      Fixed version  : not fixed  
    
    ✗ LOW CVE-2023-31438
      https://scout.docker.com/v/CVE-2023-31438?s=debian&n=systemd&ns=debian&t=deb&osn=debian&osv=13&vr=%3E%3D257.7-1
      Affected range : >=257.7-1  
      Fixed version  : not fixed  
    
    ✗ LOW CVE-2023-31437
      https://scout.docker.com/v/CVE-2023-31437?s=debian&n=systemd&ns=debian&t=deb&osn=debian&osv=13&vr=%3E%3D257.7-1
      Affected range : >=257.7-1  
      Fixed version  : not fixed  
    
    ✗ LOW CVE-2013-4392
      https://scout.docker.com/v/CVE-2013-4392?s=debian&n=systemd&ns=debian&t=deb&osn=debian&osv=13&vr=%3E%3D257.7-1
      Affected range : >=257.7-1  
      Fixed version  : not fixed  
    

   0C     0H     0M     3L  krb5 1.21.3-5
pkg:deb/debian/krb5@1.21.3-5?os_distro=trixie&os_name=debian&os_version=13

    ✗ LOW CVE-2024-26461
      https://scout.docker.com/v/CVE-2024-26461?s=debian&n=krb5&ns=debian&t=deb&osn=debian&osv=13&vr=%3E%3D1.21.3-5
      Affected range : >=1.21.3-5  
      Fixed version  : not fixed   
    
    ✗ LOW CVE-2024-26458
      https://scout.docker.com/v/CVE-2024-26458?s=debian&n=krb5&ns=debian&t=deb&osn=debian&osv=13&vr=%3E%3D1.21.3-5
      Affected range : >=1.21.3-5  
      Fixed version  : not fixed   
    
    ✗ LOW CVE-2018-5709
      https://scout.docker.com/v/CVE-2018-5709?s=debian&n=krb5&ns=debian&t=deb&osn=debian&osv=13&vr=%3E%3D1.21.3-5
      Affected range : >=1.21.3-5  
      Fixed version  : not fixed   
    

   0C     0H     0M     3L  git 1:2.47.2-0.2
pkg:deb/debian/git@1%3A2.47.2-0.2?os_distro=trixie&os_name=debian&os_version=13

    ✗ LOW CVE-2024-52005
      https://scout.docker.com/v/CVE-2024-52005?s=debian&n=git&ns=debian&t=deb&osn=debian&osv=13&vr=%3E%3D1%3A2.47.2-0.2
      Affected range : >=1:2.47.2-0.2  
      Fixed version  : not fixed       
    
    ✗ LOW CVE-2022-24975
      https://scout.docker.com/v/CVE-2022-24975?s=debian&n=git&ns=debian&t=deb&osn=debian&osv=13&vr=%3E%3D1%3A2.47.2-0.2
      Affected range : >=1:2.47.2-0.2  
      Fixed version  : not fixed       
    
    ✗ LOW CVE-2018-1000021
      https://scout.docker.com/v/CVE-2018-1000021?s=debian&n=git&ns=debian&t=deb&osn=debian&osv=13&vr=%3E%3D1%3A2.47.2-0.2
      Affected range : >=1:2.47.2-0.2  
      Fixed version  : not fixed       
    

   0C     0H     0M     2L  lcms2 2.16-2
pkg:deb/debian/lcms2@2.16-2?os_distro=trixie&os_name=debian&os_version=13

    ✗ LOW CVE-2025-29070
      https://scout.docker.com/v/CVE-2025-29070?s=debian&n=lcms2&ns=debian&t=deb&osn=debian&osv=13&vr=%3E%3D2.16-2
      Affected range : >=2.16-2   
      Fixed version  : not fixed  
    
    ✗ LOW CVE-2025-29069
      https://scout.docker.com/v/CVE-2025-29069?s=debian&n=lcms2&ns=debian&t=deb&osn=debian&osv=13&vr=%3E%3D2.16-2
      Affected range : >=2.16-2   
      Fixed version  : not fixed  
    

   0C     0H     0M     2L  coreutils 9.7-3
pkg:deb/debian/coreutils@9.7-3?os_distro=trixie&os_name=debian&os_version=13

    ✗ LOW CVE-2025-5278
      https://scout.docker.com/v/CVE-2025-5278?s=debian&n=coreutils&ns=debian&t=deb&osn=debian&osv=13&vr=%3E%3D9.7-3
      Affected range : >=9.7-3    
      Fixed version  : not fixed  
    
    ✗ LOW CVE-2017-18018
      https://scout.docker.com/v/CVE-2017-18018?s=debian&n=coreutils&ns=debian&t=deb&osn=debian&osv=13&vr=%3E%3D9.7-3
      Affected range : >=9.7-3    
      Fixed version  : not fixed  
    

   0C     0H     0M     2L  libgcrypt20 1.11.0-7
pkg:deb/debian/libgcrypt20@1.11.0-7?os_distro=trixie&os_name=debian&os_version=13

    ✗ LOW CVE-2024-2236
      https://scout.docker.com/v/CVE-2024-2236?s=debian&n=libgcrypt20&ns=debian&t=deb&osn=debian&osv=13&vr=%3E%3D1.11.0-7
      Affected range : >=1.11.0-7  
      Fixed version  : not fixed   
    
    ✗ LOW CVE-2018-6829
      https://scout.docker.com/v/CVE-2018-6829?s=debian&n=libgcrypt20&ns=debian&t=deb&osn=debian&osv=13&vr=%3E%3D1.11.0-7
      Affected range : >=1.11.0-7  
      Fixed version  : not fixed   
    

   0C     0H     0M     1L  bash-completion 1:2.16.0-7
pkg:deb/debian/bash-completion@1%3A2.16.0-7?os_distro=trixie&os_name=debian&os_version=13

    ✗ LOW CVE-2018-7738
      https://scout.docker.com/v/CVE-2018-7738?s=debian&n=bash-completion&ns=debian&t=deb&osn=debian&osv=13&vr=%3E%3D1%3A2.16.0-7
      Affected range : >=1:2.16.0-7  
      Fixed version  : not fixed     
    

   0C     0H     0M     1L  libpng1.6 1.6.48-1
pkg:deb/debian/libpng1.6@1.6.48-1?os_distro=trixie&os_name=debian&os_version=13

    ✗ LOW CVE-2021-4214
      https://scout.docker.com/v/CVE-2021-4214?s=debian&n=libpng1.6&ns=debian&t=deb&osn=debian&osv=13&vr=%3E%3D1.6.48-1
      Affected range : >=1.6.48-1  
      Fixed version  : not fixed   
    

   0C     0H     0M     1L  libglvnd 1.7.0-1
pkg:deb/debian/libglvnd@1.7.0-1?os_distro=trixie&os_name=debian&os_version=13

    ✗ LOW CVE-2023-45924
      https://scout.docker.com/v/CVE-2023-45924?s=debian&n=libglvnd&ns=debian&t=deb&osn=debian&osv=13&vr=%3E%3D1.7.0-1
      Affected range : >=1.7.0-1  
      Fixed version  : not fixed  
    

   0C     0H     0M     1L  gnutls28 3.8.9-3
pkg:deb/debian/gnutls28@3.8.9-3?os_distro=trixie&os_name=debian&os_version=13

    ✗ LOW CVE-2011-3389
      https://scout.docker.com/v/CVE-2011-3389?s=debian&n=gnutls28&ns=debian&t=deb&osn=debian&osv=13&vr=%3E%3D3.8.9-3
      Affected range : >=3.8.9-3  
      Fixed version  : not fixed  
    

   0C     0H     0M     1L  markdown 1.0.0
pkg:npm/markdown@1.0.0

    ✗ LOW GHSA-wx77-rp39-c6vg [Uncontrolled Resource Consumption]
      https://scout.docker.com/v/GHSA-wx77-rp39-c6vg?s=github&n=markdown&t=npm&vr=%3E%3D0.0.0
      Affected range : >=0.0.0    
      Fixed version  : not fixed  
    

   0C     0H     0M     1L  pixman 0.44.0-3
pkg:deb/debian/pixman@0.44.0-3?os_distro=trixie&os_name=debian&os_version=13

    ✗ LOW CVE-2023-37769
      https://scout.docker.com/v/CVE-2023-37769?s=debian&n=pixman&ns=debian&t=deb&osn=debian&osv=13&vr=%3E%3D0.44.0-3
      Affected range : >=0.44.0-3  
      Fixed version  : not fixed   
    

   0C     0H     0M     1L  apt 3.0.3
pkg:deb/debian/apt@3.0.3?os_distro=trixie&os_name=debian&os_version=13

    ✗ LOW CVE-2011-3374
      https://scout.docker.com/v/CVE-2011-3374?s=debian&n=apt&ns=debian&t=deb&osn=debian&osv=13&vr=%3E%3D3.0.3
      Affected range : >=3.0.3    
      Fixed version  : not fixed  
    

   0C     0H     0M     1L  sudo 1.9.16p2-3
pkg:deb/debian/sudo@1.9.16p2-3?os_distro=trixie&os_name=debian&os_version=13

    ✗ LOW CVE-2005-1119
      https://scout.docker.com/v/CVE-2005-1119?s=debian&n=sudo&ns=debian&t=deb&osn=debian&osv=13&vr=%3E%3D1.9.16p2-3
      Affected range : >=1.9.16p2-3  
      Fixed version  : not fixed     
    

   0C     0H     0M     1L  glib2.0 2.84.3-1
pkg:deb/debian/glib2.0@2.84.3-1?os_distro=trixie&os_name=debian&os_version=13

    ✗ LOW CVE-2012-0039
      https://scout.docker.com/v/CVE-2012-0039?s=debian&n=glib2.0&ns=debian&t=deb&osn=debian&osv=13&vr=%3E%3D2.84.3-1
      Affected range : >=2.84.3-1  
      Fixed version  : not fixed   
    

   0C     0H     0M     1L  cups 2.4.10-3
pkg:deb/debian/cups@2.4.10-3?os_distro=trixie&os_name=debian&os_version=13

    ✗ LOW CVE-2014-8166
      https://scout.docker.com/v/CVE-2014-8166?s=debian&n=cups&ns=debian&t=deb&osn=debian&osv=13&vr=%3E%3D2.4.10-3
      Affected range : >=2.4.10-3  
      Fixed version  : not fixed   
    

   0C     0H     0M     1L  util-linux 2.41-5
pkg:deb/debian/util-linux@2.41-5?os_distro=trixie&os_name=debian&os_version=13

    ✗ LOW CVE-2022-0563
      https://scout.docker.com/v/CVE-2022-0563?s=debian&n=util-linux&ns=debian&t=deb&osn=debian&osv=13&vr=%3E%3D2.41-5
      Affected range : >=2.41-5   
      Fixed version  : not fixed  
    

   0C     0H     0M     1L  brace-expansion 1.1.11
pkg:npm/brace-expansion@1.1.11

    ✗ LOW CVE-2025-5889 [Uncontrolled Resource Consumption]
      https://scout.docker.com/v/CVE-2025-5889?s=github&n=brace-expansion&t=npm&vr=%3E%3D1.0.0%2C%3C%3D1.1.11
      Affected range : >=1.0.0                                                              
                     : <=1.1.11                                                             
      Fixed version  : 1.1.12                                                               
      CVSS Score     : 1.3                                                                  
      CVSS Vector    : CVSS:4.0/AV:N/AC:H/AT:N/PR:L/UI:N/VC:N/VI:N/VA:L/SC:N/SI:N/SA:N/E:P  
    

   0C     0H     0M     1L  xdg-utils 1.2.1-2
pkg:deb/debian/xdg-utils@1.2.1-2?os_distro=trixie&os_name=debian&os_version=13

    ✗ LOW CVE-2025-52968
      https://scout.docker.com/v/CVE-2025-52968?s=debian&n=xdg-utils&ns=debian&t=deb&osn=debian&osv=13&vr=%3E%3D1.2.1-2
      Affected range : >=1.2.1-2  
      Fixed version  : not fixed  
    

   0C     0H     0M     1L  jbigkit 2.1-6.1
pkg:deb/debian/jbigkit@2.1-6.1?os_distro=trixie&os_name=debian&os_version=13

    ✗ LOW CVE-2017-9937
      https://scout.docker.com/v/CVE-2017-9937?s=debian&n=jbigkit&ns=debian&t=deb&osn=debian&osv=13&vr=%3E%3D2.1-6.1
      Affected range : >=2.1-6.1  
      Fixed version  : not fixed  
    

   0C     0H     0M     1L  cairo 1.18.4-1
pkg:deb/debian/cairo@1.18.4-1?os_distro=trixie&os_name=debian&os_version=13

    ✗ LOW CVE-2018-18064
      https://scout.docker.com/v/CVE-2018-18064?s=debian&n=cairo&ns=debian&t=deb&osn=debian&osv=13&vr=%3E%3D1.18.4-1
      Affected range : >=1.18.4-1  
      Fixed version  : not fixed   
    

   0C     0H     0M     1L  gnupg2 2.4.7-21
pkg:deb/debian/gnupg2@2.4.7-21?os_distro=trixie&os_name=debian&os_version=13

    ✗ LOW CVE-2022-3219
      https://scout.docker.com/v/CVE-2022-3219?s=debian&n=gnupg2&ns=debian&t=deb&osn=debian&osv=13&vr=%3E%3D2.4.7-21
      Affected range : >=2.4.7-21  
      Fixed version  : not fixed   
    

   0C     0H     0M     1L  perl 5.40.1-6
pkg:deb/debian/perl@5.40.1-6?os_distro=trixie&os_name=debian&os_version=13

    ✗ LOW CVE-2011-4116
      https://scout.docker.com/v/CVE-2011-4116?s=debian&n=perl&ns=debian&t=deb&osn=debian&osv=13&vr=%3E%3D5.40.1-6
      Affected range : >=5.40.1-6  
      Fixed version  : not fixed   
    

   0C     0H     0M     1L  openssl 3.5.1-1
pkg:deb/debian/openssl@3.5.1-1?os_distro=trixie&os_name=debian&os_version=13

    ✗ LOW CVE-2010-0928
      https://scout.docker.com/v/CVE-2010-0928?s=debian&n=openssl&ns=debian&t=deb&osn=debian&osv=13&vr=%3E%3D3.2.1-3
      Affected range : >=3.2.1-3  
      Fixed version  : not fixed  
    

   0C     0H     0M     1L  tmp 0.0.33
pkg:npm/tmp@0.0.33

    ✗ LOW CVE-2025-54798 [Improper Link Resolution Before File Access ('Link Following')]
      https://scout.docker.com/v/CVE-2025-54798?s=github&n=tmp&t=npm&vr=%3C%3D0.2.3
      Affected range : <=0.2.3                                       
      Fixed version  : 0.2.4                                         
      CVSS Score     : 2.5                                           
      CVSS Vector    : CVSS:3.1/AV:L/AC:H/PR:L/UI:N/S:U/C:N/I:L/A:N  
    

   0C     0H     0M     1L  brace-expansion 2.0.1
pkg:npm/brace-expansion@2.0.1

    ✗ LOW CVE-2025-5889 [Uncontrolled Resource Consumption]
      https://scout.docker.com/v/CVE-2025-5889?s=github&n=brace-expansion&t=npm&vr=%3E%3D2.0.0%2C%3C%3D2.0.1
      Affected range : >=2.0.0                                                              
                     : <=2.0.1                                                              
      Fixed version  : 2.0.2                                                                
      CVSS Score     : 1.3                                                                  
      CVSS Vector    : CVSS:4.0/AV:N/AC:H/AT:N/PR:L/UI:N/VC:N/VI:N/VA:L/SC:N/SI:N/SA:N/E:P  
    

   0C     0H     0M     1L  shadow 1:4.17.4-2
pkg:deb/debian/shadow@1%3A4.17.4-2?os_distro=trixie&os_name=debian&os_version=13

    ✗ LOW CVE-2007-5686
      https://scout.docker.com/v/CVE-2007-5686?s=debian&n=shadow&ns=debian&t=deb&osn=debian&osv=13&vr=%3E%3D1%3A4.17.4-2
      Affected range : >=1:4.17.4-2  
      Fixed version  : not fixed     
    

   0C     0H     0M     1L  libxml2 2.12.7+dfsg+really2.9.14-2.1
pkg:deb/debian/libxml2@2.12.7%2Bdfsg%2Breally2.9.14-2.1?os_distro=trixie&os_name=debian&os_version=13

    ✗ LOW CVE-2025-8732
      https://scout.docker.com/v/CVE-2025-8732?s=debian&n=libxml2&ns=debian&t=deb&osn=debian&osv=13&vr=%3E%3D2.12.7%2Bdfsg%2Breally2.9.14-2.1
      Affected range : >=2.12.7+dfsg+really2.9.14-2.1  
      Fixed version  : not fixed                       
    

   0C     0H     0M     1L  debug 4.1.1
pkg:npm/debug@4.1.1

    ✗ LOW CVE-2017-16137 [Uncontrolled Resource Consumption]
      https://scout.docker.com/v/CVE-2017-16137?s=github&n=debug&t=npm&vr=%3E%3D4.0.0%2C%3C4.3.1
      Affected range : >=4.0.0                                       
                     : <4.3.1                                        
      Fixed version  : 4.3.1                                         
      CVSS Score     : 3.7                                           
      CVSS Vector    : CVSS:3.1/AV:N/AC:H/PR:N/UI:N/S:U/C:N/I:N/A:L  
    

   0C     0H     0M     1L  sqlite3 3.46.1-7
pkg:deb/debian/sqlite3@3.46.1-7?os_distro=trixie&os_name=debian&os_version=13

    ✗ LOW CVE-2021-45346
      https://scout.docker.com/v/CVE-2021-45346?s=debian&n=sqlite3&ns=debian&t=deb&osn=debian&osv=13&vr=%3E%3D3.46.1-7
      Affected range : >=3.46.1-7  
      Fixed version  : not fixed   
    

   0C     0H     0M     1L  xdg-user-dirs 0.18-2
pkg:deb/debian/xdg-user-dirs@0.18-2?os_distro=trixie&os_name=debian&os_version=13

    ✗ LOW CVE-2017-15131
      https://scout.docker.com/v/CVE-2017-15131?s=debian&n=xdg-user-dirs&ns=debian&t=deb&osn=debian&osv=13&vr=%3E%3D0.18-2
      Affected range : >=0.18-2   
      Fixed version  : not fixed  
    

   0C     0H     0M     0L     1?  github.com/go-chi/chi 4.1.2+incompatible
pkg:golang/github.com/go-chi/chi@4.1.2%2Bincompatible

    ✗ UNSPECIFIED GHSA-vrw8-fxc6-2r93
      https://scout.docker.com/v/GHSA-vrw8-fxc6-2r93?s=golang&n=chi&ns=github.com%2Fgo-chi&t=golang&vr=%3E%3D0
      Affected range : >=0        
      Fixed version  : not fixed  
    


253 vulnerabilities found in 114 packages
  CRITICAL     13   
  HIGH         60   
  MEDIUM       51   
  LOW          124  
  UNSPECIFIED  5    


Vulnerability summary for dmg-vs-code-debian-slim:e99cb2fbc99a:
  HIGH: total=60, fixed=0, unfixed=60
  MEDIUM: total=51, fixed=0, unfixed=51
  LOW: total=124, fixed=0, unfixed=124
  UNSPECIFIED: total=5, fixed=0, unfixed=5
  CRITICAL: total=13, fixed=0, unfixed=13
