[INFO] Verbose logging enabled. All output will be saved to logs/build-log-1756575432.log
Container image dmg-vs-code-debian-slim:6617b23e8d3d not found. Building...
[INFO] Docker build completed successfully
[INFO] Docker build log saved to logs/docker-build-6617b23e8d3d.log
--- Last 20 lines of build log ---
#25 [21/22] COPY --chown=devuser:devuser scripts/vscode-tunnel-entrypoint.sh /home/devuser/vscode-tunnel-entrypoint.sh
#25 DONE 0.0s

#26 [22/22] RUN chmod +x /home/devuser/vscode-tunnel-entrypoint.sh
#26 DONE 0.1s

#27 exporting to image
#27 exporting layers
#27 exporting layers 5.6s done
#27 exporting manifest sha256:7449a38f5cfc93cbfe178c83322c33ef8162ef837dbacdd3233255fa27c1d3e4
#27 exporting manifest sha256:7449a38f5cfc93cbfe178c83322c33ef8162ef837dbacdd3233255fa27c1d3e4 done
#27 exporting config sha256:2ebfceaa352b2a64551902621f8eadb05f8bf58a6f0ef063f722fe567b9fd86c done
#27 exporting attestation manifest sha256:00d470b327b947c3ed35cb3a356b3a33fbdbf3fb7dfdec8985b7a48fffdb2c38 done
#27 exporting manifest list sha256:6395021ebef57f9d298c67d2571c1fd510fafd098a3c46fbcdc2bc899f8d9e91 done
#27 naming to docker.io/library/dmg-vs-code-debian-slim:6617b23e8d3d done
#27 unpacking to docker.io/library/dmg-vs-code-debian-slim:6617b23e8d3d
#27 unpacking to docker.io/library/dmg-vs-code-debian-slim:6617b23e8d3d 2.7s done
#27 DONE 8.4s

View build details: docker-desktop://dashboard/build/desktop-linux/desktop-linux/m5n3xzuqdguolm613hzhjk0em
Running npm audit fix in a temp container (if npm is present)...
*
* Visual Studio Code Server
*
* By using the software, you agree to
* the Visual Studio Code Server License Terms (https://aka.ms/vscode-server-license) and
* the Microsoft Privacy Statement (https://privacy.microsoft.com/en-US/privacystatement).
*
[2025-08-30 17:37:28] info Using GitHub for authentication, run `code tunnel user login --provider <provider>` option to change this.
To grant access to the server, please log into https://github.com/login/device and use code 1557-94E0
Timeout reached, killing process 85303
./build_vscode_docker_debian_slim_secure.sh: line 343: 85303 Killed: 9               "${cmd[@]}"
[INFO] NPM audit log saved to logs/npm-audit-6617b23e8d3d.log
Running apt-get update/upgrade in a temp container (if apt is present)...
*
* Visual Studio Code Server
*
* By using the software, you agree to
* the Visual Studio Code Server License Terms (https://aka.ms/vscode-server-license) and
* the Microsoft Privacy Statement (https://privacy.microsoft.com/en-US/privacystatement).
*
[2025-08-30 17:42:29] info Using GitHub for authentication, run `code tunnel user login --provider <provider>` option to change this.
To grant access to the server, please log into https://github.com/login/device and use code 68F6-BD7B
[2025-08-30 17:43:35] info Creating tunnel with the name: e0caec08bfc8

Open this link in your browser https://vscode.dev/tunnel/e0caec08bfc8

