[INFO] Verbose logging enabled. All output will be saved to logs/build-log-1756577174.log
Container image dmg-vs-code-debian-slim:6617b23e8d3d already exists.
Skipping security remediation steps (image already exists and analyzed).
Using existing Docker Scout analysis for dmg-vs-code-debian-slim:6617b23e8d3d (use --force-analysis to re-run)...
CVEs log: logs/docker-scout-cves-6617b23e8d3d.log
Recommendations log: logs/docker-scout-recommendations-6617b23e8d3d.log

Vulnerability summary for dmg-vs-code-debian-slim:6617b23e8d3d:
=== Vulnerability Summary for dmg-vs-code-debian-slim:6617b23e8d3d ===
Critical:     4
High:         16
Medium:       7
Low:          87
Unspecified:  4
Fixable:      113
============================================
Full CVE analysis saved to: logs/docker-scout-cves-6617b23e8d3d.log
Recommendations saved to: logs/docker-scout-recommendations-6617b23e8d3d.log
Using host port 8080 for container vscode-server-tunnel (host:8080 -> container:8080)
Launching VS Code Server container as vscode-server-tunnel...
docker run envs: 
0a0d1b96407a08e16212d57b38f88d4d1c8cd70e5b5363f9248dcf0b8f76bffe
[INFO] Docker run log saved to logs/docker-run-vscode-server-tunnel-6617b23e8d3d_1.log
Test mode enabled - waiting for tunnel connection before terminating...
Container is running on port 8080.
Monitoring logs for tunnel connection...

Manual termination options:
  - Type 'quit' or 'exit' to terminate immediately
  - Press Ctrl+C to terminate
  - Script will auto-terminate when tunnel connects

