[INFO] Verbose logging enabled. All output will be saved to logs/build-log-1756587230.log
Container image dmg-vs-code-debian-slim:6617b23e8d3d already exists.
Skipping security remediation steps (image already exists and analyzed).
Using existing Docker Scout analysis for dmg-vs-code-debian-slim:6617b23e8d3d (use --force-analysis to re-run)...
CVEs log: logs/docker-scout-cves-6617b23e8d3d.log
Recommendations log: logs/docker-scout-recommendations-6617b23e8d3d.log

Vulnerability summary for dmg-vs-code-debian-slim:6617b23e8d3d:
=== Vulnerability Summary for dmg-vs-code-debian-slim:6617b23e8d3d ===
Critical:     4
High:         16
Medium:       7
Low:          87
Unspecified:  4
Fixable:      113
============================================
Full CVE analysis saved to: logs/docker-scout-cves-6617b23e8d3d.log
Recommendations saved to: logs/docker-scout-recommendations-6617b23e8d3d.log
Stopping and removing previous container vscode-server-tunnel...
Using host port 8080 for container vscode-server-tunnel (host:8080 -> container:8080)
Launching VS Code Server container as vscode-server-tunnel...
docker run envs: 
09bd0963ab88d02ffcdb24b13c888abb879f772ceddafc6db74477155eeb198d
[INFO] Docker run log saved to logs/docker-run-vscode-server-tunnel-6617b23e8d3d_19.log
Copying local VS Code settings.json to container...

--- VS Code Tunnel Auth Token and Link ---
(If not already authenticated, copy the code and link below to set up your GitHub tunnel.)
-------------------------------------------------
Waiting for VS Code tunnel to start... (this may take up to 2 minutes)

🔑 Auth Code: D1CF-E7BC
   Visit: https://github.com/login/device
   Enter code: D1CF-E7BC

.
Received interrupt signal. Cleaning up...
Stopping container vscode-server-tunnel...
Killing child processes: 51428
