[INFO] Verbose logging enabled. All output will be saved to logs/build-log-1756516702.log
Container image dmg-vs-code-debian-slim:cf91ace487cd already exists.
Skipping security remediation steps (image already exists and analyzed).
Using existing Docker Scout analysis for dmg-vs-code-debian-slim:cf91ace487cd (use --force-analysis to re-run)...
CVEs log: logs/docker-scout-cves-cf91ace487cd.log
Recommendations log: logs/docker-scout-recommendations-cf91ace487cd.log

Vulnerability summary for dmg-vs-code-debian-slim:cf91ace487cd:
=== Vulnerability Summary for dmg-vs-code-debian-slim:cf91ace487cd ===
Critical:     4
High:         17
Medium:       7
Low:          87
Unspecified:  4
Fixable:      114
============================================
Full CVE analysis saved to: logs/docker-scout-cves-cf91ace487cd.log
Recommendations saved to: logs/docker-scout-recommendations-cf91ace487cd.log
Using host port 8080 for container test_fixed_build (host:8080 -> container:8080)
Launching VS Code Server container as test_fixed_build...
docker run envs: -e TUNNEL_NAME=test_fixed_build
a2f62fddb8d3b8e28360bafa0dce756a08d9c7089685f1aed89036b00fe840dd
[INFO] Docker run log saved to logs/docker-run-test_fixed_build-cf91ace487cd.log
Copying local VS Code settings.json to container...
Test mode enabled - container test_fixed_build started successfully.
Container is running on port 8080.
To view logs: docker logs test_fixed_build
To stop: docker stop test_fixed_build && docker rm test_fixed_build
