[INFO] Verbose logging enabled. All output will be saved to logs/build-log-1756587415.log
Container image dmg-vs-code-debian-slim:6617b23e8d3d already exists.
Skipping security remediation steps (image already exists and analyzed).
Using existing Docker Scout analysis for dmg-vs-code-debian-slim:6617b23e8d3d (use --force-analysis to re-run)...
CVEs log: logs/docker-scout-cves-6617b23e8d3d.log
Recommendations log: logs/docker-scout-recommendations-6617b23e8d3d.log

Vulnerability summary for dmg-vs-code-debian-slim:6617b23e8d3d:
=== Vulnerability Summary for dmg-vs-code-debian-slim:6617b23e8d3d ===
Critical:     4
High:         16
Medium:       7
Low:          87
Unspecified:  4
Fixable:      113
============================================
Full CVE analysis saved to: logs/docker-scout-cves-6617b23e8d3d.log
Recommendations saved to: logs/docker-scout-recommendations-6617b23e8d3d.log
Using host port 8080 for container vscode-server-tunnel (host:8080 -> container:8080)
Launching VS Code Server container as vscode-server-tunnel...
docker run envs: 
09e9178cf926448db54aae4688844ca5d034b24ac9466258976b7fb6d98b0601
[INFO] Docker run log saved to logs/docker-run-vscode-server-tunnel-6617b23e8d3d_20.log
[INFO] Test mode: streaming all VS Code Server output.
Container 'vscode-server-tunnel' is running on port 8080.
--- VS Code Server Output ---
All server logs will be displayed below for testing purposes.
==========================================
*
* Visual Studio Code Server
*
* By using the software, you agree to
* the Visual Studio Code Server License Terms (https://aka.ms/vscode-server-license) and
* the Microsoft Privacy Statement (https://privacy.microsoft.com/en-US/privacystatement).
*
[2025-08-30 20:56:58] info Using GitHub for authentication, run `code tunnel user login --provider <provider>` option to change this.
To grant access to the server, please log into https://github.com/login/device and use code 1B12-751D

==========================================
[INFO] Test mode completed. All VS Code Server output shown above.
[INFO] Container remains running for manual testing.
[INFO] Check logs anytime with: docker logs vscode-server-tunnel
