[INFO] Verbose logging enabled. All output will be saved to logs/build-log-1756581274.log
Container image dmg-vs-code-debian-slim:6617b23e8d3d already exists.
Skipping security remediation steps (image already exists and analyzed).
Using existing Docker Scout analysis for dmg-vs-code-debian-slim:6617b23e8d3d (use --force-analysis to re-run)...
CVEs log: logs/docker-scout-cves-6617b23e8d3d.log
Recommendations log: logs/docker-scout-recommendations-6617b23e8d3d.log

Vulnerability summary for dmg-vs-code-debian-slim:6617b23e8d3d:
=== Vulnerability Summary for dmg-vs-code-debian-slim:6617b23e8d3d ===
Critical:     4
High:         16
Medium:       7
Low:          87
Unspecified:  4
Fixable:      113
============================================
Full CVE analysis saved to: logs/docker-scout-cves-6617b23e8d3d.log
Recommendations saved to: logs/docker-scout-recommendations-6617b23e8d3d.log
Stopping and removing previous container vscode-server-tunnel...
Using host port 8080 for container vscode-server-tunnel (host:8080 -> container:8080)
Launching VS Code Server container as vscode-server-tunnel...
docker run envs: 
b999ad23978487a7c95c194a6aafa45e50d0d26d273b126b1c7de575d1f5a623
[INFO] Docker run log saved to logs/docker-run-vscode-server-tunnel-6617b23e8d3d_9.log
[INFO] Test mode enabled - verbose logging automatically enabled
Test mode: waiting for VS Code tunnel URL, then exiting the script.
Container is running on port 8080.
--- VS Code Server Output (until tunnel link detected) ---
