[INFO] Verbose logging enabled. All output will be saved to logs/build-log-1756570880.log
Container image dmg-vs-code-debian-slim:3799d96acd90 not found. Building...
[INFO] Docker build completed successfully
[INFO] Docker build log saved to logs/docker-build-3799d96acd90_1.log
--- Last 20 lines of build log ---

#20 [12/17] RUN npm install @vscode/vsce && npx @vscode/vsce package --out vscode-container-updater-updated.vsix
#20 CACHED

#21 [17/17] RUN chmod +x /home/devuser/vscode-tunnel-entrypoint.sh
#21 CACHED

#22 exporting to image
#22 exporting layers done
#22 exporting manifest sha256:872b40bc6406c651869ec470dd430ac60d13d502b8754e2fb6a0472ca25074b3 done
#22 exporting config sha256:398dd080f9f520556ea2156c99ae5a8be7034789bdacdf8b3ff4c72d72e7e003 done
#22 exporting attestation manifest sha256:d9a864bf8a0f23cceec61a256234e492bdffbb4557f204087da386aa8bb0c233
#22 exporting attestation manifest sha256:d9a864bf8a0f23cceec61a256234e492bdffbb4557f204087da386aa8bb0c233 done
#22 exporting manifest list sha256:dab22a88116050dcd50dd2519eb859b8b8a6876001f0ce87fce851ffb10ae66b done
#22 naming to docker.io/library/dmg-vs-code-debian-slim:3799d96acd90 done
#22 unpacking to docker.io/library/dmg-vs-code-debian-slim:3799d96acd90
#22 unpacking to docker.io/library/dmg-vs-code-debian-slim:3799d96acd90 6.2s done
#22 DONE 6.2s

View build details: docker-desktop://dashboard/build/desktop-linux/desktop-linux/i40wd9vm06u59fere43t3cvoq
Running npm audit fix in a temp container (if npm is present)...
unable to setup input stream: unable to set IO streams as raw terminal: interrupted system call
[INFO] NPM audit log saved to logs/npm-audit-3799d96acd90_1.log
Running apt-get update/upgrade in a temp container (if apt is present)...
*
* Visual Studio Code Server
*
* By using the software, you agree to
* the Visual Studio Code Server License Terms (https://aka.ms/vscode-server-license) and
* the Microsoft Privacy Statement (https://privacy.microsoft.com/en-US/privacystatement).
*
[2025-08-30 16:21:31] info Using GitHub for authentication, run `code tunnel user login --provider <provider>` option to change this.
To grant access to the server, please log into https://github.com/login/device and use code ADC3-7F87
