[INFO] Verbose logging enabled. All output will be saved to logs/build-log-1756566030.log
Container image dmg-vs-code-debian-slim:cf91ace487cd already exists.
Skipping security remediation steps (image already exists and analyzed).
Running Docker Scout analysis for dmg-vs-code-debian-slim:cf91ace487cd...
    ✓ SBOM of image already cached, 1229 packages indexed
    ✗ Detected 42 vulnerable packages with a total of 114 vulnerabilities

What's next:
    View base image update recommendations → docker scout recommendations dmg-vs-code-debian-slim:cf91ace487cd



## Overview

                    │             Analyzed Image              
────────────────────┼─────────────────────────────────────────
  Target            │  dmg-vs-code-debian-slim:cf91ace487cd   
    digest          │  0c1313c6e5c3                           
    platform        │ linux/arm64                             
    vulnerabilities │    3C    16H     6M    86L     3?       
    size            │ 553 MB                                  
    packages        │ 1229                                    


## Packages and Vulnerabilities

   3C     5H     1M     0L     1?  handlebars 1.0.0
pkg:npm/handlebars@1.0.0

    ✗ CRITICAL CVE-2021-23383 [Improperly Controlled Modification of Object Prototype Attributes ('Prototype Pollution')]
      https://scout.docker.com/v/CVE-2021-23383?s=github&n=handlebars&t=npm&vr=%3C4.7.7
      Affected range : <4.7.7                                        
      Fixed version  : 4.7.7                                         
      CVSS Score     : 9.8                                           
      CVSS Vector    : CVSS:3.1/AV:N/AC:L/PR:N/UI:N/S:U/C:H/I:H/A:H  
    
    ✗ CRITICAL CVE-2021-23369 [Improper Control of Generation of Code ('Code Injection')]
      https://scout.docker.com/v/CVE-2021-23369?s=github&n=handlebars&t=npm&vr=%3C4.7.7
      Affected range : <4.7.7                                        
      Fixed version  : 4.7.7                                         
      CVSS Score     : 9.8                                           
      CVSS Vector    : CVSS:3.1/AV:N/AC:L/PR:N/UI:N/S:U/C:H/I:H/A:H  
    
    ✗ CRITICAL CVE-2019-19919 [Improperly Controlled Modification of Object Prototype Attributes ('Prototype Pollution')]
      https://scout.docker.com/v/CVE-2019-19919?s=github&n=handlebars&t=npm&vr=%3C3.0.8
      Affected range : <3.0.8                                        
      Fixed version  : 3.0.8                                         
      CVSS Score     : 9.8                                           
      CVSS Vector    : CVSS:3.1/AV:N/AC:L/PR:N/UI:N/S:U/C:H/I:H/A:H  
    
    ✗ HIGH CVE-2019-20920 [Improper Control of Generation of Code ('Code Injection')]
      https://scout.docker.com/v/CVE-2019-20920?s=github&n=handlebars&t=npm&vr=%3C3.0.8
      Affected range : <3.0.8                                        
      Fixed version  : 3.0.8                                         
      CVSS Score     : 8.1                                           
      CVSS Vector    : CVSS:3.1/AV:N/AC:H/PR:N/UI:N/S:C/C:H/I:L/A:L  
    
    ✗ HIGH GHSA-q42p-pg8m-cqh6 [Modification of Assumed-Immutable Data (MAID)]
      https://scout.docker.com/v/GHSA-q42p-pg8m-cqh6?s=github&n=handlebars&t=npm&vr=%3C3.0.7
      Affected range : <3.0.7                                        
      Fixed version  : 3.0.7                                         
      CVSS Score     : 7.3                                           
      CVSS Vector    : CVSS:3.1/AV:N/AC:L/PR:N/UI:N/S:U/C:L/I:L/A:L  
    
    ✗ HIGH GHSA-2cf5-4w76-r9qv [Improper Control of Generation of Code ('Code Injection')]
      https://scout.docker.com/v/GHSA-2cf5-4w76-r9qv?s=github&n=handlebars&t=npm&vr=%3C3.0.8
      Affected range : <3.0.8                                        
      Fixed version  : 3.0.8                                         
      CVSS Score     : 7.3                                           
      CVSS Vector    : CVSS:3.1/AV:L/AC:L/PR:L/UI:R/S:C/C:L/I:H/A:L  
    
    ✗ HIGH GHSA-q2c6-c6pm-g3gh
      https://scout.docker.com/v/GHSA-q2c6-c6pm-g3gh?s=github&n=handlebars&t=npm&vr=%3C3.0.8
      Affected range : <3.0.8  
      Fixed version  : 3.0.8   
    
    ✗ HIGH GHSA-g9r4-xpmj-mj65 [Improperly Controlled Modification of Object Prototype Attributes ('Prototype Pollution')]
      https://scout.docker.com/v/GHSA-g9r4-xpmj-mj65?s=github&n=handlebars&t=npm&vr=%3C3.0.8
      Affected range : <3.0.8  
      Fixed version  : 3.0.8   
    
    ✗ MEDIUM CVE-2015-8861 [Improper Neutralization of Input During Web Page Generation ('Cross-site Scripting')]
      https://scout.docker.com/v/CVE-2015-8861?s=github&n=handlebars&t=npm&vr=%3C4.0.0
      Affected range : <4.0.0                                        
      Fixed version  : 4.0.0                                         
      CVSS Score     : 6.1                                           
      CVSS Vector    : CVSS:3.1/AV:N/AC:L/PR:N/UI:R/S:C/C:L/I:L/A:N  
    
    ✗ UNSPECIFIED GMS-2015-33 [OWASP Top Ten 2017 Category A9 - Using Components with Known Vulnerabilities]
      https://scout.docker.com/v/GMS-2015-33?s=gitlab&n=handlebars&t=npm&vr=%3C4.0.0
      Affected range : <4.0.0  
      Fixed version  : 4.0.0   
    

   0C     5H     1M     1L     1?  npm 1.0.1
pkg:npm/npm@1.0.1

    ✗ HIGH CVE-2018-7408 [Incorrect Permission Assignment for Critical Resource]
      https://scout.docker.com/v/CVE-2018-7408?s=github&n=npm&t=npm&vr=%3C5.7.1
      Affected range : <5.7.1                                        
      Fixed version  : 5.7.1                                         
      CVSS Score     : 7.8                                           
      CVSS Vector    : CVSS:3.0/AV:L/AC:L/PR:L/UI:N/S:U/C:H/I:H/A:H  
    
    ✗ HIGH CVE-2019-16777 [Improper Limitation of a Pathname to a Restricted Directory ('Path Traversal')]
      https://scout.docker.com/v/CVE-2019-16777?s=github&n=npm&t=npm&vr=%3C6.13.4
      Affected range : <6.13.4                                       
      Fixed version  : 6.13.4                                        
      CVSS Score     : 7.7                                           
      CVSS Vector    : CVSS:3.1/AV:N/AC:H/PR:L/UI:R/S:C/C:H/I:H/A:N  
    
    ✗ HIGH CVE-2019-16776 [Improper Limitation of a Pathname to a Restricted Directory ('Path Traversal')]
      https://scout.docker.com/v/CVE-2019-16776?s=github&n=npm&t=npm&vr=%3C6.13.3
      Affected range : <6.13.3                                       
      Fixed version  : 6.13.3                                        
      CVSS Score     : 7.7                                           
      CVSS Vector    : CVSS:3.1/AV:N/AC:H/PR:L/UI:R/S:C/C:H/I:H/A:N  
    
    ✗ HIGH CVE-2019-16775 [Improper Link Resolution Before File Access ('Link Following')]
      https://scout.docker.com/v/CVE-2019-16775?s=github&n=npm&t=npm&vr=%3C6.13.3
      Affected range : <6.13.3                                       
      Fixed version  : 6.13.3                                        
      CVSS Score     : 7.7                                           
      CVSS Vector    : CVSS:3.1/AV:N/AC:H/PR:L/UI:R/S:C/C:H/I:H/A:N  
    
    ✗ HIGH CVE-2016-3956 [Exposure of Sensitive Information to an Unauthorized Actor]
      https://scout.docker.com/v/CVE-2016-3956?s=github&n=npm&t=npm&vr=%3C%3D2.15.0
      Affected range : <=2.15.0  
      Fixed version  : 2.15.1    
    
    ✗ MEDIUM CVE-2020-15095 [Insertion of Sensitive Information into Log File]
      https://scout.docker.com/v/CVE-2020-15095?s=github&n=npm&t=npm&vr=%3C6.14.6
      Affected range : <6.14.6                                       
      Fixed version  : 6.14.6                                        
      CVSS Score     : 4.4                                           
      CVSS Vector    : CVSS:3.1/AV:L/AC:H/PR:L/UI:R/S:U/C:H/I:N/A:N  
    
    ✗ LOW CVE-2013-4116 [Improper Link Resolution Before File Access ('Link Following')]
      https://scout.docker.com/v/CVE-2013-4116?s=github&n=npm&t=npm&vr=%3C1.3.3
      Affected range : <1.3.3  
      Fixed version  : 1.3.3   
    
    ✗ UNSPECIFIED GMS-2016-23 [OWASP Top Ten 2017 Category A9 - Using Components with Known Vulnerabilities]
      https://scout.docker.com/v/GMS-2016-23?s=gitlab&n=npm&t=npm&vr=%3C%3D%2C2.15.0
      Affected range : <=             
                     : 2.15.0         
      Fixed version  : 2.15.1, 3.8.3  
    

   0C     2H     1M     0L  grunt 1.0.0
pkg:npm/grunt@1.0.0

    ✗ HIGH CVE-2020-7729 [Initialization of a Resource with an Insecure Default]
      https://scout.docker.com/v/CVE-2020-7729?s=github&n=grunt&t=npm&vr=%3C1.3.0
      Affected range : <1.3.0                                        
      Fixed version  : 1.3.0                                         
      CVSS Score     : 7.1                                           
      CVSS Vector    : CVSS:3.1/AV:N/AC:H/PR:L/UI:R/S:U/C:H/I:H/A:H  
    
    ✗ HIGH CVE-2022-1537 [Time-of-check Time-of-use (TOCTOU) Race Condition]
      https://scout.docker.com/v/CVE-2022-1537?s=github&n=grunt&t=npm&vr=%3C1.5.3
      Affected range : <1.5.3                                        
      Fixed version  : 1.5.3                                         
      CVSS Score     : 7.0                                           
      CVSS Vector    : CVSS:3.1/AV:L/AC:H/PR:L/UI:N/S:U/C:H/I:H/A:H  
    
    ✗ MEDIUM CVE-2022-0436 [Improper Limitation of a Pathname to a Restricted Directory ('Path Traversal')]
      https://scout.docker.com/v/CVE-2022-0436?s=github&n=grunt&t=npm&vr=%3C1.5.2
      Affected range : <1.5.2                                        
      Fixed version  : 1.5.2                                         
      CVSS Score     : 5.5                                           
      CVSS Vector    : CVSS:3.1/AV:L/AC:L/PR:L/UI:N/S:U/C:H/I:N/A:N  
    

   0C     1H     0M     0L  ini 1.0.0
pkg:npm/ini@1.0.0

    ✗ HIGH CVE-2020-7788 [Improperly Controlled Modification of Object Prototype Attributes ('Prototype Pollution')]
      https://scout.docker.com/v/CVE-2020-7788?s=github&n=ini&t=npm&vr=%3C1.3.6
      Affected range : <1.3.6                                        
      Fixed version  : 1.3.6                                         
      CVSS Score     : 7.3                                           
      CVSS Vector    : CVSS:3.1/AV:N/AC:L/PR:N/UI:N/S:U/C:L/I:L/A:L  
    

   0C     1H     0M     0L  cross-spawn 7.0.3
pkg:npm/cross-spawn@7.0.3

    ✗ HIGH CVE-2024-21538 [Inefficient Regular Expression Complexity]
      https://scout.docker.com/v/CVE-2024-21538?s=github&n=cross-spawn&t=npm&vr=%3E%3D7.0.0%2C%3C7.0.5
      Affected range : >=7.0.0                                                              
                     : <7.0.5                                                               
      Fixed version  : 7.0.5                                                                
      CVSS Score     : 7.7                                                                  
      CVSS Vector    : CVSS:4.0/AV:N/AC:L/AT:N/PR:N/UI:N/VC:N/VI:N/VA:H/SC:N/SI:N/SA:N/E:P  
    

   0C     1H     0M     0L  diff 1.0.0
pkg:npm/diff@1.0.0

    ✗ HIGH GHSA-h6ch-v84p-w6p9 [Uncontrolled Resource Consumption]
      https://scout.docker.com/v/GHSA-h6ch-v84p-w6p9?s=github&n=diff&t=npm&vr=%3C3.5.0
      Affected range : <3.5.0  
      Fixed version  : 3.5.0   
    

   0C     1H     0M     0L  json 1.0.0
pkg:npm/json@1.0.0

    ✗ HIGH CVE-2020-7712 [Improper Neutralization of Special Elements used in an OS Command ('OS Command Injection')]
      https://scout.docker.com/v/CVE-2020-7712?s=github&n=json&t=npm&vr=%3C10.0.0
      Affected range : <10.0.0                                       
      Fixed version  : 10.0.0                                        
      CVSS Score     : 7.2                                           
      CVSS Vector    : CVSS:3.1/AV:N/AC:L/PR:H/UI:N/S:U/C:H/I:H/A:H  
    

   0C     0H     2M     0L  pug 1.0.0
pkg:npm/pug@1.0.0

    ✗ MEDIUM CVE-2024-36361 [Improper Control of Generation of Code ('Code Injection')]
      https://scout.docker.com/v/CVE-2024-36361?s=github&n=pug&t=npm&vr=%3C%3D3.0.2
      Affected range : <=3.0.2                                       
      Fixed version  : 3.0.3                                         
      CVSS Score     : 6.8                                           
      CVSS Vector    : CVSS:3.1/AV:N/AC:H/PR:N/UI:R/S:U/C:H/I:H/A:N  
    
    ✗ MEDIUM CVE-2021-21353 [Improper Neutralization of Special Elements in Output Used by a Downstream Component ('Injection')]
      https://scout.docker.com/v/CVE-2021-21353?s=github&n=pug&t=npm&vr=%3C3.0.1
      Affected range : <3.0.1                                        
      Fixed version  : 3.0.1                                         
      CVSS Score     : 6.8                                           
      CVSS Vector    : CVSS:3.1/AV:N/AC:H/PR:N/UI:N/S:C/C:N/I:H/A:N  
    

   0C     0H     1M     1L  tar 1.35+dfsg-3.1
pkg:deb/debian/tar@1.35%2Bdfsg-3.1?os_distro=trixie&os_name=debian&os_version=13

    ✗ MEDIUM CVE-2025-45582
      https://scout.docker.com/v/CVE-2025-45582?s=debian&n=tar&ns=debian&t=deb&osn=debian&osv=13&vr=%3E%3D1.35%2Bdfsg-3.1
      Affected range : >=1.35+dfsg-3.1  
      Fixed version  : not fixed        
    
    ✗ LOW CVE-2005-2541
      https://scout.docker.com/v/CVE-2005-2541?s=debian&n=tar&ns=debian&t=deb&osn=debian&osv=13&vr=%3E%3D1.35%2Bdfsg-3.1
      Affected range : >=1.35+dfsg-3.1  
      Fixed version  : not fixed        
    

   0C     0H     0M    14L  tiff 4.7.0-3
pkg:deb/debian/tiff@4.7.0-3?os_distro=trixie&os_name=debian&os_version=13

    ✗ LOW CVE-2025-9165
      https://scout.docker.com/v/CVE-2025-9165?s=debian&n=tiff&ns=debian&t=deb&osn=debian&osv=13&vr=%3E%3D4.7.0-3
      Affected range : >=4.7.0-3  
      Fixed version  : not fixed  
    
    ✗ LOW CVE-2025-8534
      https://scout.docker.com/v/CVE-2025-8534?s=debian&n=tiff&ns=debian&t=deb&osn=debian&osv=13&vr=%3E%3D4.7.0-3
      Affected range : >=4.7.0-3  
      Fixed version  : not fixed  
    
    ✗ LOW CVE-2025-8177
      https://scout.docker.com/v/CVE-2025-8177?s=debian&n=tiff&ns=debian&t=deb&osn=debian&osv=13&vr=%3E%3D4.7.0-3
      Affected range : >=4.7.0-3  
      Fixed version  : not fixed  
    
    ✗ LOW CVE-2025-8176
      https://scout.docker.com/v/CVE-2025-8176?s=debian&n=tiff&ns=debian&t=deb&osn=debian&osv=13&vr=%3E%3D4.7.0-3
      Affected range : >=4.7.0-3  
      Fixed version  : not fixed  
    
    ✗ LOW CVE-2024-6716
      https://scout.docker.com/v/CVE-2024-6716?s=debian&n=tiff&ns=debian&t=deb&osn=debian&osv=13&vr=%3E%3D4.5.1%2Bgit230720-5
      Affected range : >=4.5.1+git230720-5  
      Fixed version  : not fixed            
    
    ✗ LOW CVE-2023-6228
      https://scout.docker.com/v/CVE-2023-6228?s=debian&n=tiff&ns=debian&t=deb&osn=debian&osv=13&vr=%3E%3D4.7.0-3
      Affected range : >=4.7.0-3  
      Fixed version  : not fixed  
    
    ✗ LOW CVE-2023-3164
      https://scout.docker.com/v/CVE-2023-3164?s=debian&n=tiff&ns=debian&t=deb&osn=debian&osv=13&vr=%3E%3D4.7.0-3
      Affected range : >=4.7.0-3  
      Fixed version  : not fixed  
    
    ✗ LOW CVE-2023-1916
      https://scout.docker.com/v/CVE-2023-1916?s=debian&n=tiff&ns=debian&t=deb&osn=debian&osv=13&vr=%3E%3D4.7.0-3
      Affected range : >=4.7.0-3  
      Fixed version  : not fixed  
    
    ✗ LOW CVE-2022-1210
      https://scout.docker.com/v/CVE-2022-1210?s=debian&n=tiff&ns=debian&t=deb&osn=debian&osv=13&vr=%3E%3D4.7.0-3
      Affected range : >=4.7.0-3  
      Fixed version  : not fixed  
    
    ✗ LOW CVE-2018-10126
      https://scout.docker.com/v/CVE-2018-10126?s=debian&n=tiff&ns=debian&t=deb&osn=debian&osv=13&vr=%3E%3D4.7.0-3
      Affected range : >=4.7.0-3  
      Fixed version  : not fixed  
    
    ✗ LOW CVE-2017-9117
      https://scout.docker.com/v/CVE-2017-9117?s=debian&n=tiff&ns=debian&t=deb&osn=debian&osv=13&vr=%3E%3D4.7.0-3
      Affected range : >=4.7.0-3  
      Fixed version  : not fixed  
    
    ✗ LOW CVE-2017-5563
      https://scout.docker.com/v/CVE-2017-5563?s=debian&n=tiff&ns=debian&t=deb&osn=debian&osv=13&vr=%3E%3D4.7.0-3
      Affected range : >=4.7.0-3  
      Fixed version  : not fixed  
    
    ✗ LOW CVE-2017-17973
      https://scout.docker.com/v/CVE-2017-17973?s=debian&n=tiff&ns=debian&t=deb&osn=debian&osv=13&vr=%3E%3D4.7.0-3
      Affected range : >=4.7.0-3  
      Fixed version  : not fixed  
    
    ✗ LOW CVE-2017-16232
      https://scout.docker.com/v/CVE-2017-16232?s=debian&n=tiff&ns=debian&t=deb&osn=debian&osv=13&vr=%3E%3D4.7.0-3
      Affected range : >=4.7.0-3  
      Fixed version  : not fixed  
    

   0C     0H     0M     9L  openssh 1:10.0p1-7
pkg:deb/debian/openssh@1%3A10.0p1-7?os_distro=trixie&os_name=debian&os_version=13

    ✗ LOW CVE-2023-51767
      https://scout.docker.com/v/CVE-2023-51767?s=debian&n=openssh&ns=debian&t=deb&osn=debian&osv=13&vr=%3E%3D1%3A10.0p1-7
      Affected range : >=1:10.0p1-7  
      Fixed version  : not fixed     
    
    ✗ LOW CVE-2020-15778
      https://scout.docker.com/v/CVE-2020-15778?s=debian&n=openssh&ns=debian&t=deb&osn=debian&osv=13&vr=%3E%3D1%3A10.0p1-7
      Affected range : >=1:10.0p1-7  
      Fixed version  : not fixed     
    
    ✗ LOW CVE-2020-14145
      https://scout.docker.com/v/CVE-2020-14145?s=debian&n=openssh&ns=debian&t=deb&osn=debian&osv=13&vr=%3E%3D1%3A10.0p1-7
      Affected range : >=1:10.0p1-7  
      Fixed version  : not fixed     
    
    ✗ LOW CVE-2019-6110
      https://scout.docker.com/v/CVE-2019-6110?s=debian&n=openssh&ns=debian&t=deb&osn=debian&osv=13&vr=%3E%3D1%3A10.0p1-7
      Affected range : >=1:10.0p1-7  
      Fixed version  : not fixed     
    
    ✗ LOW CVE-2018-15919
      https://scout.docker.com/v/CVE-2018-15919?s=debian&n=openssh&ns=debian&t=deb&osn=debian&osv=13&vr=%3E%3D1%3A10.0p1-7
      Affected range : >=1:10.0p1-7  
      Fixed version  : not fixed     
    
    ✗ LOW CVE-2016-20012
      https://scout.docker.com/v/CVE-2016-20012?s=debian&n=openssh&ns=debian&t=deb&osn=debian&osv=13&vr=%3E%3D1%3A10.0p1-7
      Affected range : >=1:10.0p1-7  
      Fixed version  : not fixed     
    
    ✗ LOW CVE-2008-3234
      https://scout.docker.com/v/CVE-2008-3234?s=debian&n=openssh&ns=debian&t=deb&osn=debian&osv=13&vr=%3E%3D1%3A10.0p1-7
      Affected range : >=1:10.0p1-7  
      Fixed version  : not fixed     
    
    ✗ LOW CVE-2007-2768
      https://scout.docker.com/v/CVE-2007-2768?s=debian&n=openssh&ns=debian&t=deb&osn=debian&osv=13&vr=%3E%3D1%3A10.0p1-7
      Affected range : >=1:10.0p1-7  
      Fixed version  : not fixed     
    
    ✗ LOW CVE-2007-2243
      https://scout.docker.com/v/CVE-2007-2243?s=debian&n=openssh&ns=debian&t=deb&osn=debian&osv=13&vr=%3E%3D1%3A10.0p1-7
      Affected range : >=1:10.0p1-7  
      Fixed version  : not fixed     
    

   0C     0H     0M     7L  elfutils 0.192-4
pkg:deb/debian/elfutils@0.192-4?os_distro=trixie&os_name=debian&os_version=13

    ✗ LOW CVE-2025-1377
      https://scout.docker.com/v/CVE-2025-1377?s=debian&n=elfutils&ns=debian&t=deb&osn=debian&osv=13&vr=%3E%3D0.192-4
      Affected range : >=0.192-4  
      Fixed version  : not fixed  
    
    ✗ LOW CVE-2025-1376
      https://scout.docker.com/v/CVE-2025-1376?s=debian&n=elfutils&ns=debian&t=deb&osn=debian&osv=13&vr=%3E%3D0.192-4
      Affected range : >=0.192-4  
      Fixed version  : not fixed  
    
    ✗ LOW CVE-2025-1372
      https://scout.docker.com/v/CVE-2025-1372?s=debian&n=elfutils&ns=debian&t=deb&osn=debian&osv=13&vr=%3E%3D0.192-4
      Affected range : >=0.192-4  
      Fixed version  : not fixed  
    
    ✗ LOW CVE-2025-1371
      https://scout.docker.com/v/CVE-2025-1371?s=debian&n=elfutils&ns=debian&t=deb&osn=debian&osv=13&vr=%3E%3D0.192-4
      Affected range : >=0.192-4  
      Fixed version  : not fixed  
    
    ✗ LOW CVE-2025-1365
      https://scout.docker.com/v/CVE-2025-1365?s=debian&n=elfutils&ns=debian&t=deb&osn=debian&osv=13&vr=%3E%3D0.192-4
      Affected range : >=0.192-4  
      Fixed version  : not fixed  
    
    ✗ LOW CVE-2025-1352
      https://scout.docker.com/v/CVE-2025-1352?s=debian&n=elfutils&ns=debian&t=deb&osn=debian&osv=13&vr=%3E%3D0.192-4
      Affected range : >=0.192-4  
      Fixed version  : not fixed  
    
    ✗ LOW CVE-2024-25260
      https://scout.docker.com/v/CVE-2024-25260?s=debian&n=elfutils&ns=debian&t=deb&osn=debian&osv=13&vr=%3E%3D0.192-4
      Affected range : >=0.192-4  
      Fixed version  : not fixed  
    

   0C     0H     0M     7L  glibc 2.41-12
pkg:deb/debian/glibc@2.41-12?os_distro=trixie&os_name=debian&os_version=13

    ✗ LOW CVE-2019-9192
      https://scout.docker.com/v/CVE-2019-9192?s=debian&n=glibc&ns=debian&t=deb&osn=debian&osv=13&vr=%3E%3D2.41-12
      Affected range : >=2.41-12  
      Fixed version  : not fixed  
    
    ✗ LOW CVE-2019-1010025
      https://scout.docker.com/v/CVE-2019-1010025?s=debian&n=glibc&ns=debian&t=deb&osn=debian&osv=13&vr=%3E%3D2.41-12
      Affected range : >=2.41-12  
      Fixed version  : not fixed  
    
    ✗ LOW CVE-2019-1010024
      https://scout.docker.com/v/CVE-2019-1010024?s=debian&n=glibc&ns=debian&t=deb&osn=debian&osv=13&vr=%3E%3D2.41-12
      Affected range : >=2.41-12  
      Fixed version  : not fixed  
    
    ✗ LOW CVE-2019-1010023
      https://scout.docker.com/v/CVE-2019-1010023?s=debian&n=glibc&ns=debian&t=deb&osn=debian&osv=13&vr=%3E%3D2.41-12
      Affected range : >=2.41-12  
      Fixed version  : not fixed  
    
    ✗ LOW CVE-2019-1010022
      https://scout.docker.com/v/CVE-2019-1010022?s=debian&n=glibc&ns=debian&t=deb&osn=debian&osv=13&vr=%3E%3D2.41-12
      Affected range : >=2.41-12  
      Fixed version  : not fixed  
    
    ✗ LOW CVE-2018-20796
      https://scout.docker.com/v/CVE-2018-20796?s=debian&n=glibc&ns=debian&t=deb&osn=debian&osv=13&vr=%3E%3D2.41-12
      Affected range : >=2.41-12  
      Fixed version  : not fixed  
    
    ✗ LOW CVE-2010-4756
      https://scout.docker.com/v/CVE-2010-4756?s=debian&n=glibc&ns=debian&t=deb&osn=debian&osv=13&vr=%3E%3D2.41-12
      Affected range : >=2.41-12  
      Fixed version  : not fixed  
    

   0C     0H     0M     4L  mesa 25.0.7-2
pkg:deb/debian/mesa@25.0.7-2?os_distro=trixie&os_name=debian&os_version=13

    ✗ LOW CVE-2023-45931
      https://scout.docker.com/v/CVE-2023-45931?s=debian&n=mesa&ns=debian&t=deb&osn=debian&osv=13&vr=%3E%3D25.0.7-2
      Affected range : >=25.0.7-2  
      Fixed version  : not fixed   
    
    ✗ LOW CVE-2023-45922
      https://scout.docker.com/v/CVE-2023-45922?s=debian&n=mesa&ns=debian&t=deb&osn=debian&osv=13&vr=%3E%3D25.0.7-2
      Affected range : >=25.0.7-2  
      Fixed version  : not fixed   
    
    ✗ LOW CVE-2023-45919
      https://scout.docker.com/v/CVE-2023-45919?s=debian&n=mesa&ns=debian&t=deb&osn=debian&osv=13&vr=%3E%3D25.0.7-2
      Affected range : >=25.0.7-2  
      Fixed version  : not fixed   
    
    ✗ LOW CVE-2023-45913
      https://scout.docker.com/v/CVE-2023-45913?s=debian&n=mesa&ns=debian&t=deb&osn=debian&osv=13&vr=%3E%3D25.0.7-2
      Affected range : >=25.0.7-2  
      Fixed version  : not fixed   
    

   0C     0H     0M     4L  nss 2:3.110-1
pkg:deb/debian/nss@2%3A3.110-1?os_distro=trixie&os_name=debian&os_version=13

    ✗ LOW CVE-2017-11698
      https://scout.docker.com/v/CVE-2017-11698?s=debian&n=nss&ns=debian&t=deb&osn=debian&osv=13&vr=%3E%3D2%3A3.110-1
      Affected range : >=2:3.110-1  
      Fixed version  : not fixed    
    
    ✗ LOW CVE-2017-11697
      https://scout.docker.com/v/CVE-2017-11697?s=debian&n=nss&ns=debian&t=deb&osn=debian&osv=13&vr=%3E%3D2%3A3.110-1
      Affected range : >=2:3.110-1  
      Fixed version  : not fixed    
    
    ✗ LOW CVE-2017-11696
      https://scout.docker.com/v/CVE-2017-11696?s=debian&n=nss&ns=debian&t=deb&osn=debian&osv=13&vr=%3E%3D2%3A3.110-1
      Affected range : >=2:3.110-1  
      Fixed version  : not fixed    
    
    ✗ LOW CVE-2017-11695
      https://scout.docker.com/v/CVE-2017-11695?s=debian&n=nss&ns=debian&t=deb&osn=debian&osv=13&vr=%3E%3D2%3A3.110-1
      Affected range : >=2:3.110-1  
      Fixed version  : not fixed    
    

   0C     0H     0M     4L  openldap 2.6.10+dfsg-1
pkg:deb/debian/openldap@2.6.10%2Bdfsg-1?os_distro=trixie&os_name=debian&os_version=13

    ✗ LOW CVE-2020-15719
      https://scout.docker.com/v/CVE-2020-15719?s=debian&n=openldap&ns=debian&t=deb&osn=debian&osv=13&vr=%3E%3D2.6.10%2Bdfsg-1
      Affected range : >=2.6.10+dfsg-1  
      Fixed version  : not fixed        
    
    ✗ LOW CVE-2017-17740
      https://scout.docker.com/v/CVE-2017-17740?s=debian&n=openldap&ns=debian&t=deb&osn=debian&osv=13&vr=%3E%3D2.6.10%2Bdfsg-1
      Affected range : >=2.6.10+dfsg-1  
      Fixed version  : not fixed        
    
    ✗ LOW CVE-2017-14159
      https://scout.docker.com/v/CVE-2017-14159?s=debian&n=openldap&ns=debian&t=deb&osn=debian&osv=13&vr=%3E%3D2.6.10%2Bdfsg-1
      Affected range : >=2.6.10+dfsg-1  
      Fixed version  : not fixed        
    
    ✗ LOW CVE-2015-3276
      https://scout.docker.com/v/CVE-2015-3276?s=debian&n=openldap&ns=debian&t=deb&osn=debian&osv=13&vr=%3E%3D2.6.10%2Bdfsg-1
      Affected range : >=2.6.10+dfsg-1  
      Fixed version  : not fixed        
    

   0C     0H     0M     4L  systemd 257.7-1
pkg:deb/debian/systemd@257.7-1?os_distro=trixie&os_name=debian&os_version=13

    ✗ LOW CVE-2023-31439
      https://scout.docker.com/v/CVE-2023-31439?s=debian&n=systemd&ns=debian&t=deb&osn=debian&osv=13&vr=%3E%3D257.7-1
      Affected range : >=257.7-1  
      Fixed version  : not fixed  
    
    ✗ LOW CVE-2023-31438
      https://scout.docker.com/v/CVE-2023-31438?s=debian&n=systemd&ns=debian&t=deb&osn=debian&osv=13&vr=%3E%3D257.7-1
      Affected range : >=257.7-1  
      Fixed version  : not fixed  
    
    ✗ LOW CVE-2023-31437
      https://scout.docker.com/v/CVE-2023-31437?s=debian&n=systemd&ns=debian&t=deb&osn=debian&osv=13&vr=%3E%3D257.7-1
      Affected range : >=257.7-1  
      Fixed version  : not fixed  
    
    ✗ LOW CVE-2013-4392
      https://scout.docker.com/v/CVE-2013-4392?s=debian&n=systemd&ns=debian&t=deb&osn=debian&osv=13&vr=%3E%3D257.7-1
      Affected range : >=257.7-1  
      Fixed version  : not fixed  
    

   0C     0H     0M     3L  krb5 1.21.3-5
pkg:deb/debian/krb5@1.21.3-5?os_distro=trixie&os_name=debian&os_version=13

    ✗ LOW CVE-2024-26461
      https://scout.docker.com/v/CVE-2024-26461?s=debian&n=krb5&ns=debian&t=deb&osn=debian&osv=13&vr=%3E%3D1.21.3-5
      Affected range : >=1.21.3-5  
      Fixed version  : not fixed   
    
    ✗ LOW CVE-2024-26458
      https://scout.docker.com/v/CVE-2024-26458?s=debian&n=krb5&ns=debian&t=deb&osn=debian&osv=13&vr=%3E%3D1.21.3-5
      Affected range : >=1.21.3-5  
      Fixed version  : not fixed   
    
    ✗ LOW CVE-2018-5709
      https://scout.docker.com/v/CVE-2018-5709?s=debian&n=krb5&ns=debian&t=deb&osn=debian&osv=13&vr=%3E%3D1.21.3-5
      Affected range : >=1.21.3-5  
      Fixed version  : not fixed   
    

   0C     0H     0M     3L  git 1:2.47.2-0.2
pkg:deb/debian/git@1%3A2.47.2-0.2?os_distro=trixie&os_name=debian&os_version=13

    ✗ LOW CVE-2024-52005
      https://scout.docker.com/v/CVE-2024-52005?s=debian&n=git&ns=debian&t=deb&osn=debian&osv=13&vr=%3E%3D1%3A2.47.2-0.2
      Affected range : >=1:2.47.2-0.2  
      Fixed version  : not fixed       
    
    ✗ LOW CVE-2022-24975
      https://scout.docker.com/v/CVE-2022-24975?s=debian&n=git&ns=debian&t=deb&osn=debian&osv=13&vr=%3E%3D1%3A2.47.2-0.2
      Affected range : >=1:2.47.2-0.2  
      Fixed version  : not fixed       
    
    ✗ LOW CVE-2018-1000021
      https://scout.docker.com/v/CVE-2018-1000021?s=debian&n=git&ns=debian&t=deb&osn=debian&osv=13&vr=%3E%3D1%3A2.47.2-0.2
      Affected range : >=1:2.47.2-0.2  
      Fixed version  : not fixed       
    

   0C     0H     0M     2L  libgcrypt20 1.11.0-7
pkg:deb/debian/libgcrypt20@1.11.0-7?os_distro=trixie&os_name=debian&os_version=13

    ✗ LOW CVE-2024-2236
      https://scout.docker.com/v/CVE-2024-2236?s=debian&n=libgcrypt20&ns=debian&t=deb&osn=debian&osv=13&vr=%3E%3D1.11.0-7
      Affected range : >=1.11.0-7  
      Fixed version  : not fixed   
    
    ✗ LOW CVE-2018-6829
      https://scout.docker.com/v/CVE-2018-6829?s=debian&n=libgcrypt20&ns=debian&t=deb&osn=debian&osv=13&vr=%3E%3D1.11.0-7
      Affected range : >=1.11.0-7  
      Fixed version  : not fixed   
    

   0C     0H     0M     2L  coreutils 9.7-3
pkg:deb/debian/coreutils@9.7-3?os_distro=trixie&os_name=debian&os_version=13

    ✗ LOW CVE-2025-5278
      https://scout.docker.com/v/CVE-2025-5278?s=debian&n=coreutils&ns=debian&t=deb&osn=debian&osv=13&vr=%3E%3D9.7-3
      Affected range : >=9.7-3    
      Fixed version  : not fixed  
    
    ✗ LOW CVE-2017-18018
      https://scout.docker.com/v/CVE-2017-18018?s=debian&n=coreutils&ns=debian&t=deb&osn=debian&osv=13&vr=%3E%3D9.7-3
      Affected range : >=9.7-3    
      Fixed version  : not fixed  
    

   0C     0H     0M     2L  lcms2 2.16-2
pkg:deb/debian/lcms2@2.16-2?os_distro=trixie&os_name=debian&os_version=13

    ✗ LOW CVE-2025-29070
      https://scout.docker.com/v/CVE-2025-29070?s=debian&n=lcms2&ns=debian&t=deb&osn=debian&osv=13&vr=%3E%3D2.16-2
      Affected range : >=2.16-2   
      Fixed version  : not fixed  
    
    ✗ LOW CVE-2025-29069
      https://scout.docker.com/v/CVE-2025-29069?s=debian&n=lcms2&ns=debian&t=deb&osn=debian&osv=13&vr=%3E%3D2.16-2
      Affected range : >=2.16-2   
      Fixed version  : not fixed  
    

   0C     0H     0M     1L  jbigkit 2.1-6.1
pkg:deb/debian/jbigkit@2.1-6.1?os_distro=trixie&os_name=debian&os_version=13

    ✗ LOW CVE-2017-9937
      https://scout.docker.com/v/CVE-2017-9937?s=debian&n=jbigkit&ns=debian&t=deb&osn=debian&osv=13&vr=%3E%3D2.1-6.1
      Affected range : >=2.1-6.1  
      Fixed version  : not fixed  
    

   0C     0H     0M     1L  perl 5.40.1-6
pkg:deb/debian/perl@5.40.1-6?os_distro=trixie&os_name=debian&os_version=13

    ✗ LOW CVE-2011-4116
      https://scout.docker.com/v/CVE-2011-4116?s=debian&n=perl&ns=debian&t=deb&osn=debian&osv=13&vr=%3E%3D5.40.1-6
      Affected range : >=5.40.1-6  
      Fixed version  : not fixed   
    

   0C     0H     0M     1L  util-linux 2.41-5
pkg:deb/debian/util-linux@2.41-5?os_distro=trixie&os_name=debian&os_version=13

    ✗ LOW CVE-2022-0563
      https://scout.docker.com/v/CVE-2022-0563?s=debian&n=util-linux&ns=debian&t=deb&osn=debian&osv=13&vr=%3E%3D2.41-5
      Affected range : >=2.41-5   
      Fixed version  : not fixed  
    

   0C     0H     0M     1L  libxml2 2.12.7+dfsg+really2.9.14-2.1+deb13u1
pkg:deb/debian/libxml2@2.12.7%2Bdfsg%2Breally2.9.14-2.1%2Bdeb13u1?os_distro=trixie&os_name=debian&os_version=13

    ✗ LOW CVE-2025-8732
      https://scout.docker.com/v/CVE-2025-8732?s=debian&n=libxml2&ns=debian&t=deb&osn=debian&osv=13&vr=%3E%3D2.12.7%2Bdfsg%2Breally2.9.14-2.1
      Affected range : >=2.12.7+dfsg+really2.9.14-2.1  
      Fixed version  : not fixed                       
    

   0C     0H     0M     1L  brace-expansion 2.0.1
pkg:npm/brace-expansion@2.0.1

    ✗ LOW CVE-2025-5889 [Uncontrolled Resource Consumption]
      https://scout.docker.com/v/CVE-2025-5889?s=github&n=brace-expansion&t=npm&vr=%3E%3D2.0.0%2C%3C%3D2.0.1
      Affected range : >=2.0.0                                                              
                     : <=2.0.1                                                              
      Fixed version  : 2.0.2                                                                
      CVSS Score     : 1.3                                                                  
      CVSS Vector    : CVSS:4.0/AV:N/AC:H/AT:N/PR:L/UI:N/VC:N/VI:N/VA:L/SC:N/SI:N/SA:N/E:P  
    

   0C     0H     0M     1L  apt 3.0.3
pkg:deb/debian/apt@3.0.3?os_distro=trixie&os_name=debian&os_version=13

    ✗ LOW CVE-2011-3374
      https://scout.docker.com/v/CVE-2011-3374?s=debian&n=apt&ns=debian&t=deb&osn=debian&osv=13&vr=%3E%3D3.0.3
      Affected range : >=3.0.3    
      Fixed version  : not fixed  
    

   0C     0H     0M     1L  openssl 3.5.1-1
pkg:deb/debian/openssl@3.5.1-1?os_distro=trixie&os_name=debian&os_version=13

    ✗ LOW CVE-2010-0928
      https://scout.docker.com/v/CVE-2010-0928?s=debian&n=openssl&ns=debian&t=deb&osn=debian&osv=13&vr=%3E%3D3.2.1-3
      Affected range : >=3.2.1-3  
      Fixed version  : not fixed  
    

   0C     0H     0M     1L  shadow 1:4.17.4-2
pkg:deb/debian/shadow@1%3A4.17.4-2?os_distro=trixie&os_name=debian&os_version=13

    ✗ LOW CVE-2007-5686
      https://scout.docker.com/v/CVE-2007-5686?s=debian&n=shadow&ns=debian&t=deb&osn=debian&osv=13&vr=%3E%3D1%3A4.17.4-2
      Affected range : >=1:4.17.4-2  
      Fixed version  : not fixed     
    

   0C     0H     0M     1L  markdown 1.0.0
pkg:npm/markdown@1.0.0

    ✗ LOW GHSA-wx77-rp39-c6vg [Uncontrolled Resource Consumption]
      https://scout.docker.com/v/GHSA-wx77-rp39-c6vg?s=github&n=markdown&t=npm&vr=%3E%3D0.0.0
      Affected range : >=0.0.0    
      Fixed version  : not fixed  
    

   0C     0H     0M     1L  gnutls28 3.8.9-3
pkg:deb/debian/gnutls28@3.8.9-3?os_distro=trixie&os_name=debian&os_version=13

    ✗ LOW CVE-2011-3389
      https://scout.docker.com/v/CVE-2011-3389?s=debian&n=gnutls28&ns=debian&t=deb&osn=debian&osv=13&vr=%3E%3D3.8.9-3
      Affected range : >=3.8.9-3  
      Fixed version  : not fixed  
    

   0C     0H     0M     1L  glib2.0 2.84.3-1
pkg:deb/debian/glib2.0@2.84.3-1?os_distro=trixie&os_name=debian&os_version=13

    ✗ LOW CVE-2012-0039
      https://scout.docker.com/v/CVE-2012-0039?s=debian&n=glib2.0&ns=debian&t=deb&osn=debian&osv=13&vr=%3E%3D2.84.3-1
      Affected range : >=2.84.3-1  
      Fixed version  : not fixed   
    

   0C     0H     0M     1L  pixman 0.44.0-3
pkg:deb/debian/pixman@0.44.0-3?os_distro=trixie&os_name=debian&os_version=13

    ✗ LOW CVE-2023-37769
      https://scout.docker.com/v/CVE-2023-37769?s=debian&n=pixman&ns=debian&t=deb&osn=debian&osv=13&vr=%3E%3D0.44.0-3
      Affected range : >=0.44.0-3  
      Fixed version  : not fixed   
    

   0C     0H     0M     1L  sqlite3 3.46.1-7
pkg:deb/debian/sqlite3@3.46.1-7?os_distro=trixie&os_name=debian&os_version=13

    ✗ LOW CVE-2021-45346
      https://scout.docker.com/v/CVE-2021-45346?s=debian&n=sqlite3&ns=debian&t=deb&osn=debian&osv=13&vr=%3E%3D3.46.1-7
      Affected range : >=3.46.1-7  
      Fixed version  : not fixed   
    

   0C     0H     0M     1L  libpng1.6 1.6.48-1
pkg:deb/debian/libpng1.6@1.6.48-1?os_distro=trixie&os_name=debian&os_version=13

    ✗ LOW CVE-2021-4214
      https://scout.docker.com/v/CVE-2021-4214?s=debian&n=libpng1.6&ns=debian&t=deb&osn=debian&osv=13&vr=%3E%3D1.6.48-1
      Affected range : >=1.6.48-1  
      Fixed version  : not fixed   
    

   0C     0H     0M     1L  cairo 1.18.4-1
pkg:deb/debian/cairo@1.18.4-1?os_distro=trixie&os_name=debian&os_version=13

    ✗ LOW CVE-2018-18064
      https://scout.docker.com/v/CVE-2018-18064?s=debian&n=cairo&ns=debian&t=deb&osn=debian&osv=13&vr=%3E%3D1.18.4-1
      Affected range : >=1.18.4-1  
      Fixed version  : not fixed   
    

   0C     0H     0M     1L  cups 2.4.10-3
pkg:deb/debian/cups@2.4.10-3?os_distro=trixie&os_name=debian&os_version=13

    ✗ LOW CVE-2014-8166
      https://scout.docker.com/v/CVE-2014-8166?s=debian&n=cups&ns=debian&t=deb&osn=debian&osv=13&vr=%3E%3D2.4.10-3
      Affected range : >=2.4.10-3  
      Fixed version  : not fixed   
    

   0C     0H     0M     1L  gnupg2 2.4.7-21
pkg:deb/debian/gnupg2@2.4.7-21?os_distro=trixie&os_name=debian&os_version=13

    ✗ LOW CVE-2022-3219
      https://scout.docker.com/v/CVE-2022-3219?s=debian&n=gnupg2&ns=debian&t=deb&osn=debian&osv=13&vr=%3E%3D2.4.7-21
      Affected range : >=2.4.7-21  
      Fixed version  : not fixed   
    

   0C     0H     0M     1L  xdg-utils 1.2.1-2
pkg:deb/debian/xdg-utils@1.2.1-2?os_distro=trixie&os_name=debian&os_version=13

    ✗ LOW CVE-2025-52968
      https://scout.docker.com/v/CVE-2025-52968?s=debian&n=xdg-utils&ns=debian&t=deb&osn=debian&osv=13&vr=%3E%3D1.2.1-2
      Affected range : >=1.2.1-2  
      Fixed version  : not fixed  
    

   0C     0H     0M     1L  sudo 1.9.16p2-3
pkg:deb/debian/sudo@1.9.16p2-3?os_distro=trixie&os_name=debian&os_version=13

    ✗ LOW CVE-2005-1119
      https://scout.docker.com/v/CVE-2005-1119?s=debian&n=sudo&ns=debian&t=deb&osn=debian&osv=13&vr=%3E%3D1.9.16p2-3
      Affected range : >=1.9.16p2-3  
      Fixed version  : not fixed     
    

   0C     0H     0M     0L     1?  github.com/go-chi/chi 4.1.2+incompatible
pkg:golang/github.com/go-chi/chi@4.1.2%2Bincompatible

    ✗ UNSPECIFIED GHSA-vrw8-fxc6-2r93
      https://scout.docker.com/v/GHSA-vrw8-fxc6-2r93?s=golang&n=chi&ns=github.com%2Fgo-chi&t=golang&vr=%3E%3D0
      Affected range : >=0        
      Fixed version  : not fixed  
    


114 vulnerabilities found in 42 packages
  CRITICAL     3   
  HIGH         16  
  MEDIUM       6   
  LOW          86  
  UNSPECIFIED  3   

    ✓ SBOM of image already cached, 1229 packages indexed
    i Base image was auto-detected. To get more accurate recommendations, build images with max-mode provenance attestations.
      Review https://docs.docker.com/build/attestations/slsa-provenance/ for more information.
      Alternatively, use  docker scout recommendations --tag <base image tag>  to pass a specific base image tag.


  Target   │  dmg-vs-code-debian-slim:cf91ace487cd   
    digest │  0c1313c6e5c3                           

## Recommended fixes

  Base image is  debian:stable-20250811-slim 

  Name            │  stable-20250811-slim                                                      
  Digest          │  sha256:e07ca7ce52827806cf5c967a76d35b1f0a476649c5ea90dc941f24f81f9185a8   
  Vulnerabilities │    0C     0H     1M    20L                                                 
  Pushed          │ 2 weeks ago                                                                
  Size            │ 30 MB                                                                      
  Packages        │ 111                                                                        
  Flavor          │ debian                                                                     
  OS              │ 12                                                                         
  Slim            │ ✓                                                                          

                                                                                           
  │ The base image is also available under the supported tag(s) `stable-slim`. If you want 
  to                                                                                       
  │ display recommendations specifically for a different tag, please re-run the command    
  using                                                                                    
  │ the `--tag` flag.                                                                       



Refresh base image
  Rebuild the image using a newer base image version. Updating this may result in breaking changes.

  ✓ This image version is up to date.


Change base image
  The list displays new recommended tags in descending order, where the top results are rated as most suitable.


                    Tag                    │                  Details                   │   Pushed    │       Vulnerabilities        
───────────────────────────────────────────┼────────────────────────────────────────────┼─────────────┼──────────────────────────────
   stable-20250811                         │ Benefits:                                  │ 2 weeks ago │    0C     0H     1M    20L   
  Image has same number of vulnerabilities │ • Same OS detected                         │             │                              
  Also known as:                           │ • Image has same number of vulnerabilities │             │                              
  • stable                                 │ • Image contains equal number of packages  │             │                              
                                           │                                            │             │                              
                                           │ Image details:                             │             │                              
                                           │ • Size: 50 MB                              │             │                              
                                           │ • Flavor: debian                           │             │                              
                                           │ • OS: 12                                   │             │                              
                                           │                                            │             │                              
                                           │                                            │             │                              
                                           │                                            │             │                              
   testing-20250811-slim                   │ Benefits:                                  │ 2 weeks ago │    0C     0H     1M    20L   
  Major OS version update                  │ • Same OS detected                         │             │                              
  Also known as:                           │ • Image is smaller by 3 B                  │             │                              
  • testing-slim                           │ • Image has same number of vulnerabilities │             │                              
                                           │ • Major OS version update                  │             │                              
                                           │ • Image contains equal number of packages  │             │                              
                                           │ • Tag is using slim variant                │             │                              
                                           │                                            │             │                              
                                           │ Image details:                             │             │                              
                                           │ • Size: 30 MB                              │             │                              
                                           │ • Flavor: debian                           │             │                              
                                           │ • OS: 13                                   │             │                              
                                           │ • Slim: ✓                                  │             │                              
                                           │                                            │             │                              
                                           │                                            │             │                              
                                           │                                            │             │                              


Vulnerability summary for dmg-vs-code-debian-slim:cf91ace487cd:
=== Vulnerability Summary for dmg-vs-code-debian-slim:cf91ace487cd ===
Critical:     4
High:         17
Medium:       7
Low:          87
Unspecified:  4
Fixable:      114
============================================
Full CVE analysis saved to: logs/docker-scout-cves-cf91ace487cd_2.log
Recommendations saved to: logs/docker-scout-recommendations-cf91ace487cd_2.log
Stopping and removing previous container vscode-server-tunnel...
Using host port 8080 for container vscode-server-tunnel (host:8080 -> container:8080)
Launching VS Code Server container as vscode-server-tunnel...
docker run envs: 
a0ce7decdad846c323bcd36cdcb76a3d03efe98b8ccdc76a305557b9d1894b6f
[INFO] Docker run log saved to logs/docker-run-vscode-server-tunnel-cf91ace487cd_3.log
Copying local VS Code settings.json to container...
Test mode enabled - container vscode-server-tunnel started successfully.
Container is running on port 8080.
To view logs: docker logs vscode-server-tunnel
To stop: docker stop vscode-server-tunnel && docker rm vscode-server-tunnel
