[INFO] Verbose logging enabled. All output will be saved to logs/build-log-1756568323.log
Container image dmg-vs-code-debian-slim:4fcbff26643c not found. Building...
#0 building with "desktop-linux" instance using docker driver

#1 [internal] load build definition from Dockerfile
#1 transferring dockerfile: 3.80kB done
#1 DONE 0.0s

#2 [internal] load metadata for docker.io/library/debian:testing-slim
#2 DONE 0.0s

#3 [internal] load .dockerignore
#3 transferring context: 2B done
#3 DONE 0.0s

#4 [ 1/17] FROM docker.io/library/debian:testing-slim@sha256:12ce5b90ca703a11ebaae907649af9b000e616f49199a2115340e0cdf007e42a
#4 resolve docker.io/library/debian:testing-slim@sha256:12ce5b90ca703a11ebaae907649af9b000e616f49199a2115340e0cdf007e42a done
#4 DONE 0.0s

#5 [ 3/17] RUN useradd -ms /bin/bash devuser && echo "devuser ALL=(ALL) NOPASSWD:ALL" >> /etc/sudoers
#5 CACHED

#6 [ 6/17] RUN type -p curl >/dev/null || sudo apt install curl -y &&     curl -fsSL https://cli.github.com/packages/githubcli-archive-keyring.gpg | sudo dd of=/usr/share/keyrings/githubcli-archive-keyring.gpg &&     sudo chmod go+r /usr/share/keyrings/githubcli-archive-keyring.gpg &&     echo "deb [arch=$(dpkg --print-architecture) signed-by=/usr/share/keyrings/githubcli-archive-keyring.gpg] https://cli.github.com/packages stable main" | sudo tee /etc/apt/sources.list.d/github-cli.list > /dev/null &&     sudo apt update && sudo apt install -y --no-install-recommends gh &&     sudo apt-get clean && sudo rm -rf /var/lib/apt/lists/* /var/cache/apt/archives/*
#6 CACHED

#7 [ 5/17] RUN curl -fsSL https://packages.microsoft.com/keys/microsoft.asc | sudo gpg --batch --yes --dearmor -o /usr/share/keyrings/microsoft.gpg &&     echo "deb [arch=$(dpkg --print-architecture) signed-by=/usr/share/keyrings/microsoft.gpg] https://packages.microsoft.com/repos/code stable main" | sudo tee /etc/apt/sources.list.d/vscode.list > /dev/null &&     sudo apt-get update && sudo apt-get install -y --no-install-recommends code &&     sudo apt-get clean && sudo rm -rf /var/lib/apt/lists/* /var/cache/apt/archives/*
#7 CACHED

#8 [ 4/17] WORKDIR /home/devuser
#8 CACHED

#9 [ 2/17] RUN apt-get update &&     apt-get -y upgrade &&     apt-get install -y --no-install-recommends         curl wget sudo git openssh-client ca-certificates gpg bash coreutils &&     apt-get clean && rm -rf /var/lib/apt/lists/*
#9 CACHED

#10 [ 7/17] RUN curl -fsSL https://deb.nodesource.com/setup_22.x | sudo -E bash - &&     sudo apt-get install -y nodejs &&     sudo apt-get clean && sudo rm -rf /var/lib/apt/lists/* /var/cache/apt/archives/*
#10 CACHED

#11 [internal] load build context
#11 transferring context: 2.04MB 0.6s done
#11 DONE 0.6s

#12 [ 8/17] RUN npm install -g npm
#12 4.466 
#12 4.466 removed 9 packages, and changed 42 packages in 4s
#12 4.466 
#12 4.466 25 packages are looking for funding
#12 4.466   run `npm fund` for details
#12 DONE 4.5s

#13 [ 9/17] COPY --chown=devuser:devuser vscode-container-updater/ /home/devuser/vscode-container-updater/
#13 DONE 0.9s

#14 [10/17] WORKDIR /home/devuser/vscode-container-updater
#14 DONE 0.1s

#15 [11/17] RUN npm install && npm audit fix --force && npm run compile
#15 1.153 
#15 1.153 added 9 packages, and audited 463 packages in 1s
#15 1.153 
#15 1.153 126 packages are looking for funding
#15 1.153   run `npm fund` for details
#15 1.155 
#15 1.155 found 0 vulnerabilities
#15 1.213 npm warn using --force Recommended protections disabled.
#15 1.914 
#15 1.914 up to date, audited 463 packages in 718ms
#15 1.914 
#15 1.914 126 packages are looking for funding
#15 1.914   run `npm fund` for details
#15 1.915 
#15 1.915 found 0 vulnerabilities
#15 1.988 
#15 1.988 > vscode-container-updater@0.0.1 compile
#15 1.988 > tsc -p ./
#15 1.988 
#15 DONE 3.5s

#16 [12/17] RUN npm install @vscode/vsce && npx @vscode/vsce package --out vscode-container-updater-updated.vsix
#16 0.728 
#16 0.728 up to date, audited 463 packages in 582ms
#16 0.728 
#16 0.728 126 packages are looking for funding
#16 0.728   run `npm fund` for details
#16 0.729 
#16 0.729 found 0 vulnerabilities
#16 1.180 Executing prepublish script 'npm run vscode:prepublish'...
#16 1.246 
#16 1.246 > vscode-container-updater@0.0.1 vscode:prepublish
#16 1.246 > npm run compile
#16 1.246 
#16 1.311 
#16 1.311 > vscode-container-updater@0.0.1 compile
#16 1.311 > tsc -p ./
#16 1.311 
#16 3.932  INFO  Files included in the VSIX:
#16 3.932 vscode-container-updater-updated.vsix
#16 3.932 ├─ [Content_Types].xml 
#16 3.932 ├─ extension.vsixmanifest 
#16 3.932 └─ extension/
#16 3.932    ├─ LICENSE.txt [1.05 KB]
#16 3.932    ├─ package.json [2.31 KB]
#16 3.932    ├─ readme.md 
#16 3.932    └─ out/
#16 3.932       ├─ extension-clean.js [7.19 KB]
#16 3.932       ├─ extension-external-monitor.js [9.23 KB]
#16 3.932       └─ extension.js [6.41 KB]
#16 3.932 
#16 4.066  DONE  Packaged: vscode-container-updater-updated.vsix (8 files, 11.64 KB)
#16 DONE 4.1s

#17 [13/17] RUN code --install-extension /home/devuser/vscode-container-updater/vscode-container-updater-updated.vsix --force
#17 0.095 You are trying to start Visual Studio Code as a super user which isn't recommended. If this was intended, please add the argument `--no-sandbox` and specify an alternate user data directory using the `--user-data-dir` argument.
#17 ERROR: process "/bin/sh -c code --install-extension /home/devuser/vscode-container-updater/vscode-container-updater-updated.vsix --force" did not complete successfully: exit code: 1
------
 > [13/17] RUN code --install-extension /home/devuser/vscode-container-updater/vscode-container-updater-updated.vsix --force:
0.095 You are trying to start Visual Studio Code as a super user which isn't recommended. If this was intended, please add the argument `--no-sandbox` and specify an alternate user data directory using the `--user-data-dir` argument.
------
Dockerfile:59
--------------------
  57 |     # Switch to root to install the extension globally
  58 |     USER root
  59 | >>> RUN code --install-extension /home/devuser/vscode-container-updater/vscode-container-updater-updated.vsix --force
  60 |     
  61 |     # Switch back to devuser for runtime
--------------------
ERROR: failed to build: failed to solve: process "/bin/sh -c code --install-extension /home/devuser/vscode-container-updater/vscode-container-updater-updated.vsix --force" did not complete successfully: exit code: 1

View build details: docker-desktop://dashboard/build/desktop-linux/desktop-linux/uudf9pr7x2fxhn6h8yy5a8fpb
[INFO] Docker build log saved to logs/docker-build-4fcbff26643c.log
Running npm audit fix in a temp container (if npm is present)...
Unable to find image 'dmg-vs-code-debian-slim:4fcbff26643c' locally
docker: Error response from daemon: pull access denied for dmg-vs-code-debian-slim, repository does not exist or may require 'docker login'

Run 'docker run --help' for more information
[INFO] NPM audit log saved to logs/npm-audit-4fcbff26643c.log
Running apt-get update/upgrade in a temp container (if apt is present)...
Unable to find image 'dmg-vs-code-debian-slim:4fcbff26643c' locally
docker: Error response from daemon: pull access denied for dmg-vs-code-debian-slim, repository does not exist or may require 'docker login'

Run 'docker run --help' for more information
[INFO] Apt upgrade log saved to logs/apt-upgrade-4fcbff26643c.log
Running Docker Scout analysis for dmg-vs-code-debian-slim:4fcbff26643c...
    ...Pulling
    ✗ Pull failed
[31mERROR  [0m Status: failed to get image dmg-vs-code-debian-slim:4fcbff26643c: failed to pull image dmg-vs-code-debian-slim:4fcbff26643c: GET https://index.docker.io/v2/library/dmg-vs-code-debian-slim/manifests/4fcbff26643c: UNAUTHORIZED: authentication required; [map[Action:pull Class: Name:library/dmg-vs-code-debian-slim Type:repository]], Code: 1 
    ...Pulling
    ✗ Pull failed
[31mERROR  [0m Status: failed to get image dmg-vs-code-debian-slim:4fcbff26643c: failed to pull image dmg-vs-code-debian-slim:4fcbff26643c: GET https://index.docker.io/v2/library/dmg-vs-code-debian-slim/manifests/4fcbff26643c: UNAUTHORIZED: authentication required; [map[Action:pull Class: Name:library/dmg-vs-code-debian-slim Type:repository]], Code: 1 

Vulnerability summary for dmg-vs-code-debian-slim:4fcbff26643c:
=== Vulnerability Summary for dmg-vs-code-debian-slim:4fcbff26643c ===
Critical:     0
0
High:         0
0
Medium:       0
0
Low:          0
0
Unspecified:  0
0
Fixable:      0
0
============================================
Full CVE analysis saved to: logs/docker-scout-cves-4fcbff26643c.log
Recommendations saved to: logs/docker-scout-recommendations-4fcbff26643c.log
Stopping and removing previous container vscode-server-tunnel...
Using host port 8080 for container vscode-server-tunnel (host:8080 -> container:8080)
Launching VS Code Server container as vscode-server-tunnel...
docker run envs: 
Unable to find image 'dmg-vs-code-debian-slim:4fcbff26643c' locally
docker: Error response from daemon: pull access denied for dmg-vs-code-debian-slim, repository does not exist or may require 'docker login'

Run 'docker run --help' for more information
[INFO] Docker run log saved to logs/docker-run-vscode-server-tunnel-4fcbff26643c.log
Copying local VS Code settings.json to container...
Error response from daemon: No such container: vscode-server-tunnel
