[INFO] Verbose logging enabled. All output will be saved to logs/build-log-1756567984.log
Container image dmg-vs-code-debian-slim:5bd45ec137a4 not found. Building...
#0 building with "desktop-linux" instance using docker driver

#1 [internal] load build definition from Dockerfile
#1 transferring dockerfile: 3.49kB done
#1 DONE 0.0s

#2 [internal] load metadata for docker.io/library/debian:testing-slim
#2 DONE 0.0s

#3 [internal] load .dockerignore
#3 transferring context: 2B done
#3 DONE 0.0s

#4 [ 1/16] FROM docker.io/library/debian:testing-slim@sha256:12ce5b90ca703a11ebaae907649af9b000e616f49199a2115340e0cdf007e42a
#4 resolve docker.io/library/debian:testing-slim@sha256:12ce5b90ca703a11ebaae907649af9b000e616f49199a2115340e0cdf007e42a done
#4 DONE 0.0s

#5 [internal] load build context
#5 transferring context: 2.04MB 0.5s done
#5 DONE 0.6s

#6 [ 2/16] RUN apt-get update &&     apt-get -y upgrade &&     apt-get install -y --no-install-recommends         curl wget sudo git openssh-client ca-certificates gpg bash coreutils &&     apt-get clean && rm -rf /var/lib/apt/lists/*
#6 CACHED

#7 [ 3/16] RUN useradd -ms /bin/bash devuser && echo "devuser ALL=(ALL) NOPASSWD:ALL" >> /etc/sudoers
#7 CACHED

#8 [ 5/16] RUN curl -fsSL https://packages.microsoft.com/keys/microsoft.asc | sudo gpg --batch --yes --dearmor -o /usr/share/keyrings/microsoft.gpg &&     echo "deb [arch=$(dpkg --print-architecture) signed-by=/usr/share/keyrings/microsoft.gpg] https://packages.microsoft.com/repos/code stable main" | sudo tee /etc/apt/sources.list.d/vscode.list > /dev/null &&     sudo apt-get update && sudo apt-get install -y --no-install-recommends code &&     sudo apt-get clean && sudo rm -rf /var/lib/apt/lists/* /var/cache/apt/archives/*
#8 CACHED

#9 [ 6/16] RUN type -p curl >/dev/null || sudo apt install curl -y &&     curl -fsSL https://cli.github.com/packages/githubcli-archive-keyring.gpg | sudo dd of=/usr/share/keyrings/githubcli-archive-keyring.gpg &&     sudo chmod go+r /usr/share/keyrings/githubcli-archive-keyring.gpg &&     echo "deb [arch=$(dpkg --print-architecture) signed-by=/usr/share/keyrings/githubcli-archive-keyring.gpg] https://cli.github.com/packages stable main" | sudo tee /etc/apt/sources.list.d/github-cli.list > /dev/null &&     sudo apt update && sudo apt install -y --no-install-recommends gh &&     sudo apt-get clean && sudo rm -rf /var/lib/apt/lists/* /var/cache/apt/archives/*
#9 CACHED

#10 [ 8/16] COPY --chown=devuser:devuser vscode-container-updater/ /home/devuser/vscode-container-updater/
#10 CACHED

#11 [ 4/16] WORKDIR /home/devuser
#11 CACHED

#12 [ 7/16] RUN curl -fsSL https://deb.nodesource.com/setup_22.x | sudo -E bash - &&     sudo apt-get install -y nodejs &&     sudo apt-get clean && sudo rm -rf /var/lib/apt/lists/* /var/cache/apt/archives/*
#12 CACHED

#13 [ 9/16] WORKDIR /home/devuser/vscode-container-updater
#13 CACHED

#14 [10/16] RUN npm install && npm audit fix --force && npm run compile
#14 1.180 
#14 1.180 added 1 package, and audited 455 packages in 1s
#14 1.180 
#14 1.180 126 packages are looking for funding
#14 1.180   run `npm fund` for details
#14 1.181 
#14 1.181 found 0 vulnerabilities
#14 1.182 npm notice
#14 1.182 npm notice New major version of npm available! 10.9.3 -> 11.5.2
#14 1.182 npm notice Changelog: https://github.com/npm/cli/releases/tag/v11.5.2
#14 1.182 npm notice To update run: npm install -g npm@11.5.2
#14 1.182 npm notice
#14 1.245 npm warn using --force Recommended protections disabled.
#14 1.845 
#14 1.845 up to date, audited 455 packages in 617ms
#14 1.845 
#14 1.845 126 packages are looking for funding
#14 1.845   run `npm fund` for details
#14 1.846 
#14 1.846 found 0 vulnerabilities
#14 1.910 
#14 1.910 > vscode-container-updater@0.0.1 compile
#14 1.910 > tsc -p ./
#14 1.910 
#14 DONE 3.4s

#15 [11/16] RUN npm install @vscode/vsce && npx @vscode/vsce package --out vscode-container-updater-updated.vsix
#15 0.980 
#15 0.980 up to date, audited 455 packages in 869ms
#15 0.980 
#15 0.980 126 packages are looking for funding
#15 0.980   run `npm fund` for details
#15 0.981 
#15 0.981 found 0 vulnerabilities
#15 1.424 Executing prepublish script 'npm run vscode:prepublish'...
#15 1.490 
#15 1.490 > vscode-container-updater@0.0.1 vscode:prepublish
#15 1.490 > npm run compile
#15 1.490 
#15 1.555 
#15 1.555 > vscode-container-updater@0.0.1 compile
#15 1.555 > tsc -p ./
#15 1.555 
#15 4.099  INFO  Files included in the VSIX:
#15 4.099 vscode-container-updater-updated.vsix
#15 4.099 ├─ [Content_Types].xml 
#15 4.099 ├─ extension.vsixmanifest 
#15 4.099 └─ extension/
#15 4.099    ├─ LICENSE.txt [1.05 KB]
#15 4.099    ├─ package.json [2.31 KB]
#15 4.099    ├─ readme.md 
#15 4.099    └─ out/
#15 4.099       ├─ extension-clean.js [7.19 KB]
#15 4.099       ├─ extension-external-monitor.js [9.23 KB]
#15 4.099       └─ extension.js [6.41 KB]
#15 4.099 
#15 4.229  DONE  Packaged: vscode-container-updater-updated.vsix (8 files, 11.64 KB)
#15 DONE 4.3s

#16 [12/16] RUN code --install-extension vscode-container-updater-updated.vsix --force
#16 0.313 Installing extensions...
#16 0.422 Extension 'vscode-container-updater-updated.vsix' was successfully installed.
#16 DONE 0.4s

#17 [13/16] RUN rm -rf node_modules && npm cache clean --force
#17 2.174 npm warn using --force Recommended protections disabled.
#17 DONE 2.3s

#18 [14/16] WORKDIR /home/devuser
#18 DONE 0.0s

#19 [15/16] COPY --chown=devuser:devuser scripts/vscode-tunnel-entrypoint.sh /home/devuser/vscode-tunnel-entrypoint.sh
#19 DONE 0.0s

#20 [16/16] RUN chmod +x /home/devuser/vscode-tunnel-entrypoint.sh
#20 DONE 0.1s

#21 exporting to image
#21 exporting layers
#21 exporting layers 5.5s done
#21 exporting manifest sha256:d00eba7a5dada20a6c3e85d92c9d35e449ceb1cfe61fb63b9ba5c738751eaaa9 done
#21 exporting config sha256:7e866b51121c7126ef4f3142e3d7273c57a59ce81de04af6ecb2a013d0e223a1 done
#21 exporting attestation manifest sha256:558435cb519960aa130a9e6913a9676aac4df79a0ec81f37e36d498e77b6dd60 done
#21 exporting manifest list sha256:7ab15390a0eaba870dfcc8fbbf628715c483191837a0f0078303042d9c221e1a done
#21 naming to docker.io/library/dmg-vs-code-debian-slim:5bd45ec137a4 done
#21 unpacking to docker.io/library/dmg-vs-code-debian-slim:5bd45ec137a4
#21 unpacking to docker.io/library/dmg-vs-code-debian-slim:5bd45ec137a4 2.6s done
#21 DONE 8.2s

View build details: docker-desktop://dashboard/build/desktop-linux/desktop-linux/ce51j148mcekdtuw6isrf8rlk
[INFO] Docker build log saved to logs/docker-build-5bd45ec137a4.log
Running npm audit fix in a temp container (if npm is present)...
*
* Visual Studio Code Server
*
* By using the software, you agree to
* the Visual Studio Code Server License Terms (https://aka.ms/vscode-server-license) and
* the Microsoft Privacy Statement (https://privacy.microsoft.com/en-US/privacystatement).
*
[2025-08-30 15:33:27] info Using GitHub for authentication, run `code tunnel user login --provider <provider>` option to change this.
To grant access to the server, please log into https://github.com/login/device and use code 7B6D-C817
[2025-08-30 15:34:27] info Creating tunnel with the name: 37e728b8fbc3

Open this link in your browser https://vscode.dev/tunnel/37e728b8fbc3



^C[INFO] NPM audit log saved to logs/npm-audit-5bd45ec137a4.log
Running apt-get update/upgrade in a temp container (if apt is present)...
*
* Visual Studio Code Server
*
* By using the software, you agree to
* the Visual Studio Code Server License Terms (https://aka.ms/vscode-server-license) and
* the Microsoft Privacy Statement (https://privacy.microsoft.com/en-US/privacystatement).
*
[2025-08-30 15:36:08] info Using GitHub for authentication, run `code tunnel user login --provider <provider>` option to change this.
To grant access to the server, please log into https://github.com/login/device and use code 7DE9-022A
[2025-08-30 15:36:33] info Creating tunnel with the name: 1079787ab10f

Open this link in your browser https://vscode.dev/tunnel/1079787ab10f

