[INFO] Verbose logging enabled. All output will be saved to logs/build-log-1756565771.log
Container image dmg-vs-code-debian-slim:cf91ace487cd already exists.
Skipping security remediation steps (image already exists and analyzed).
Using existing Docker Scout analysis for dmg-vs-code-debian-slim:cf91ace487cd (use --force-analysis to re-run)...
CVEs log: logs/docker-scout-cves-cf91ace487cd.log
Recommendations log: logs/docker-scout-recommendations-cf91ace487cd.log

Vulnerability summary for dmg-vs-code-debian-slim:cf91ace487cd:
=== Vulnerability Summary for dmg-vs-code-debian-slim:cf91ace487cd ===
Critical:     4
High:         17
Medium:       7
Low:          87
Unspecified:  4
Fixable:      114
============================================
Full CVE analysis saved to: logs/docker-scout-cves-cf91ace487cd.log
Recommendations saved to: logs/docker-scout-recommendations-cf91ace487cd.log
Using host port 8080 for container vscode-server-tunnel (host:8080 -> container:8080)
Launching VS Code Server container as vscode-server-tunnel...
docker run envs: 
e3e48b89dc49cc5d8266e549612005333f9a6c068fb690fbaa6eea02393b3ce6
[INFO] Docker run log saved to logs/docker-run-vscode-server-tunnel-cf91ace487cd_2.log
Copying local VS Code settings.json to container...
Test mode enabled - container vscode-server-tunnel started successfully.
Container is running on port 8080.
To view logs: docker logs vscode-server-tunnel
To stop: docker stop vscode-server-tunnel && docker rm vscode-server-tunnel
