    ✓ SBOM of image already cached, 1127 packages indexed

    i Base image was auto-detected. To get more accurate recommendations, build images with max-mode provenance attestations.
      Review https://docs.docker.com/build/attestations/slsa-provenance/ for more information.
      Alternatively, use  docker scout recommendations --tag <base image tag>  to pass a specific base image tag.

  Target   │  dmg-vs-code-debian-slim:86825f8a1ece   
    digest │  6c44b9dce2d1                           

## Recommended fixes

  Base image is  debian:stable-20250811-slim 

  Name            │  stable-20250811-slim                                                      
  Digest          │  sha256:e07ca7ce52827806cf5c967a76d35b1f0a476649c5ea90dc941f24f81f9185a8   
  Vulnerabilities │    0C     0H     1M    20L                                                 
  Pushed          │ 3 weeks ago                                                                
  Size            │ 30 MB                                                                      
  Packages        │ 111                                                                        
  Flavor          │ debian                                                                     
  OS              │ 12                                                                         
  Slim            │ ✓                                                                          

                                                                                           
  │ The base image is also available under the supported tag(s) `stable-slim`. If you want 
  to                                                                                       
  │ display recommendations specifically for a different tag, please re-run the command    
  using                                                                                    
  │ the `--tag` flag.                                                                       



Refresh base image
  Rebuild the image using a newer base image version. Updating this may result in breaking changes.

  ✓ This image version is up to date.


Change base image
  The list displays new recommended tags in descending order, where the top results are rated as most suitable.


                    Tag                    │                  Details                   │   Pushed    │       Vulnerabilities        
───────────────────────────────────────────┼────────────────────────────────────────────┼─────────────┼──────────────────────────────
   stable-20250811                         │ Benefits:                                  │ 3 weeks ago │    0C     0H     1M    20L   
  Image has same number of vulnerabilities │ • Same OS detected                         │             │                              
  Also known as:                           │ • Image has same number of vulnerabilities │             │                              
  • stable                                 │ • Image contains equal number of packages  │             │                              
                                           │                                            │             │                              
                                           │ Image details:                             │             │                              
                                           │ • Size: 50 MB                              │             │                              
                                           │ • Flavor: debian                           │             │                              
                                           │ • OS: 12                                   │             │                              
                                           │                                            │             │                              
                                           │                                            │             │                              
                                           │                                            │             │                              
   testing-20250811-slim                   │ Benefits:                                  │ 3 weeks ago │    0C     0H     1M    20L   
  Major OS version update                  │ • Same OS detected                         │             │                              
  Also known as:                           │ • Image is smaller by 3 B                  │             │                              
  • testing-slim                           │ • Image has same number of vulnerabilities │             │                              
                                           │ • Major OS version update                  │             │                              
                                           │ • Image contains equal number of packages  │             │                              
                                           │ • Tag is using slim variant                │             │                              
                                           │                                            │             │                              
                                           │ Image details:                             │             │                              
                                           │ • Size: 30 MB                              │             │                              
                                           │ • Flavor: debian                           │             │                              
                                           │ • OS: 13                                   │             │                              
                                           │ • Slim: ✓                                  │             │                              
                                           │                                            │             │                              
                                           │                                            │             │                              
                                           │                                            │             │                              

