

  Target   │  dmg-vs-code-debian-slim:3799d96acd90   
    digest │  dab22a881160                           

## Recommended fixes

  Base image is  debian:testing-20250811-slim 

  Name            │  testing-20250811-slim                                                     
  Digest          │  sha256:2edf7c11de113deaa9aad1d34e940236a40babc444b7f18255a8812459fbbda3   
  Vulnerabilities │    0C     0H     1M    20L                                                 
  Pushed          │ 2 weeks ago                                                                
  Size            │ 30 MB                                                                      
  Packages        │ 111                                                                        
  Flavor          │ debian                                                                     
  OS              │ 13                                                                         
  Slim            │ ✓                                                                          

                                                                                                               
  │ The base image is also available under the supported tag(s) `testing-slim`. If you want to display          
  │ recommendations specifically for a different tag, please re-run the command using the `--tag` flag.         



Refresh base image
  Rebuild the image using a newer base image version. Updating this may result in breaking changes.

  ✓ This image version is up to date.


Change base image
  The list displays new recommended tags in descending order, where the top results are rated as most suitable.


           Tag           │                  Details                   │   Pushed    │       Vulnerabilities        
─────────────────────────┼────────────────────────────────────────────┼─────────────┼──────────────────────────────
   stable-20250811-slim  │ Benefits:                                  │ 2 weeks ago │    0C     0H     1M    20L   
  Tag is preferred tag   │ • Same OS detected                         │             │                              
  Also known as:         │ • Tag is preferred tag                     │             │                              
  • stable-slim          │ • Image has similar size                   │             │                              
                         │ • Image has same number of vulnerabilities │             │                              
                         │ • Image contains equal number of packages  │             │                              
                         │ • Tag is using slim variant                │             │                              
                         │                                            │             │                              
                         │ Image details:                             │             │                              
                         │ • Size: 30 MB                              │             │                              
                         │ • Flavor: debian                           │             │                              
                         │ • OS: 12                                   │             │                              
                         │ • Slim: ✓                                  │             │                              
                         │                                            │             │                              
                         │                                            │             │                              
                         │                                            │             │                              

