#0 building with "desktop-linux" instance using docker driver

#1 [internal] load build definition from Dockerfile
#1 transferring dockerfile: 3.81kB done
#1 DONE 0.0s

#2 [internal] load metadata for docker.io/library/debian:testing-slim
#2 DONE 0.0s

#3 [internal] load .dockerignore
#3 transferring context: 2B done
#3 DONE 0.0s

#4 [ 1/17] FROM docker.io/library/debian:testing-slim@sha256:12ce5b90ca703a11ebaae907649af9b000e616f49199a2115340e0cdf007e42a
#4 resolve docker.io/library/debian:testing-slim@sha256:12ce5b90ca703a11ebaae907649af9b000e616f49199a2115340e0cdf007e42a done
#4 DONE 0.0s

#5 [internal] load build context
#5 transferring context: 2.04MB 0.8s done
#5 DONE 0.8s

#6 [ 7/17] RUN curl -fsSL https://deb.nodesource.com/setup_22.x | sudo -E bash - &&     sudo apt-get install -y nodejs &&     sudo apt-get clean && sudo rm -rf /var/lib/apt/lists/* /var/cache/apt/archives/*
#6 CACHED

#7 [ 2/17] RUN apt-get update &&     apt-get -y upgrade &&     apt-get install -y --no-install-recommends         curl wget sudo git openssh-client ca-certificates gpg bash coreutils &&     apt-get clean && rm -rf /var/lib/apt/lists/*
#7 CACHED

#8 [ 5/17] RUN curl -fsSL https://packages.microsoft.com/keys/microsoft.asc | sudo gpg --batch --yes --dearmor -o /usr/share/keyrings/microsoft.gpg &&     echo "deb [arch=$(dpkg --print-architecture) signed-by=/usr/share/keyrings/microsoft.gpg] https://packages.microsoft.com/repos/code stable main" | sudo tee /etc/apt/sources.list.d/vscode.list > /dev/null &&     sudo apt-get update && sudo apt-get install -y --no-install-recommends code &&     sudo apt-get clean && sudo rm -rf /var/lib/apt/lists/* /var/cache/apt/archives/*
#8 CACHED

#9 [13/17] RUN mkdir -p /home/devuser/.vscode-server/extensions &&     code --install-extension vscode-container-updater-updated.vsix --force --user-data-dir /home/devuser/.vscode-server
#9 CACHED

#10 [ 3/17] RUN useradd -ms /bin/bash devuser && echo "devuser ALL=(ALL) NOPASSWD:ALL" >> /etc/sudoers
#10 CACHED

#11 [10/17] WORKDIR /home/devuser/vscode-container-updater
#11 CACHED

#12 [ 8/17] RUN npm install -g npm
#12 CACHED

#13 [16/17] COPY --chown=devuser:devuser scripts/vscode-tunnel-entrypoint.sh /home/devuser/vscode-tunnel-entrypoint.sh
#13 CACHED

#14 [ 9/17] COPY --chown=devuser:devuser vscode-container-updater/ /home/devuser/vscode-container-updater/
#14 CACHED

#15 [15/17] WORKDIR /home/devuser
#15 CACHED

#16 [ 4/17] WORKDIR /home/devuser
#16 CACHED

#17 [11/17] RUN npm install && npm audit fix --force && npm run compile
#17 CACHED

#18 [14/17] RUN rm -rf node_modules && npm cache clean --force
#18 CACHED

#19 [ 6/17] RUN type -p curl >/dev/null || sudo apt install curl -y &&     curl -fsSL https://cli.github.com/packages/githubcli-archive-keyring.gpg | sudo dd of=/usr/share/keyrings/githubcli-archive-keyring.gpg &&     sudo chmod go+r /usr/share/keyrings/githubcli-archive-keyring.gpg &&     echo "deb [arch=$(dpkg --print-architecture) signed-by=/usr/share/keyrings/githubcli-archive-keyring.gpg] https://cli.github.com/packages stable main" | sudo tee /etc/apt/sources.list.d/github-cli.list > /dev/null &&     sudo apt update && sudo apt install -y --no-install-recommends gh &&     sudo apt-get clean && sudo rm -rf /var/lib/apt/lists/* /var/cache/apt/archives/*
#19 CACHED

#20 [12/17] RUN npm install @vscode/vsce && npx @vscode/vsce package --out vscode-container-updater-updated.vsix
#20 CACHED

#21 [17/17] RUN chmod +x /home/devuser/vscode-tunnel-entrypoint.sh
#21 CACHED

#22 exporting to image
#22 exporting layers done
#22 exporting manifest sha256:872b40bc6406c651869ec470dd430ac60d13d502b8754e2fb6a0472ca25074b3 done
#22 exporting config sha256:398dd080f9f520556ea2156c99ae5a8be7034789bdacdf8b3ff4c72d72e7e003 done
#22 exporting attestation manifest sha256:d9a864bf8a0f23cceec61a256234e492bdffbb4557f204087da386aa8bb0c233
#22 exporting attestation manifest sha256:d9a864bf8a0f23cceec61a256234e492bdffbb4557f204087da386aa8bb0c233 done
#22 exporting manifest list sha256:dab22a88116050dcd50dd2519eb859b8b8a6876001f0ce87fce851ffb10ae66b done
#22 naming to docker.io/library/dmg-vs-code-debian-slim:3799d96acd90 done
#22 unpacking to docker.io/library/dmg-vs-code-debian-slim:3799d96acd90
#22 unpacking to docker.io/library/dmg-vs-code-debian-slim:3799d96acd90 6.2s done
#22 DONE 6.2s

View build details: docker-desktop://dashboard/build/desktop-linux/desktop-linux/i40wd9vm06u59fere43t3cvoq
