*
* Visual Studio Code Server
*
* By using the software, you agree to
* the Visual Studio Code Server License Terms (https://aka.ms/vscode-server-license) and
* the Microsoft Privacy Statement (https://privacy.microsoft.com/en-US/privacystatement).
*
[2025-08-30 15:41:54] info Using GitHub for authentication, run `code tunnel user login --provider <provider>` option to change this.
To grant access to the server, please log into https://github.com/login/device and use code 3F00-8218
[2025-08-30 15:48:07] info Creating tunnel with the name: b77ab3a1b506

Open this link in your browser https://vscode.dev/tunnel/b77ab3a1b506

[2025-08-30 15:48:19] info [tunnels::connections::relay_tunnel_host] Opened new client on channel 2
[2025-08-30 15:48:19] info [russh::server] wrote id
[2025-08-30 15:48:19] info [russh::server] read other id
[2025-08-30 15:48:19] info [russh::server] session is running
[2025-08-30 15:48:20] info [rpc.0] Checking /home/devuser/.vscode/cli/servers/Stable-6f17636121051a53c88d3e605c491d22af2ba755/log.txt and /home/devuser/.vscode/cli/servers/Stable-6f17636121051a53c88d3e605c491d22af2ba755/pid.txt for a running server...
[2025-08-30 15:48:20] info [rpc.0] Downloading Visual Studio Code server -> /tmp/.tmpVEqzwH/vscode-server-linux-arm64.tar.gz
[2025-08-30 15:48:23] info [rpc.0] Starting server...
[2025-08-30 15:48:23] info [rpc.0] Server started
^C