*
* Visual Studio Code Server
*
* By using the software, you agree to
* the Visual Studio Code Server License Terms (https://aka.ms/vscode-server-license) and
* the Microsoft Privacy Statement (https://privacy.microsoft.com/en-US/privacystatement).
*
[2025-08-30 15:16:28] info Using GitHub for authentication, run `code tunnel user login --provider <provider>` option to change this.
To grant access to the server, please log into https://github.com/login/device and use code 1583-8DAC
[2025-08-30 15:21:00] info Creating tunnel with the name: 5c78fdaa16fc

Open this link in your browser https://vscode.dev/tunnel/5c78fdaa16fc

[2025-08-30 15:21:44] info [tunnels::connections::relay_tunnel_host] Opened new client on channel 2
[2025-08-30 15:21:44] info [russh::server] wrote id
[2025-08-30 15:21:44] info [russh::server] read other id
[2025-08-30 15:21:44] info [russh::server] session is running
[2025-08-30 15:21:45] info [rpc.0] Checking /home/devuser/.vscode/cli/servers/Stable-6f17636121051a53c88d3e605c491d22af2ba755/log.txt and /home/devuser/.vscode/cli/servers/Stable-6f17636121051a53c88d3e605c491d22af2ba755/pid.txt for a running server...
[2025-08-30 15:21:45] info [rpc.0] Downloading Visual Studio Code server -> /tmp/.tmpGovnK9/vscode-server-linux-arm64.tar.gz
[2025-08-30 15:21:48] info [rpc.0] Starting server...
[2025-08-30 15:21:48] info [rpc.0] Server started
^C